2018-11-17 11:08:28 INFO  CoreFunctions:1232 - creating directory: 
2018-11-17 11:08:28 INFO  CoreFunctions:1240 - creating directory: 
2018-11-17 11:08:28 INFO  BusinessFunctions:93 - Method = Starting Browser chrome
2018-11-17 11:08:33 INFO  BusinessFunctions:93 - Method = Platform on which script is running : XP
2018-11-17 11:08:33 INFO  BusinessFunctions:93 - Method = Version of the chrome Browser is 70.0.3538.102
2018-11-17 11:08:33 INFO  BusinessFunctions:93 - Method = Browser cookies Successfully cleared
2018-11-17 11:08:33 INFO  BusinessFunctions:93 - Method = Browserchrome Successfully Invoked
2018-11-17 11:08:33 INFO  BusinessFunctions:93 - Method = Navigating to url https://www.idcqa.decorist.com/
2018-11-17 11:08:44 INFO  CoreFunctions:378 - error
org.openqa.selenium.NoSuchWindowException: no such window: target window already closed
from unknown error: web view not found
  (Session info: chrome=70.0.3538.102)
  (Driver info: chromedriver=2.41.578737 (49da6702b16031c40d63e5618de03a32ff6c197e),platform=Windows NT 10.0.17134 x86_64) (WARNING: The server did not provide any stacktrace information)
Command duration or timeout: 9 milliseconds
Build info: version: '3.4.0', revision: 'unknown', time: 'unknown'
System info: host: 'WL2781-0053151', ip: '172.17.9.234', os.name: 'Windows 10', os.arch: 'amd64', os.version: '10.0', java.version: '1.8.0_191'
Driver info: org.openqa.selenium.chrome.ChromeDriver
Capabilities [{mobileEmulationEnabled=false, hasTouchScreen=false, platform=XP, acceptSslCerts=false, goog:chromeOptions={debuggerAddress=localhost:50188}, acceptInsecureCerts=false, webStorageEnabled=true, browserName=chrome, takesScreenshot=true, javascriptEnabled=true, setWindowRect=true, unexpectedAlertBehaviour=, applicationCacheEnabled=false, rotatable=false, networkConnectionEnabled=false, chrome={chromedriverVersion=2.41.578737 (49da6702b16031c40d63e5618de03a32ff6c197e), userDataDir=C:\Users\Rahul\AppData\Local\Temp\scoped_dir19512_31002}, takesHeapSnapshot=true, pageLoadStrategy=normal, databaseEnabled=false, handlesAlerts=true, version=70.0.3538.102, browserConnectionEnabled=false, nativeEvents=true, locationContextEnabled=true, cssSelectorsEnabled=true}]
Session ID: d72b64ba9472388b3719297ca17f9ac0
	at sun.reflect.NativeConstructorAccessorImpl.newInstance0(Native Method)
	at sun.reflect.NativeConstructorAccessorImpl.newInstance(NativeConstructorAccessorImpl.java:62)
	at sun.reflect.DelegatingConstructorAccessorImpl.newInstance(DelegatingConstructorAccessorImpl.java:45)
	at java.lang.reflect.Constructor.newInstance(Constructor.java:423)
	at org.openqa.selenium.remote.ErrorHandler.createThrowable(ErrorHandler.java:215)
	at org.openqa.selenium.remote.ErrorHandler.throwIfResponseFailed(ErrorHandler.java:167)
	at org.openqa.selenium.remote.RemoteWebDriver.execute(RemoteWebDriver.java:671)
	at org.openqa.selenium.remote.RemoteWebDriver.executeScript(RemoteWebDriver.java:573)
	at com.org.core.CoreFunctions.checkBrowserReadyState(CoreFunctions.java:358)
	at com.org.core.CoreFunctions.waitForBrowsertoload(CoreFunctions.java:373)
	at com.org.core.CoreFunctions.setUrl(CoreFunctions.java:239)
	at com.org.core.CoreFunctions.openBrowser(CoreFunctions.java:1197)
	at sun.reflect.NativeMethodAccessorImpl.invoke0(Native Method)
	at sun.reflect.NativeMethodAccessorImpl.invoke(NativeMethodAccessorImpl.java:62)
	at sun.reflect.DelegatingMethodAccessorImpl.invoke(DelegatingMethodAccessorImpl.java:43)
	at java.lang.reflect.Method.invoke(Method.java:498)
	at org.testng.internal.MethodInvocationHelper.invokeMethod(MethodInvocationHelper.java:124)
	at org.testng.internal.MethodInvocationHelper.invokeMethodConsideringTimeout(MethodInvocationHelper.java:59)
	at org.testng.internal.Invoker.invokeConfigurationMethod(Invoker.java:455)
	at org.testng.internal.Invoker.invokeConfigurations(Invoker.java:222)
	at org.testng.internal.Invoker.invokeMethod(Invoker.java:520)
	at org.testng.internal.Invoker.invokeTestMethod(Invoker.java:716)
	at org.testng.internal.Invoker.invokeTestMethods(Invoker.java:988)
	at org.testng.internal.TestMethodWorker.invokeTestMethods(TestMethodWorker.java:125)
	at org.testng.internal.TestMethodWorker.run(TestMethodWorker.java:109)
	at org.testng.TestRunner.privateRun(TestRunner.java:648)
	at org.testng.TestRunner.run(TestRunner.java:505)
	at org.testng.SuiteRunner.runTest(SuiteRunner.java:455)
	at org.testng.SuiteRunner.runSequentially(SuiteRunner.java:450)
	at org.testng.SuiteRunner.privateRun(SuiteRunner.java:415)
	at org.testng.SuiteRunner.run(SuiteRunner.java:364)
	at org.testng.SuiteRunnerWorker.runSuite(SuiteRunnerWorker.java:52)
	at org.testng.SuiteRunnerWorker.run(SuiteRunnerWorker.java:84)
	at org.testng.TestNG.runSuitesSequentially(TestNG.java:1208)
	at org.testng.TestNG.runSuitesLocally(TestNG.java:1137)
	at org.testng.TestNG.runSuites(TestNG.java:1049)
	at org.testng.TestNG.run(TestNG.java:1017)
	at org.testng.remote.AbstractRemoteTestNG.run(AbstractRemoteTestNG.java:114)
	at org.testng.remote.RemoteTestNG.initAndRun(RemoteTestNG.java:251)
	at org.testng.remote.RemoteTestNG.main(RemoteTestNG.java:77)
2018-11-17 11:18:41 INFO  CoreFunctions:1234 - creating directory: 
2018-11-17 11:18:41 INFO  CoreFunctions:1242 - creating directory: 
2018-11-17 11:18:41 INFO  BusinessFunctions:93 - Method = Starting Browser chrome
2018-11-17 11:18:45 INFO  BusinessFunctions:93 - Method = Platform on which script is running : XP
2018-11-17 11:18:45 INFO  BusinessFunctions:93 - Method = Version of the chrome Browser is 70.0.3538.102
2018-11-17 11:18:45 INFO  BusinessFunctions:93 - Method = Browser cookies Successfully cleared
2018-11-17 11:18:45 INFO  BusinessFunctions:93 - Method = Browserchrome Successfully Invoked
2018-11-17 11:18:45 INFO  BusinessFunctions:93 - Method = Navigating to url https://www.idcqa.decorist.com/
2018-11-17 11:19:01 INFO  BusinessFunctions:93 - Method = Starting Browser chrome
2018-11-17 11:19:01 INFO  BusinessFunctions:93 - Method = Platform on which script is running : XPWIN10
2018-11-17 11:19:01 INFO  BusinessFunctions:93 - Method = Version of the chrome Browser is 70.0.3538.102
2018-11-17 11:19:01 INFO  BusinessFunctions:93 - Method = Browserchrome Successfully Invoked
2018-11-17 11:19:01 INFO  BusinessFunctions:82 - Test Step = Step1 :Launch Decorist URL
2018-11-17 11:19:01 INFO  BusinessFunctions:82 - Test Step = Step2 :Login to the Application as Designer
2018-11-17 11:19:01 INFO  CoreFunctions:256 - close
2018-11-17 11:19:01 INFO  BusinessFunctions:93 - Method = closeBrowser() = **Closing Browser*
2018-11-17 11:21:01 INFO  CoreFunctions:1235 - creating directory: 
2018-11-17 11:21:01 INFO  CoreFunctions:1243 - creating directory: 
2018-11-17 11:21:01 INFO  BusinessFunctions:93 - Method = Starting Browser chrome
2018-11-17 11:21:05 INFO  BusinessFunctions:93 - Method = Platform on which script is running : XP
2018-11-17 11:21:05 INFO  BusinessFunctions:93 - Method = Version of the chrome Browser is 70.0.3538.102
2018-11-17 11:21:05 INFO  BusinessFunctions:93 - Method = Browser cookies Successfully cleared
2018-11-17 11:21:05 INFO  BusinessFunctions:93 - Method = Browserchrome Successfully Invoked
2018-11-17 11:21:05 INFO  BusinessFunctions:93 - Method = Navigating to url https://www.idcqa.decorist.com/
2018-11-17 11:21:15 INFO  BusinessFunctions:93 - Method = Starting Browser chrome
2018-11-17 11:21:15 INFO  BusinessFunctions:93 - Method = Platform on which script is running : XPWIN10windows 10
2018-11-17 11:21:15 INFO  BusinessFunctions:93 - Method = Version of the chrome Browser is 70.0.3538.102
2018-11-17 11:21:15 INFO  BusinessFunctions:93 - Method = Browserchrome Successfully Invoked
2018-11-17 11:21:15 INFO  BusinessFunctions:82 - Test Step = Step1 :Launch Decorist URL
2018-11-17 11:21:15 INFO  BusinessFunctions:82 - Test Step = Step2 :Login to the Application as Designer
2018-11-17 11:21:15 INFO  CoreFunctions:257 - close
2018-11-17 11:21:15 INFO  BusinessFunctions:93 - Method = closeBrowser() = **Closing Browser*
2018-11-17 11:22:45 INFO  CoreFunctions:1236 - creating directory: 
2018-11-17 11:22:45 INFO  CoreFunctions:1244 - creating directory: 
2018-11-17 11:22:45 INFO  BusinessFunctions:93 - Method = Starting Browser chrome
2018-11-17 11:22:49 INFO  BusinessFunctions:93 - Method = Platform on which script is running : XP
2018-11-17 11:22:49 INFO  BusinessFunctions:93 - Method = Version of the chrome Browser is 70.0.3538.102
2018-11-17 11:22:49 INFO  BusinessFunctions:93 - Method = Browser cookies Successfully cleared
2018-11-17 11:22:49 INFO  BusinessFunctions:93 - Method = Browserchrome Successfully Invoked
2018-11-17 11:22:49 INFO  BusinessFunctions:93 - Method = Navigating to url https://www.idcqa.decorist.com/
2018-11-17 11:22:59 INFO  BusinessFunctions:93 - Method = Starting Browser chrome
2018-11-17 11:22:59 INFO  BusinessFunctions:93 - Method = Platform on which script is running : XPWIN10windows 10
2018-11-17 11:22:59 INFO  BusinessFunctions:93 - Method = Version of the chrome Browser is 70.0.3538.102
2018-11-17 11:22:59 INFO  BusinessFunctions:93 - Method = Browserchrome Successfully Invoked
2018-11-17 11:22:59 INFO  BusinessFunctions:82 - Test Step = Step1 :Launch Decorist URL
2018-11-17 11:22:59 INFO  BusinessFunctions:82 - Test Step = Step2 :Login to the Application as Designer
2018-11-17 11:22:59 INFO  CoreFunctions:258 - close
2018-11-17 11:22:59 INFO  BusinessFunctions:93 - Method = closeBrowser() = **Closing Browser*
2018-11-17 11:28:29 INFO  CoreFunctions:1236 - creating directory: 
2018-11-17 11:28:29 INFO  CoreFunctions:1244 - creating directory: 
2018-11-17 11:28:29 INFO  BusinessFunctions:93 - Method = Starting Browser chrome
2018-11-17 11:28:33 INFO  BusinessFunctions:93 - Method = Platform on which script is running : XP
2018-11-17 11:28:33 INFO  BusinessFunctions:93 - Method = Version of the chrome Browser is 70.0.3538.102
2018-11-17 11:28:33 INFO  BusinessFunctions:93 - Method = Browser cookies Successfully cleared
2018-11-17 11:28:33 INFO  BusinessFunctions:93 - Method = Browserchrome Successfully Invoked
2018-11-17 11:28:33 INFO  BusinessFunctions:93 - Method = Navigating to url https://www.idcqa.decorist.com/
2018-11-17 11:28:43 INFO  BusinessFunctions:93 - Method = Starting Browser chrome
2018-11-17 11:28:43 INFO  BusinessFunctions:93 - Method = Platform on which script is running : XPWindows 10
2018-11-17 11:28:43 INFO  BusinessFunctions:93 - Method = Version of the chrome Browser is 70.0.3538.102
2018-11-17 11:28:43 INFO  BusinessFunctions:93 - Method = Browserchrome Successfully Invoked
2018-11-17 11:28:43 INFO  BusinessFunctions:82 - Test Step = Step1 :Launch Decorist URL
2018-11-17 11:28:43 INFO  BusinessFunctions:82 - Test Step = Step2 :Login to the Application as Designer
2018-11-17 11:28:43 INFO  CoreFunctions:258 - close
2018-11-17 11:28:43 INFO  BusinessFunctions:93 - Method = closeBrowser() = **Closing Browser*
2018-11-17 13:49:11 INFO  CoreFunctions:1235 - creating directory: 
2018-11-17 13:49:11 INFO  CoreFunctions:1243 - creating directory: 
2018-11-17 13:49:11 INFO  BusinessFunctions:93 - Method = Starting Browser chrome
2018-11-17 13:49:15 INFO  BusinessFunctions:93 - Method = Platform on which script is running : XP
2018-11-17 13:49:15 INFO  BusinessFunctions:93 - Method = Version of the chrome Browser is 70.0.3538.102
2018-11-17 13:49:15 INFO  BusinessFunctions:93 - Method = Browser cookies Successfully cleared
2018-11-17 13:49:15 INFO  BusinessFunctions:93 - Method = Browserchrome Successfully Invoked
2018-11-17 13:49:15 INFO  BusinessFunctions:93 - Method = Navigating to url https://www.idcqa.decorist.com/
2018-11-17 13:49:25 INFO  BusinessFunctions:93 - Method = Starting Browser chrome
2018-11-17 13:49:25 INFO  BusinessFunctions:93 - Method = Platform on which script is running : Windows 10
2018-11-17 13:49:25 INFO  BusinessFunctions:93 - Method = Version of the chrome Browser is 70.0.3538.102
2018-11-17 13:49:25 INFO  BusinessFunctions:93 - Method = Browserchrome Successfully Invoked
2018-11-17 13:49:25 INFO  BusinessFunctions:82 - Test Step = Step1 :Launch Decorist URL
2018-11-17 13:49:25 INFO  BusinessFunctions:82 - Test Step = Step2 :Login to the Application as Designer
2018-11-17 13:49:25 INFO  CoreFunctions:339 - error
org.openqa.selenium.WebDriverException: unknown error: Cannot read property 'setAttribute' of null
  (Session info: chrome=70.0.3538.102)
  (Driver info: chromedriver=2.41.578737 (49da6702b16031c40d63e5618de03a32ff6c197e),platform=Windows NT 10.0.17134 x86_64) (WARNING: The server did not provide any stacktrace information)
Command duration or timeout: 11 milliseconds
Build info: version: '3.4.0', revision: 'unknown', time: 'unknown'
System info: host: 'WL2781-0053151', ip: '172.17.9.234', os.name: 'Windows 10', os.arch: 'amd64', os.version: '10.0', java.version: '1.8.0_191'
Driver info: org.openqa.selenium.chrome.ChromeDriver
Capabilities [{mobileEmulationEnabled=false, hasTouchScreen=false, platform=XP, acceptSslCerts=false, goog:chromeOptions={debuggerAddress=localhost:53338}, acceptInsecureCerts=false, webStorageEnabled=true, browserName=chrome, takesScreenshot=true, javascriptEnabled=true, setWindowRect=true, unexpectedAlertBehaviour=, applicationCacheEnabled=false, rotatable=false, networkConnectionEnabled=false, chrome={chromedriverVersion=2.41.578737 (49da6702b16031c40d63e5618de03a32ff6c197e), userDataDir=C:\Users\Rahul\AppData\Local\Temp\scoped_dir22612_16506}, takesHeapSnapshot=true, pageLoadStrategy=normal, databaseEnabled=false, handlesAlerts=true, version=70.0.3538.102, browserConnectionEnabled=false, nativeEvents=true, locationContextEnabled=true, cssSelectorsEnabled=true}]
Session ID: 44b4f5b0e4ee35ca5cbe14decb26e9d5
	at sun.reflect.NativeConstructorAccessorImpl.newInstance0(Native Method)
	at sun.reflect.NativeConstructorAccessorImpl.newInstance(NativeConstructorAccessorImpl.java:62)
	at sun.reflect.DelegatingConstructorAccessorImpl.newInstance(DelegatingConstructorAccessorImpl.java:45)
	at java.lang.reflect.Constructor.newInstance(Constructor.java:423)
	at org.openqa.selenium.remote.ErrorHandler.createThrowable(ErrorHandler.java:215)
	at org.openqa.selenium.remote.ErrorHandler.throwIfResponseFailed(ErrorHandler.java:167)
	at org.openqa.selenium.remote.RemoteWebDriver.execute(RemoteWebDriver.java:671)
	at org.openqa.selenium.remote.RemoteWebDriver.executeScript(RemoteWebDriver.java:573)
	at com.org.core.CoreFunctions.highlightObject(CoreFunctions.java:334)
	at com.org.core.CoreFunctions.click(CoreFunctions.java:394)
	at com.decorist.businessrules.BusinessFunctions.loginAsDesigner(BusinessFunctions.java:191)
	at com.decorist.designer.Designer_Login.nuRentalDigitalGmStoreGC(Designer_Login.java:19)
	at sun.reflect.NativeMethodAccessorImpl.invoke0(Native Method)
	at sun.reflect.NativeMethodAccessorImpl.invoke(NativeMethodAccessorImpl.java:62)
	at sun.reflect.DelegatingMethodAccessorImpl.invoke(DelegatingMethodAccessorImpl.java:43)
	at java.lang.reflect.Method.invoke(Method.java:498)
	at org.testng.internal.MethodInvocationHelper.invokeMethod(MethodInvocationHelper.java:124)
	at org.testng.internal.Invoker.invokeMethod(Invoker.java:580)
	at org.testng.internal.Invoker.invokeTestMethod(Invoker.java:716)
	at org.testng.internal.Invoker.invokeTestMethods(Invoker.java:988)
	at org.testng.internal.TestMethodWorker.invokeTestMethods(TestMethodWorker.java:125)
	at org.testng.internal.TestMethodWorker.run(TestMethodWorker.java:109)
	at org.testng.TestRunner.privateRun(TestRunner.java:648)
	at org.testng.TestRunner.run(TestRunner.java:505)
	at org.testng.SuiteRunner.runTest(SuiteRunner.java:455)
	at org.testng.SuiteRunner.runSequentially(SuiteRunner.java:450)
	at org.testng.SuiteRunner.privateRun(SuiteRunner.java:415)
	at org.testng.SuiteRunner.run(SuiteRunner.java:364)
	at org.testng.SuiteRunnerWorker.runSuite(SuiteRunnerWorker.java:52)
	at org.testng.SuiteRunnerWorker.run(SuiteRunnerWorker.java:84)
	at org.testng.TestNG.runSuitesSequentially(TestNG.java:1208)
	at org.testng.TestNG.runSuitesLocally(TestNG.java:1137)
	at org.testng.TestNG.runSuites(TestNG.java:1049)
	at org.testng.TestNG.run(TestNG.java:1017)
	at org.testng.remote.AbstractRemoteTestNG.run(AbstractRemoteTestNG.java:114)
	at org.testng.remote.RemoteTestNG.initAndRun(RemoteTestNG.java:251)
	at org.testng.remote.RemoteTestNG.main(RemoteTestNG.java:77)
2018-11-17 13:49:26 INFO  CoreFunctions:257 - close
2018-11-17 13:49:26 INFO  BusinessFunctions:93 - Method = closeBrowser() = **Closing Browser*
2018-11-17 13:52:58 INFO  CoreFunctions:1235 - creating directory: 
2018-11-17 13:52:58 INFO  BusinessFunctions:93 - Method = Starting Browser chrome
2018-11-17 13:53:02 INFO  BusinessFunctions:93 - Method = Platform on which script is running : XP
2018-11-17 13:53:02 INFO  BusinessFunctions:93 - Method = Version of the chrome Browser is 70.0.3538.102
2018-11-17 13:53:02 INFO  BusinessFunctions:93 - Method = Browser cookies Successfully cleared
2018-11-17 13:53:02 INFO  BusinessFunctions:93 - Method = Browserchrome Successfully Invoked
2018-11-17 13:53:02 INFO  BusinessFunctions:93 - Method = Navigating to url https://www.idcqa.decorist.com/
2018-11-17 13:53:11 INFO  BusinessFunctions:93 - Method = Starting Browser chrome
2018-11-17 13:53:11 INFO  BusinessFunctions:93 - Method = Platform on which script is running : Windows 10
2018-11-17 13:53:11 INFO  BusinessFunctions:93 - Method = Version of the chrome Browser is 70.0.3538.102
2018-11-17 13:53:11 INFO  BusinessFunctions:93 - Method = Browserchrome Successfully Invoked
2018-11-17 13:53:11 INFO  BusinessFunctions:82 - Test Step = Step1 :Launch Decorist URL
2018-11-17 13:53:11 INFO  BusinessFunctions:82 - Test Step = Step2 :Login to the Application as Designer
2018-11-17 13:53:11 INFO  BusinessFunctions:93 - Method = Verify Wait for Home Page Login Button element to be clickable
2018-11-17 13:53:11 INFO  CoreFunctions:886 - error
java.lang.NullPointerException
	at com.org.core.CoreFunctions.universalWait(CoreFunctions.java:883)
	at com.org.core.CoreFunctions.waitElementClickable(CoreFunctions.java:631)
	at com.decorist.businessrules.BusinessFunctions.loginAsDesigner(BusinessFunctions.java:191)
	at com.decorist.designer.Designer_Login.nuRentalDigitalGmStoreGC(Designer_Login.java:19)
	at sun.reflect.NativeMethodAccessorImpl.invoke0(Native Method)
	at sun.reflect.NativeMethodAccessorImpl.invoke(NativeMethodAccessorImpl.java:62)
	at sun.reflect.DelegatingMethodAccessorImpl.invoke(DelegatingMethodAccessorImpl.java:43)
	at java.lang.reflect.Method.invoke(Method.java:498)
	at org.testng.internal.MethodInvocationHelper.invokeMethod(MethodInvocationHelper.java:124)
	at org.testng.internal.Invoker.invokeMethod(Invoker.java:580)
	at org.testng.internal.Invoker.invokeTestMethod(Invoker.java:716)
	at org.testng.internal.Invoker.invokeTestMethods(Invoker.java:988)
	at org.testng.internal.TestMethodWorker.invokeTestMethods(TestMethodWorker.java:125)
	at org.testng.internal.TestMethodWorker.run(TestMethodWorker.java:109)
	at org.testng.TestRunner.privateRun(TestRunner.java:648)
	at org.testng.TestRunner.run(TestRunner.java:505)
	at org.testng.SuiteRunner.runTest(SuiteRunner.java:455)
	at org.testng.SuiteRunner.runSequentially(SuiteRunner.java:450)
	at org.testng.SuiteRunner.privateRun(SuiteRunner.java:415)
	at org.testng.SuiteRunner.run(SuiteRunner.java:364)
	at org.testng.SuiteRunnerWorker.runSuite(SuiteRunnerWorker.java:52)
	at org.testng.SuiteRunnerWorker.run(SuiteRunnerWorker.java:84)
	at org.testng.TestNG.runSuitesSequentially(TestNG.java:1208)
	at org.testng.TestNG.runSuitesLocally(TestNG.java:1137)
	at org.testng.TestNG.runSuites(TestNG.java:1049)
	at org.testng.TestNG.run(TestNG.java:1017)
	at org.testng.remote.AbstractRemoteTestNG.run(AbstractRemoteTestNG.java:114)
	at org.testng.remote.RemoteTestNG.initAndRun(RemoteTestNG.java:251)
	at org.testng.remote.RemoteTestNG.main(RemoteTestNG.java:77)
2018-11-17 13:53:12 INFO  CoreFunctions:886 - error
java.lang.NullPointerException
	at com.org.core.CoreFunctions.universalWait(CoreFunctions.java:883)
	at com.org.core.CoreFunctions.waitElementClickable(CoreFunctions.java:631)
	at com.decorist.businessrules.BusinessFunctions.loginAsDesigner(BusinessFunctions.java:191)
	at com.decorist.designer.Designer_Login.nuRentalDigitalGmStoreGC(Designer_Login.java:19)
	at sun.reflect.NativeMethodAccessorImpl.invoke0(Native Method)
	at sun.reflect.NativeMethodAccessorImpl.invoke(NativeMethodAccessorImpl.java:62)
	at sun.reflect.DelegatingMethodAccessorImpl.invoke(DelegatingMethodAccessorImpl.java:43)
	at java.lang.reflect.Method.invoke(Method.java:498)
	at org.testng.internal.MethodInvocationHelper.invokeMethod(MethodInvocationHelper.java:124)
	at org.testng.internal.Invoker.invokeMethod(Invoker.java:580)
	at org.testng.internal.Invoker.invokeTestMethod(Invoker.java:716)
	at org.testng.internal.Invoker.invokeTestMethods(Invoker.java:988)
	at org.testng.internal.TestMethodWorker.invokeTestMethods(TestMethodWorker.java:125)
	at org.testng.internal.TestMethodWorker.run(TestMethodWorker.java:109)
	at org.testng.TestRunner.privateRun(TestRunner.java:648)
	at org.testng.TestRunner.run(TestRunner.java:505)
	at org.testng.SuiteRunner.runTest(SuiteRunner.java:455)
	at org.testng.SuiteRunner.runSequentially(SuiteRunner.java:450)
	at org.testng.SuiteRunner.privateRun(SuiteRunner.java:415)
	at org.testng.SuiteRunner.run(SuiteRunner.java:364)
	at org.testng.SuiteRunnerWorker.runSuite(SuiteRunnerWorker.java:52)
	at org.testng.SuiteRunnerWorker.run(SuiteRunnerWorker.java:84)
	at org.testng.TestNG.runSuitesSequentially(TestNG.java:1208)
	at org.testng.TestNG.runSuitesLocally(TestNG.java:1137)
	at org.testng.TestNG.runSuites(TestNG.java:1049)
	at org.testng.TestNG.run(TestNG.java:1017)
	at org.testng.remote.AbstractRemoteTestNG.run(AbstractRemoteTestNG.java:114)
	at org.testng.remote.RemoteTestNG.initAndRun(RemoteTestNG.java:251)
	at org.testng.remote.RemoteTestNG.main(RemoteTestNG.java:77)
2018-11-17 13:53:13 INFO  CoreFunctions:886 - error
java.lang.NullPointerException
	at com.org.core.CoreFunctions.universalWait(CoreFunctions.java:883)
	at com.org.core.CoreFunctions.waitElementClickable(CoreFunctions.java:631)
	at com.decorist.businessrules.BusinessFunctions.loginAsDesigner(BusinessFunctions.java:191)
	at com.decorist.designer.Designer_Login.nuRentalDigitalGmStoreGC(Designer_Login.java:19)
	at sun.reflect.NativeMethodAccessorImpl.invoke0(Native Method)
	at sun.reflect.NativeMethodAccessorImpl.invoke(NativeMethodAccessorImpl.java:62)
	at sun.reflect.DelegatingMethodAccessorImpl.invoke(DelegatingMethodAccessorImpl.java:43)
	at java.lang.reflect.Method.invoke(Method.java:498)
	at org.testng.internal.MethodInvocationHelper.invokeMethod(MethodInvocationHelper.java:124)
	at org.testng.internal.Invoker.invokeMethod(Invoker.java:580)
	at org.testng.internal.Invoker.invokeTestMethod(Invoker.java:716)
	at org.testng.internal.Invoker.invokeTestMethods(Invoker.java:988)
	at org.testng.internal.TestMethodWorker.invokeTestMethods(TestMethodWorker.java:125)
	at org.testng.internal.TestMethodWorker.run(TestMethodWorker.java:109)
	at org.testng.TestRunner.privateRun(TestRunner.java:648)
	at org.testng.TestRunner.run(TestRunner.java:505)
	at org.testng.SuiteRunner.runTest(SuiteRunner.java:455)
	at org.testng.SuiteRunner.runSequentially(SuiteRunner.java:450)
	at org.testng.SuiteRunner.privateRun(SuiteRunner.java:415)
	at org.testng.SuiteRunner.run(SuiteRunner.java:364)
	at org.testng.SuiteRunnerWorker.runSuite(SuiteRunnerWorker.java:52)
	at org.testng.SuiteRunnerWorker.run(SuiteRunnerWorker.java:84)
	at org.testng.TestNG.runSuitesSequentially(TestNG.java:1208)
	at org.testng.TestNG.runSuitesLocally(TestNG.java:1137)
	at org.testng.TestNG.runSuites(TestNG.java:1049)
	at org.testng.TestNG.run(TestNG.java:1017)
	at org.testng.remote.AbstractRemoteTestNG.run(AbstractRemoteTestNG.java:114)
	at org.testng.remote.RemoteTestNG.initAndRun(RemoteTestNG.java:251)
	at org.testng.remote.RemoteTestNG.main(RemoteTestNG.java:77)
2018-11-17 13:53:14 INFO  CoreFunctions:886 - error
java.lang.NullPointerException
	at com.org.core.CoreFunctions.universalWait(CoreFunctions.java:883)
	at com.org.core.CoreFunctions.waitElementClickable(CoreFunctions.java:631)
	at com.decorist.businessrules.BusinessFunctions.loginAsDesigner(BusinessFunctions.java:191)
	at com.decorist.designer.Designer_Login.nuRentalDigitalGmStoreGC(Designer_Login.java:19)
	at sun.reflect.NativeMethodAccessorImpl.invoke0(Native Method)
	at sun.reflect.NativeMethodAccessorImpl.invoke(NativeMethodAccessorImpl.java:62)
	at sun.reflect.DelegatingMethodAccessorImpl.invoke(DelegatingMethodAccessorImpl.java:43)
	at java.lang.reflect.Method.invoke(Method.java:498)
	at org.testng.internal.MethodInvocationHelper.invokeMethod(MethodInvocationHelper.java:124)
	at org.testng.internal.Invoker.invokeMethod(Invoker.java:580)
	at org.testng.internal.Invoker.invokeTestMethod(Invoker.java:716)
	at org.testng.internal.Invoker.invokeTestMethods(Invoker.java:988)
	at org.testng.internal.TestMethodWorker.invokeTestMethods(TestMethodWorker.java:125)
	at org.testng.internal.TestMethodWorker.run(TestMethodWorker.java:109)
	at org.testng.TestRunner.privateRun(TestRunner.java:648)
	at org.testng.TestRunner.run(TestRunner.java:505)
	at org.testng.SuiteRunner.runTest(SuiteRunner.java:455)
	at org.testng.SuiteRunner.runSequentially(SuiteRunner.java:450)
	at org.testng.SuiteRunner.privateRun(SuiteRunner.java:415)
	at org.testng.SuiteRunner.run(SuiteRunner.java:364)
	at org.testng.SuiteRunnerWorker.runSuite(SuiteRunnerWorker.java:52)
	at org.testng.SuiteRunnerWorker.run(SuiteRunnerWorker.java:84)
	at org.testng.TestNG.runSuitesSequentially(TestNG.java:1208)
	at org.testng.TestNG.runSuitesLocally(TestNG.java:1137)
	at org.testng.TestNG.runSuites(TestNG.java:1049)
	at org.testng.TestNG.run(TestNG.java:1017)
	at org.testng.remote.AbstractRemoteTestNG.run(AbstractRemoteTestNG.java:114)
	at org.testng.remote.RemoteTestNG.initAndRun(RemoteTestNG.java:251)
	at org.testng.remote.RemoteTestNG.main(RemoteTestNG.java:77)
2018-11-17 13:53:15 INFO  CoreFunctions:886 - error
java.lang.NullPointerException
	at com.org.core.CoreFunctions.universalWait(CoreFunctions.java:883)
	at com.org.core.CoreFunctions.waitElementClickable(CoreFunctions.java:631)
	at com.decorist.businessrules.BusinessFunctions.loginAsDesigner(BusinessFunctions.java:191)
	at com.decorist.designer.Designer_Login.nuRentalDigitalGmStoreGC(Designer_Login.java:19)
	at sun.reflect.NativeMethodAccessorImpl.invoke0(Native Method)
	at sun.reflect.NativeMethodAccessorImpl.invoke(NativeMethodAccessorImpl.java:62)
	at sun.reflect.DelegatingMethodAccessorImpl.invoke(DelegatingMethodAccessorImpl.java:43)
	at java.lang.reflect.Method.invoke(Method.java:498)
	at org.testng.internal.MethodInvocationHelper.invokeMethod(MethodInvocationHelper.java:124)
	at org.testng.internal.Invoker.invokeMethod(Invoker.java:580)
	at org.testng.internal.Invoker.invokeTestMethod(Invoker.java:716)
	at org.testng.internal.Invoker.invokeTestMethods(Invoker.java:988)
	at org.testng.internal.TestMethodWorker.invokeTestMethods(TestMethodWorker.java:125)
	at org.testng.internal.TestMethodWorker.run(TestMethodWorker.java:109)
	at org.testng.TestRunner.privateRun(TestRunner.java:648)
	at org.testng.TestRunner.run(TestRunner.java:505)
	at org.testng.SuiteRunner.runTest(SuiteRunner.java:455)
	at org.testng.SuiteRunner.runSequentially(SuiteRunner.java:450)
	at org.testng.SuiteRunner.privateRun(SuiteRunner.java:415)
	at org.testng.SuiteRunner.run(SuiteRunner.java:364)
	at org.testng.SuiteRunnerWorker.runSuite(SuiteRunnerWorker.java:52)
	at org.testng.SuiteRunnerWorker.run(SuiteRunnerWorker.java:84)
	at org.testng.TestNG.runSuitesSequentially(TestNG.java:1208)
	at org.testng.TestNG.runSuitesLocally(TestNG.java:1137)
	at org.testng.TestNG.runSuites(TestNG.java:1049)
	at org.testng.TestNG.run(TestNG.java:1017)
	at org.testng.remote.AbstractRemoteTestNG.run(AbstractRemoteTestNG.java:114)
	at org.testng.remote.RemoteTestNG.initAndRun(RemoteTestNG.java:251)
	at org.testng.remote.RemoteTestNG.main(RemoteTestNG.java:77)
2018-11-17 13:53:16 INFO  CoreFunctions:886 - error
java.lang.NullPointerException
	at com.org.core.CoreFunctions.universalWait(CoreFunctions.java:883)
	at com.org.core.CoreFunctions.waitElementClickable(CoreFunctions.java:631)
	at com.decorist.businessrules.BusinessFunctions.loginAsDesigner(BusinessFunctions.java:191)
	at com.decorist.designer.Designer_Login.nuRentalDigitalGmStoreGC(Designer_Login.java:19)
	at sun.reflect.NativeMethodAccessorImpl.invoke0(Native Method)
	at sun.reflect.NativeMethodAccessorImpl.invoke(NativeMethodAccessorImpl.java:62)
	at sun.reflect.DelegatingMethodAccessorImpl.invoke(DelegatingMethodAccessorImpl.java:43)
	at java.lang.reflect.Method.invoke(Method.java:498)
	at org.testng.internal.MethodInvocationHelper.invokeMethod(MethodInvocationHelper.java:124)
	at org.testng.internal.Invoker.invokeMethod(Invoker.java:580)
	at org.testng.internal.Invoker.invokeTestMethod(Invoker.java:716)
	at org.testng.internal.Invoker.invokeTestMethods(Invoker.java:988)
	at org.testng.internal.TestMethodWorker.invokeTestMethods(TestMethodWorker.java:125)
	at org.testng.internal.TestMethodWorker.run(TestMethodWorker.java:109)
	at org.testng.TestRunner.privateRun(TestRunner.java:648)
	at org.testng.TestRunner.run(TestRunner.java:505)
	at org.testng.SuiteRunner.runTest(SuiteRunner.java:455)
	at org.testng.SuiteRunner.runSequentially(SuiteRunner.java:450)
	at org.testng.SuiteRunner.privateRun(SuiteRunner.java:415)
	at org.testng.SuiteRunner.run(SuiteRunner.java:364)
	at org.testng.SuiteRunnerWorker.runSuite(SuiteRunnerWorker.java:52)
	at org.testng.SuiteRunnerWorker.run(SuiteRunnerWorker.java:84)
	at org.testng.TestNG.runSuitesSequentially(TestNG.java:1208)
	at org.testng.TestNG.runSuitesLocally(TestNG.java:1137)
	at org.testng.TestNG.runSuites(TestNG.java:1049)
	at org.testng.TestNG.run(TestNG.java:1017)
	at org.testng.remote.AbstractRemoteTestNG.run(AbstractRemoteTestNG.java:114)
	at org.testng.remote.RemoteTestNG.initAndRun(RemoteTestNG.java:251)
	at org.testng.remote.RemoteTestNG.main(RemoteTestNG.java:77)
2018-11-17 13:53:17 INFO  CoreFunctions:886 - error
java.lang.NullPointerException
	at com.org.core.CoreFunctions.universalWait(CoreFunctions.java:883)
	at com.org.core.CoreFunctions.waitElementClickable(CoreFunctions.java:631)
	at com.decorist.businessrules.BusinessFunctions.loginAsDesigner(BusinessFunctions.java:191)
	at com.decorist.designer.Designer_Login.nuRentalDigitalGmStoreGC(Designer_Login.java:19)
	at sun.reflect.NativeMethodAccessorImpl.invoke0(Native Method)
	at sun.reflect.NativeMethodAccessorImpl.invoke(NativeMethodAccessorImpl.java:62)
	at sun.reflect.DelegatingMethodAccessorImpl.invoke(DelegatingMethodAccessorImpl.java:43)
	at java.lang.reflect.Method.invoke(Method.java:498)
	at org.testng.internal.MethodInvocationHelper.invokeMethod(MethodInvocationHelper.java:124)
	at org.testng.internal.Invoker.invokeMethod(Invoker.java:580)
	at org.testng.internal.Invoker.invokeTestMethod(Invoker.java:716)
	at org.testng.internal.Invoker.invokeTestMethods(Invoker.java:988)
	at org.testng.internal.TestMethodWorker.invokeTestMethods(TestMethodWorker.java:125)
	at org.testng.internal.TestMethodWorker.run(TestMethodWorker.java:109)
	at org.testng.TestRunner.privateRun(TestRunner.java:648)
	at org.testng.TestRunner.run(TestRunner.java:505)
	at org.testng.SuiteRunner.runTest(SuiteRunner.java:455)
	at org.testng.SuiteRunner.runSequentially(SuiteRunner.java:450)
	at org.testng.SuiteRunner.privateRun(SuiteRunner.java:415)
	at org.testng.SuiteRunner.run(SuiteRunner.java:364)
	at org.testng.SuiteRunnerWorker.runSuite(SuiteRunnerWorker.java:52)
	at org.testng.SuiteRunnerWorker.run(SuiteRunnerWorker.java:84)
	at org.testng.TestNG.runSuitesSequentially(TestNG.java:1208)
	at org.testng.TestNG.runSuitesLocally(TestNG.java:1137)
	at org.testng.TestNG.runSuites(TestNG.java:1049)
	at org.testng.TestNG.run(TestNG.java:1017)
	at org.testng.remote.AbstractRemoteTestNG.run(AbstractRemoteTestNG.java:114)
	at org.testng.remote.RemoteTestNG.initAndRun(RemoteTestNG.java:251)
	at org.testng.remote.RemoteTestNG.main(RemoteTestNG.java:77)
2018-11-17 13:53:18 INFO  CoreFunctions:886 - error
java.lang.NullPointerException
	at com.org.core.CoreFunctions.universalWait(CoreFunctions.java:883)
	at com.org.core.CoreFunctions.waitElementClickable(CoreFunctions.java:631)
	at com.decorist.businessrules.BusinessFunctions.loginAsDesigner(BusinessFunctions.java:191)
	at com.decorist.designer.Designer_Login.nuRentalDigitalGmStoreGC(Designer_Login.java:19)
	at sun.reflect.NativeMethodAccessorImpl.invoke0(Native Method)
	at sun.reflect.NativeMethodAccessorImpl.invoke(NativeMethodAccessorImpl.java:62)
	at sun.reflect.DelegatingMethodAccessorImpl.invoke(DelegatingMethodAccessorImpl.java:43)
	at java.lang.reflect.Method.invoke(Method.java:498)
	at org.testng.internal.MethodInvocationHelper.invokeMethod(MethodInvocationHelper.java:124)
	at org.testng.internal.Invoker.invokeMethod(Invoker.java:580)
	at org.testng.internal.Invoker.invokeTestMethod(Invoker.java:716)
	at org.testng.internal.Invoker.invokeTestMethods(Invoker.java:988)
	at org.testng.internal.TestMethodWorker.invokeTestMethods(TestMethodWorker.java:125)
	at org.testng.internal.TestMethodWorker.run(TestMethodWorker.java:109)
	at org.testng.TestRunner.privateRun(TestRunner.java:648)
	at org.testng.TestRunner.run(TestRunner.java:505)
	at org.testng.SuiteRunner.runTest(SuiteRunner.java:455)
	at org.testng.SuiteRunner.runSequentially(SuiteRunner.java:450)
	at org.testng.SuiteRunner.privateRun(SuiteRunner.java:415)
	at org.testng.SuiteRunner.run(SuiteRunner.java:364)
	at org.testng.SuiteRunnerWorker.runSuite(SuiteRunnerWorker.java:52)
	at org.testng.SuiteRunnerWorker.run(SuiteRunnerWorker.java:84)
	at org.testng.TestNG.runSuitesSequentially(TestNG.java:1208)
	at org.testng.TestNG.runSuitesLocally(TestNG.java:1137)
	at org.testng.TestNG.runSuites(TestNG.java:1049)
	at org.testng.TestNG.run(TestNG.java:1017)
	at org.testng.remote.AbstractRemoteTestNG.run(AbstractRemoteTestNG.java:114)
	at org.testng.remote.RemoteTestNG.initAndRun(RemoteTestNG.java:251)
	at org.testng.remote.RemoteTestNG.main(RemoteTestNG.java:77)
2018-11-17 13:53:19 INFO  CoreFunctions:886 - error
java.lang.NullPointerException
	at com.org.core.CoreFunctions.universalWait(CoreFunctions.java:883)
	at com.org.core.CoreFunctions.waitElementClickable(CoreFunctions.java:631)
	at com.decorist.businessrules.BusinessFunctions.loginAsDesigner(BusinessFunctions.java:191)
	at com.decorist.designer.Designer_Login.nuRentalDigitalGmStoreGC(Designer_Login.java:19)
	at sun.reflect.NativeMethodAccessorImpl.invoke0(Native Method)
	at sun.reflect.NativeMethodAccessorImpl.invoke(NativeMethodAccessorImpl.java:62)
	at sun.reflect.DelegatingMethodAccessorImpl.invoke(DelegatingMethodAccessorImpl.java:43)
	at java.lang.reflect.Method.invoke(Method.java:498)
	at org.testng.internal.MethodInvocationHelper.invokeMethod(MethodInvocationHelper.java:124)
	at org.testng.internal.Invoker.invokeMethod(Invoker.java:580)
	at org.testng.internal.Invoker.invokeTestMethod(Invoker.java:716)
	at org.testng.internal.Invoker.invokeTestMethods(Invoker.java:988)
	at org.testng.internal.TestMethodWorker.invokeTestMethods(TestMethodWorker.java:125)
	at org.testng.internal.TestMethodWorker.run(TestMethodWorker.java:109)
	at org.testng.TestRunner.privateRun(TestRunner.java:648)
	at org.testng.TestRunner.run(TestRunner.java:505)
	at org.testng.SuiteRunner.runTest(SuiteRunner.java:455)
	at org.testng.SuiteRunner.runSequentially(SuiteRunner.java:450)
	at org.testng.SuiteRunner.privateRun(SuiteRunner.java:415)
	at org.testng.SuiteRunner.run(SuiteRunner.java:364)
	at org.testng.SuiteRunnerWorker.runSuite(SuiteRunnerWorker.java:52)
	at org.testng.SuiteRunnerWorker.run(SuiteRunnerWorker.java:84)
	at org.testng.TestNG.runSuitesSequentially(TestNG.java:1208)
	at org.testng.TestNG.runSuitesLocally(TestNG.java:1137)
	at org.testng.TestNG.runSuites(TestNG.java:1049)
	at org.testng.TestNG.run(TestNG.java:1017)
	at org.testng.remote.AbstractRemoteTestNG.run(AbstractRemoteTestNG.java:114)
	at org.testng.remote.RemoteTestNG.initAndRun(RemoteTestNG.java:251)
	at org.testng.remote.RemoteTestNG.main(RemoteTestNG.java:77)
2018-11-17 13:53:20 INFO  CoreFunctions:886 - error
java.lang.NullPointerException
	at com.org.core.CoreFunctions.universalWait(CoreFunctions.java:883)
	at com.org.core.CoreFunctions.waitElementClickable(CoreFunctions.java:631)
	at com.decorist.businessrules.BusinessFunctions.loginAsDesigner(BusinessFunctions.java:191)
	at com.decorist.designer.Designer_Login.nuRentalDigitalGmStoreGC(Designer_Login.java:19)
	at sun.reflect.NativeMethodAccessorImpl.invoke0(Native Method)
	at sun.reflect.NativeMethodAccessorImpl.invoke(NativeMethodAccessorImpl.java:62)
	at sun.reflect.DelegatingMethodAccessorImpl.invoke(DelegatingMethodAccessorImpl.java:43)
	at java.lang.reflect.Method.invoke(Method.java:498)
	at org.testng.internal.MethodInvocationHelper.invokeMethod(MethodInvocationHelper.java:124)
	at org.testng.internal.Invoker.invokeMethod(Invoker.java:580)
	at org.testng.internal.Invoker.invokeTestMethod(Invoker.java:716)
	at org.testng.internal.Invoker.invokeTestMethods(Invoker.java:988)
	at org.testng.internal.TestMethodWorker.invokeTestMethods(TestMethodWorker.java:125)
	at org.testng.internal.TestMethodWorker.run(TestMethodWorker.java:109)
	at org.testng.TestRunner.privateRun(TestRunner.java:648)
	at org.testng.TestRunner.run(TestRunner.java:505)
	at org.testng.SuiteRunner.runTest(SuiteRunner.java:455)
	at org.testng.SuiteRunner.runSequentially(SuiteRunner.java:450)
	at org.testng.SuiteRunner.privateRun(SuiteRunner.java:415)
	at org.testng.SuiteRunner.run(SuiteRunner.java:364)
	at org.testng.SuiteRunnerWorker.runSuite(SuiteRunnerWorker.java:52)
	at org.testng.SuiteRunnerWorker.run(SuiteRunnerWorker.java:84)
	at org.testng.TestNG.runSuitesSequentially(TestNG.java:1208)
	at org.testng.TestNG.runSuitesLocally(TestNG.java:1137)
	at org.testng.TestNG.runSuites(TestNG.java:1049)
	at org.testng.TestNG.run(TestNG.java:1017)
	at org.testng.remote.AbstractRemoteTestNG.run(AbstractRemoteTestNG.java:114)
	at org.testng.remote.RemoteTestNG.initAndRun(RemoteTestNG.java:251)
	at org.testng.remote.RemoteTestNG.main(RemoteTestNG.java:77)
2018-11-17 13:53:21 INFO  CoreFunctions:886 - error
java.lang.NullPointerException
	at com.org.core.CoreFunctions.universalWait(CoreFunctions.java:883)
	at com.org.core.CoreFunctions.waitElementClickable(CoreFunctions.java:631)
	at com.decorist.businessrules.BusinessFunctions.loginAsDesigner(BusinessFunctions.java:191)
	at com.decorist.designer.Designer_Login.nuRentalDigitalGmStoreGC(Designer_Login.java:19)
	at sun.reflect.NativeMethodAccessorImpl.invoke0(Native Method)
	at sun.reflect.NativeMethodAccessorImpl.invoke(NativeMethodAccessorImpl.java:62)
	at sun.reflect.DelegatingMethodAccessorImpl.invoke(DelegatingMethodAccessorImpl.java:43)
	at java.lang.reflect.Method.invoke(Method.java:498)
	at org.testng.internal.MethodInvocationHelper.invokeMethod(MethodInvocationHelper.java:124)
	at org.testng.internal.Invoker.invokeMethod(Invoker.java:580)
	at org.testng.internal.Invoker.invokeTestMethod(Invoker.java:716)
	at org.testng.internal.Invoker.invokeTestMethods(Invoker.java:988)
	at org.testng.internal.TestMethodWorker.invokeTestMethods(TestMethodWorker.java:125)
	at org.testng.internal.TestMethodWorker.run(TestMethodWorker.java:109)
	at org.testng.TestRunner.privateRun(TestRunner.java:648)
	at org.testng.TestRunner.run(TestRunner.java:505)
	at org.testng.SuiteRunner.runTest(SuiteRunner.java:455)
	at org.testng.SuiteRunner.runSequentially(SuiteRunner.java:450)
	at org.testng.SuiteRunner.privateRun(SuiteRunner.java:415)
	at org.testng.SuiteRunner.run(SuiteRunner.java:364)
	at org.testng.SuiteRunnerWorker.runSuite(SuiteRunnerWorker.java:52)
	at org.testng.SuiteRunnerWorker.run(SuiteRunnerWorker.java:84)
	at org.testng.TestNG.runSuitesSequentially(TestNG.java:1208)
	at org.testng.TestNG.runSuitesLocally(TestNG.java:1137)
	at org.testng.TestNG.runSuites(TestNG.java:1049)
	at org.testng.TestNG.run(TestNG.java:1017)
	at org.testng.remote.AbstractRemoteTestNG.run(AbstractRemoteTestNG.java:114)
	at org.testng.remote.RemoteTestNG.initAndRun(RemoteTestNG.java:251)
	at org.testng.remote.RemoteTestNG.main(RemoteTestNG.java:77)
2018-11-17 13:53:22 INFO  CoreFunctions:886 - error
java.lang.NullPointerException
	at com.org.core.CoreFunctions.universalWait(CoreFunctions.java:883)
	at com.org.core.CoreFunctions.waitElementClickable(CoreFunctions.java:631)
	at com.decorist.businessrules.BusinessFunctions.loginAsDesigner(BusinessFunctions.java:191)
	at com.decorist.designer.Designer_Login.nuRentalDigitalGmStoreGC(Designer_Login.java:19)
	at sun.reflect.NativeMethodAccessorImpl.invoke0(Native Method)
	at sun.reflect.NativeMethodAccessorImpl.invoke(NativeMethodAccessorImpl.java:62)
	at sun.reflect.DelegatingMethodAccessorImpl.invoke(DelegatingMethodAccessorImpl.java:43)
	at java.lang.reflect.Method.invoke(Method.java:498)
	at org.testng.internal.MethodInvocationHelper.invokeMethod(MethodInvocationHelper.java:124)
	at org.testng.internal.Invoker.invokeMethod(Invoker.java:580)
	at org.testng.internal.Invoker.invokeTestMethod(Invoker.java:716)
	at org.testng.internal.Invoker.invokeTestMethods(Invoker.java:988)
	at org.testng.internal.TestMethodWorker.invokeTestMethods(TestMethodWorker.java:125)
	at org.testng.internal.TestMethodWorker.run(TestMethodWorker.java:109)
	at org.testng.TestRunner.privateRun(TestRunner.java:648)
	at org.testng.TestRunner.run(TestRunner.java:505)
	at org.testng.SuiteRunner.runTest(SuiteRunner.java:455)
	at org.testng.SuiteRunner.runSequentially(SuiteRunner.java:450)
	at org.testng.SuiteRunner.privateRun(SuiteRunner.java:415)
	at org.testng.SuiteRunner.run(SuiteRunner.java:364)
	at org.testng.SuiteRunnerWorker.runSuite(SuiteRunnerWorker.java:52)
	at org.testng.SuiteRunnerWorker.run(SuiteRunnerWorker.java:84)
	at org.testng.TestNG.runSuitesSequentially(TestNG.java:1208)
	at org.testng.TestNG.runSuitesLocally(TestNG.java:1137)
	at org.testng.TestNG.runSuites(TestNG.java:1049)
	at org.testng.TestNG.run(TestNG.java:1017)
	at org.testng.remote.AbstractRemoteTestNG.run(AbstractRemoteTestNG.java:114)
	at org.testng.remote.RemoteTestNG.initAndRun(RemoteTestNG.java:251)
	at org.testng.remote.RemoteTestNG.main(RemoteTestNG.java:77)
2018-11-17 13:53:23 INFO  CoreFunctions:886 - error
java.lang.NullPointerException
	at com.org.core.CoreFunctions.universalWait(CoreFunctions.java:883)
	at com.org.core.CoreFunctions.waitElementClickable(CoreFunctions.java:631)
	at com.decorist.businessrules.BusinessFunctions.loginAsDesigner(BusinessFunctions.java:191)
	at com.decorist.designer.Designer_Login.nuRentalDigitalGmStoreGC(Designer_Login.java:19)
	at sun.reflect.NativeMethodAccessorImpl.invoke0(Native Method)
	at sun.reflect.NativeMethodAccessorImpl.invoke(NativeMethodAccessorImpl.java:62)
	at sun.reflect.DelegatingMethodAccessorImpl.invoke(DelegatingMethodAccessorImpl.java:43)
	at java.lang.reflect.Method.invoke(Method.java:498)
	at org.testng.internal.MethodInvocationHelper.invokeMethod(MethodInvocationHelper.java:124)
	at org.testng.internal.Invoker.invokeMethod(Invoker.java:580)
	at org.testng.internal.Invoker.invokeTestMethod(Invoker.java:716)
	at org.testng.internal.Invoker.invokeTestMethods(Invoker.java:988)
	at org.testng.internal.TestMethodWorker.invokeTestMethods(TestMethodWorker.java:125)
	at org.testng.internal.TestMethodWorker.run(TestMethodWorker.java:109)
	at org.testng.TestRunner.privateRun(TestRunner.java:648)
	at org.testng.TestRunner.run(TestRunner.java:505)
	at org.testng.SuiteRunner.runTest(SuiteRunner.java:455)
	at org.testng.SuiteRunner.runSequentially(SuiteRunner.java:450)
	at org.testng.SuiteRunner.privateRun(SuiteRunner.java:415)
	at org.testng.SuiteRunner.run(SuiteRunner.java:364)
	at org.testng.SuiteRunnerWorker.runSuite(SuiteRunnerWorker.java:52)
	at org.testng.SuiteRunnerWorker.run(SuiteRunnerWorker.java:84)
	at org.testng.TestNG.runSuitesSequentially(TestNG.java:1208)
	at org.testng.TestNG.runSuitesLocally(TestNG.java:1137)
	at org.testng.TestNG.runSuites(TestNG.java:1049)
	at org.testng.TestNG.run(TestNG.java:1017)
	at org.testng.remote.AbstractRemoteTestNG.run(AbstractRemoteTestNG.java:114)
	at org.testng.remote.RemoteTestNG.initAndRun(RemoteTestNG.java:251)
	at org.testng.remote.RemoteTestNG.main(RemoteTestNG.java:77)
2018-11-17 13:53:24 INFO  CoreFunctions:886 - error
java.lang.NullPointerException
	at com.org.core.CoreFunctions.universalWait(CoreFunctions.java:883)
	at com.org.core.CoreFunctions.waitElementClickable(CoreFunctions.java:631)
	at com.decorist.businessrules.BusinessFunctions.loginAsDesigner(BusinessFunctions.java:191)
	at com.decorist.designer.Designer_Login.nuRentalDigitalGmStoreGC(Designer_Login.java:19)
	at sun.reflect.NativeMethodAccessorImpl.invoke0(Native Method)
	at sun.reflect.NativeMethodAccessorImpl.invoke(NativeMethodAccessorImpl.java:62)
	at sun.reflect.DelegatingMethodAccessorImpl.invoke(DelegatingMethodAccessorImpl.java:43)
	at java.lang.reflect.Method.invoke(Method.java:498)
	at org.testng.internal.MethodInvocationHelper.invokeMethod(MethodInvocationHelper.java:124)
	at org.testng.internal.Invoker.invokeMethod(Invoker.java:580)
	at org.testng.internal.Invoker.invokeTestMethod(Invoker.java:716)
	at org.testng.internal.Invoker.invokeTestMethods(Invoker.java:988)
	at org.testng.internal.TestMethodWorker.invokeTestMethods(TestMethodWorker.java:125)
	at org.testng.internal.TestMethodWorker.run(TestMethodWorker.java:109)
	at org.testng.TestRunner.privateRun(TestRunner.java:648)
	at org.testng.TestRunner.run(TestRunner.java:505)
	at org.testng.SuiteRunner.runTest(SuiteRunner.java:455)
	at org.testng.SuiteRunner.runSequentially(SuiteRunner.java:450)
	at org.testng.SuiteRunner.privateRun(SuiteRunner.java:415)
	at org.testng.SuiteRunner.run(SuiteRunner.java:364)
	at org.testng.SuiteRunnerWorker.runSuite(SuiteRunnerWorker.java:52)
	at org.testng.SuiteRunnerWorker.run(SuiteRunnerWorker.java:84)
	at org.testng.TestNG.runSuitesSequentially(TestNG.java:1208)
	at org.testng.TestNG.runSuitesLocally(TestNG.java:1137)
	at org.testng.TestNG.runSuites(TestNG.java:1049)
	at org.testng.TestNG.run(TestNG.java:1017)
	at org.testng.remote.AbstractRemoteTestNG.run(AbstractRemoteTestNG.java:114)
	at org.testng.remote.RemoteTestNG.initAndRun(RemoteTestNG.java:251)
	at org.testng.remote.RemoteTestNG.main(RemoteTestNG.java:77)
2018-11-17 13:53:25 INFO  CoreFunctions:886 - error
java.lang.NullPointerException
	at com.org.core.CoreFunctions.universalWait(CoreFunctions.java:883)
	at com.org.core.CoreFunctions.waitElementClickable(CoreFunctions.java:631)
	at com.decorist.businessrules.BusinessFunctions.loginAsDesigner(BusinessFunctions.java:191)
	at com.decorist.designer.Designer_Login.nuRentalDigitalGmStoreGC(Designer_Login.java:19)
	at sun.reflect.NativeMethodAccessorImpl.invoke0(Native Method)
	at sun.reflect.NativeMethodAccessorImpl.invoke(NativeMethodAccessorImpl.java:62)
	at sun.reflect.DelegatingMethodAccessorImpl.invoke(DelegatingMethodAccessorImpl.java:43)
	at java.lang.reflect.Method.invoke(Method.java:498)
	at org.testng.internal.MethodInvocationHelper.invokeMethod(MethodInvocationHelper.java:124)
	at org.testng.internal.Invoker.invokeMethod(Invoker.java:580)
	at org.testng.internal.Invoker.invokeTestMethod(Invoker.java:716)
	at org.testng.internal.Invoker.invokeTestMethods(Invoker.java:988)
	at org.testng.internal.TestMethodWorker.invokeTestMethods(TestMethodWorker.java:125)
	at org.testng.internal.TestMethodWorker.run(TestMethodWorker.java:109)
	at org.testng.TestRunner.privateRun(TestRunner.java:648)
	at org.testng.TestRunner.run(TestRunner.java:505)
	at org.testng.SuiteRunner.runTest(SuiteRunner.java:455)
	at org.testng.SuiteRunner.runSequentially(SuiteRunner.java:450)
	at org.testng.SuiteRunner.privateRun(SuiteRunner.java:415)
	at org.testng.SuiteRunner.run(SuiteRunner.java:364)
	at org.testng.SuiteRunnerWorker.runSuite(SuiteRunnerWorker.java:52)
	at org.testng.SuiteRunnerWorker.run(SuiteRunnerWorker.java:84)
	at org.testng.TestNG.runSuitesSequentially(TestNG.java:1208)
	at org.testng.TestNG.runSuitesLocally(TestNG.java:1137)
	at org.testng.TestNG.runSuites(TestNG.java:1049)
	at org.testng.TestNG.run(TestNG.java:1017)
	at org.testng.remote.AbstractRemoteTestNG.run(AbstractRemoteTestNG.java:114)
	at org.testng.remote.RemoteTestNG.initAndRun(RemoteTestNG.java:251)
	at org.testng.remote.RemoteTestNG.main(RemoteTestNG.java:77)
2018-11-17 13:53:26 INFO  CoreFunctions:886 - error
java.lang.NullPointerException
	at com.org.core.CoreFunctions.universalWait(CoreFunctions.java:883)
	at com.org.core.CoreFunctions.waitElementClickable(CoreFunctions.java:631)
	at com.decorist.businessrules.BusinessFunctions.loginAsDesigner(BusinessFunctions.java:191)
	at com.decorist.designer.Designer_Login.nuRentalDigitalGmStoreGC(Designer_Login.java:19)
	at sun.reflect.NativeMethodAccessorImpl.invoke0(Native Method)
	at sun.reflect.NativeMethodAccessorImpl.invoke(NativeMethodAccessorImpl.java:62)
	at sun.reflect.DelegatingMethodAccessorImpl.invoke(DelegatingMethodAccessorImpl.java:43)
	at java.lang.reflect.Method.invoke(Method.java:498)
	at org.testng.internal.MethodInvocationHelper.invokeMethod(MethodInvocationHelper.java:124)
	at org.testng.internal.Invoker.invokeMethod(Invoker.java:580)
	at org.testng.internal.Invoker.invokeTestMethod(Invoker.java:716)
	at org.testng.internal.Invoker.invokeTestMethods(Invoker.java:988)
	at org.testng.internal.TestMethodWorker.invokeTestMethods(TestMethodWorker.java:125)
	at org.testng.internal.TestMethodWorker.run(TestMethodWorker.java:109)
	at org.testng.TestRunner.privateRun(TestRunner.java:648)
	at org.testng.TestRunner.run(TestRunner.java:505)
	at org.testng.SuiteRunner.runTest(SuiteRunner.java:455)
	at org.testng.SuiteRunner.runSequentially(SuiteRunner.java:450)
	at org.testng.SuiteRunner.privateRun(SuiteRunner.java:415)
	at org.testng.SuiteRunner.run(SuiteRunner.java:364)
	at org.testng.SuiteRunnerWorker.runSuite(SuiteRunnerWorker.java:52)
	at org.testng.SuiteRunnerWorker.run(SuiteRunnerWorker.java:84)
	at org.testng.TestNG.runSuitesSequentially(TestNG.java:1208)
	at org.testng.TestNG.runSuitesLocally(TestNG.java:1137)
	at org.testng.TestNG.runSuites(TestNG.java:1049)
	at org.testng.TestNG.run(TestNG.java:1017)
	at org.testng.remote.AbstractRemoteTestNG.run(AbstractRemoteTestNG.java:114)
	at org.testng.remote.RemoteTestNG.initAndRun(RemoteTestNG.java:251)
	at org.testng.remote.RemoteTestNG.main(RemoteTestNG.java:77)
2018-11-17 13:53:27 INFO  CoreFunctions:886 - error
java.lang.NullPointerException
	at com.org.core.CoreFunctions.universalWait(CoreFunctions.java:883)
	at com.org.core.CoreFunctions.waitElementClickable(CoreFunctions.java:631)
	at com.decorist.businessrules.BusinessFunctions.loginAsDesigner(BusinessFunctions.java:191)
	at com.decorist.designer.Designer_Login.nuRentalDigitalGmStoreGC(Designer_Login.java:19)
	at sun.reflect.NativeMethodAccessorImpl.invoke0(Native Method)
	at sun.reflect.NativeMethodAccessorImpl.invoke(NativeMethodAccessorImpl.java:62)
	at sun.reflect.DelegatingMethodAccessorImpl.invoke(DelegatingMethodAccessorImpl.java:43)
	at java.lang.reflect.Method.invoke(Method.java:498)
	at org.testng.internal.MethodInvocationHelper.invokeMethod(MethodInvocationHelper.java:124)
	at org.testng.internal.Invoker.invokeMethod(Invoker.java:580)
	at org.testng.internal.Invoker.invokeTestMethod(Invoker.java:716)
	at org.testng.internal.Invoker.invokeTestMethods(Invoker.java:988)
	at org.testng.internal.TestMethodWorker.invokeTestMethods(TestMethodWorker.java:125)
	at org.testng.internal.TestMethodWorker.run(TestMethodWorker.java:109)
	at org.testng.TestRunner.privateRun(TestRunner.java:648)
	at org.testng.TestRunner.run(TestRunner.java:505)
	at org.testng.SuiteRunner.runTest(SuiteRunner.java:455)
	at org.testng.SuiteRunner.runSequentially(SuiteRunner.java:450)
	at org.testng.SuiteRunner.privateRun(SuiteRunner.java:415)
	at org.testng.SuiteRunner.run(SuiteRunner.java:364)
	at org.testng.SuiteRunnerWorker.runSuite(SuiteRunnerWorker.java:52)
	at org.testng.SuiteRunnerWorker.run(SuiteRunnerWorker.java:84)
	at org.testng.TestNG.runSuitesSequentially(TestNG.java:1208)
	at org.testng.TestNG.runSuitesLocally(TestNG.java:1137)
	at org.testng.TestNG.runSuites(TestNG.java:1049)
	at org.testng.TestNG.run(TestNG.java:1017)
	at org.testng.remote.AbstractRemoteTestNG.run(AbstractRemoteTestNG.java:114)
	at org.testng.remote.RemoteTestNG.initAndRun(RemoteTestNG.java:251)
	at org.testng.remote.RemoteTestNG.main(RemoteTestNG.java:77)
2018-11-17 13:53:28 INFO  CoreFunctions:886 - error
java.lang.NullPointerException
	at com.org.core.CoreFunctions.universalWait(CoreFunctions.java:883)
	at com.org.core.CoreFunctions.waitElementClickable(CoreFunctions.java:631)
	at com.decorist.businessrules.BusinessFunctions.loginAsDesigner(BusinessFunctions.java:191)
	at com.decorist.designer.Designer_Login.nuRentalDigitalGmStoreGC(Designer_Login.java:19)
	at sun.reflect.NativeMethodAccessorImpl.invoke0(Native Method)
	at sun.reflect.NativeMethodAccessorImpl.invoke(NativeMethodAccessorImpl.java:62)
	at sun.reflect.DelegatingMethodAccessorImpl.invoke(DelegatingMethodAccessorImpl.java:43)
	at java.lang.reflect.Method.invoke(Method.java:498)
	at org.testng.internal.MethodInvocationHelper.invokeMethod(MethodInvocationHelper.java:124)
	at org.testng.internal.Invoker.invokeMethod(Invoker.java:580)
	at org.testng.internal.Invoker.invokeTestMethod(Invoker.java:716)
	at org.testng.internal.Invoker.invokeTestMethods(Invoker.java:988)
	at org.testng.internal.TestMethodWorker.invokeTestMethods(TestMethodWorker.java:125)
	at org.testng.internal.TestMethodWorker.run(TestMethodWorker.java:109)
	at org.testng.TestRunner.privateRun(TestRunner.java:648)
	at org.testng.TestRunner.run(TestRunner.java:505)
	at org.testng.SuiteRunner.runTest(SuiteRunner.java:455)
	at org.testng.SuiteRunner.runSequentially(SuiteRunner.java:450)
	at org.testng.SuiteRunner.privateRun(SuiteRunner.java:415)
	at org.testng.SuiteRunner.run(SuiteRunner.java:364)
	at org.testng.SuiteRunnerWorker.runSuite(SuiteRunnerWorker.java:52)
	at org.testng.SuiteRunnerWorker.run(SuiteRunnerWorker.java:84)
	at org.testng.TestNG.runSuitesSequentially(TestNG.java:1208)
	at org.testng.TestNG.runSuitesLocally(TestNG.java:1137)
	at org.testng.TestNG.runSuites(TestNG.java:1049)
	at org.testng.TestNG.run(TestNG.java:1017)
	at org.testng.remote.AbstractRemoteTestNG.run(AbstractRemoteTestNG.java:114)
	at org.testng.remote.RemoteTestNG.initAndRun(RemoteTestNG.java:251)
	at org.testng.remote.RemoteTestNG.main(RemoteTestNG.java:77)
2018-11-17 13:53:29 INFO  CoreFunctions:886 - error
java.lang.NullPointerException
	at com.org.core.CoreFunctions.universalWait(CoreFunctions.java:883)
	at com.org.core.CoreFunctions.waitElementClickable(CoreFunctions.java:631)
	at com.decorist.businessrules.BusinessFunctions.loginAsDesigner(BusinessFunctions.java:191)
	at com.decorist.designer.Designer_Login.nuRentalDigitalGmStoreGC(Designer_Login.java:19)
	at sun.reflect.NativeMethodAccessorImpl.invoke0(Native Method)
	at sun.reflect.NativeMethodAccessorImpl.invoke(NativeMethodAccessorImpl.java:62)
	at sun.reflect.DelegatingMethodAccessorImpl.invoke(DelegatingMethodAccessorImpl.java:43)
	at java.lang.reflect.Method.invoke(Method.java:498)
	at org.testng.internal.MethodInvocationHelper.invokeMethod(MethodInvocationHelper.java:124)
	at org.testng.internal.Invoker.invokeMethod(Invoker.java:580)
	at org.testng.internal.Invoker.invokeTestMethod(Invoker.java:716)
	at org.testng.internal.Invoker.invokeTestMethods(Invoker.java:988)
	at org.testng.internal.TestMethodWorker.invokeTestMethods(TestMethodWorker.java:125)
	at org.testng.internal.TestMethodWorker.run(TestMethodWorker.java:109)
	at org.testng.TestRunner.privateRun(TestRunner.java:648)
	at org.testng.TestRunner.run(TestRunner.java:505)
	at org.testng.SuiteRunner.runTest(SuiteRunner.java:455)
	at org.testng.SuiteRunner.runSequentially(SuiteRunner.java:450)
	at org.testng.SuiteRunner.privateRun(SuiteRunner.java:415)
	at org.testng.SuiteRunner.run(SuiteRunner.java:364)
	at org.testng.SuiteRunnerWorker.runSuite(SuiteRunnerWorker.java:52)
	at org.testng.SuiteRunnerWorker.run(SuiteRunnerWorker.java:84)
	at org.testng.TestNG.runSuitesSequentially(TestNG.java:1208)
	at org.testng.TestNG.runSuitesLocally(TestNG.java:1137)
	at org.testng.TestNG.runSuites(TestNG.java:1049)
	at org.testng.TestNG.run(TestNG.java:1017)
	at org.testng.remote.AbstractRemoteTestNG.run(AbstractRemoteTestNG.java:114)
	at org.testng.remote.RemoteTestNG.initAndRun(RemoteTestNG.java:251)
	at org.testng.remote.RemoteTestNG.main(RemoteTestNG.java:77)
2018-11-17 13:53:30 INFO  CoreFunctions:886 - error
java.lang.NullPointerException
	at com.org.core.CoreFunctions.universalWait(CoreFunctions.java:883)
	at com.org.core.CoreFunctions.waitElementClickable(CoreFunctions.java:631)
	at com.decorist.businessrules.BusinessFunctions.loginAsDesigner(BusinessFunctions.java:191)
	at com.decorist.designer.Designer_Login.nuRentalDigitalGmStoreGC(Designer_Login.java:19)
	at sun.reflect.NativeMethodAccessorImpl.invoke0(Native Method)
	at sun.reflect.NativeMethodAccessorImpl.invoke(NativeMethodAccessorImpl.java:62)
	at sun.reflect.DelegatingMethodAccessorImpl.invoke(DelegatingMethodAccessorImpl.java:43)
	at java.lang.reflect.Method.invoke(Method.java:498)
	at org.testng.internal.MethodInvocationHelper.invokeMethod(MethodInvocationHelper.java:124)
	at org.testng.internal.Invoker.invokeMethod(Invoker.java:580)
	at org.testng.internal.Invoker.invokeTestMethod(Invoker.java:716)
	at org.testng.internal.Invoker.invokeTestMethods(Invoker.java:988)
	at org.testng.internal.TestMethodWorker.invokeTestMethods(TestMethodWorker.java:125)
	at org.testng.internal.TestMethodWorker.run(TestMethodWorker.java:109)
	at org.testng.TestRunner.privateRun(TestRunner.java:648)
	at org.testng.TestRunner.run(TestRunner.java:505)
	at org.testng.SuiteRunner.runTest(SuiteRunner.java:455)
	at org.testng.SuiteRunner.runSequentially(SuiteRunner.java:450)
	at org.testng.SuiteRunner.privateRun(SuiteRunner.java:415)
	at org.testng.SuiteRunner.run(SuiteRunner.java:364)
	at org.testng.SuiteRunnerWorker.runSuite(SuiteRunnerWorker.java:52)
	at org.testng.SuiteRunnerWorker.run(SuiteRunnerWorker.java:84)
	at org.testng.TestNG.runSuitesSequentially(TestNG.java:1208)
	at org.testng.TestNG.runSuitesLocally(TestNG.java:1137)
	at org.testng.TestNG.runSuites(TestNG.java:1049)
	at org.testng.TestNG.run(TestNG.java:1017)
	at org.testng.remote.AbstractRemoteTestNG.run(AbstractRemoteTestNG.java:114)
	at org.testng.remote.RemoteTestNG.initAndRun(RemoteTestNG.java:251)
	at org.testng.remote.RemoteTestNG.main(RemoteTestNG.java:77)
2018-11-17 13:53:31 INFO  CoreFunctions:886 - error
java.lang.NullPointerException
	at com.org.core.CoreFunctions.universalWait(CoreFunctions.java:883)
	at com.org.core.CoreFunctions.waitElementClickable(CoreFunctions.java:631)
	at com.decorist.businessrules.BusinessFunctions.loginAsDesigner(BusinessFunctions.java:191)
	at com.decorist.designer.Designer_Login.nuRentalDigitalGmStoreGC(Designer_Login.java:19)
	at sun.reflect.NativeMethodAccessorImpl.invoke0(Native Method)
	at sun.reflect.NativeMethodAccessorImpl.invoke(NativeMethodAccessorImpl.java:62)
	at sun.reflect.DelegatingMethodAccessorImpl.invoke(DelegatingMethodAccessorImpl.java:43)
	at java.lang.reflect.Method.invoke(Method.java:498)
	at org.testng.internal.MethodInvocationHelper.invokeMethod(MethodInvocationHelper.java:124)
	at org.testng.internal.Invoker.invokeMethod(Invoker.java:580)
	at org.testng.internal.Invoker.invokeTestMethod(Invoker.java:716)
	at org.testng.internal.Invoker.invokeTestMethods(Invoker.java:988)
	at org.testng.internal.TestMethodWorker.invokeTestMethods(TestMethodWorker.java:125)
	at org.testng.internal.TestMethodWorker.run(TestMethodWorker.java:109)
	at org.testng.TestRunner.privateRun(TestRunner.java:648)
	at org.testng.TestRunner.run(TestRunner.java:505)
	at org.testng.SuiteRunner.runTest(SuiteRunner.java:455)
	at org.testng.SuiteRunner.runSequentially(SuiteRunner.java:450)
	at org.testng.SuiteRunner.privateRun(SuiteRunner.java:415)
	at org.testng.SuiteRunner.run(SuiteRunner.java:364)
	at org.testng.SuiteRunnerWorker.runSuite(SuiteRunnerWorker.java:52)
	at org.testng.SuiteRunnerWorker.run(SuiteRunnerWorker.java:84)
	at org.testng.TestNG.runSuitesSequentially(TestNG.java:1208)
	at org.testng.TestNG.runSuitesLocally(TestNG.java:1137)
	at org.testng.TestNG.runSuites(TestNG.java:1049)
	at org.testng.TestNG.run(TestNG.java:1017)
	at org.testng.remote.AbstractRemoteTestNG.run(AbstractRemoteTestNG.java:114)
	at org.testng.remote.RemoteTestNG.initAndRun(RemoteTestNG.java:251)
	at org.testng.remote.RemoteTestNG.main(RemoteTestNG.java:77)
2018-11-17 13:53:32 INFO  CoreFunctions:886 - error
java.lang.NullPointerException
	at com.org.core.CoreFunctions.universalWait(CoreFunctions.java:883)
	at com.org.core.CoreFunctions.waitElementClickable(CoreFunctions.java:631)
	at com.decorist.businessrules.BusinessFunctions.loginAsDesigner(BusinessFunctions.java:191)
	at com.decorist.designer.Designer_Login.nuRentalDigitalGmStoreGC(Designer_Login.java:19)
	at sun.reflect.NativeMethodAccessorImpl.invoke0(Native Method)
	at sun.reflect.NativeMethodAccessorImpl.invoke(NativeMethodAccessorImpl.java:62)
	at sun.reflect.DelegatingMethodAccessorImpl.invoke(DelegatingMethodAccessorImpl.java:43)
	at java.lang.reflect.Method.invoke(Method.java:498)
	at org.testng.internal.MethodInvocationHelper.invokeMethod(MethodInvocationHelper.java:124)
	at org.testng.internal.Invoker.invokeMethod(Invoker.java:580)
	at org.testng.internal.Invoker.invokeTestMethod(Invoker.java:716)
	at org.testng.internal.Invoker.invokeTestMethods(Invoker.java:988)
	at org.testng.internal.TestMethodWorker.invokeTestMethods(TestMethodWorker.java:125)
	at org.testng.internal.TestMethodWorker.run(TestMethodWorker.java:109)
	at org.testng.TestRunner.privateRun(TestRunner.java:648)
	at org.testng.TestRunner.run(TestRunner.java:505)
	at org.testng.SuiteRunner.runTest(SuiteRunner.java:455)
	at org.testng.SuiteRunner.runSequentially(SuiteRunner.java:450)
	at org.testng.SuiteRunner.privateRun(SuiteRunner.java:415)
	at org.testng.SuiteRunner.run(SuiteRunner.java:364)
	at org.testng.SuiteRunnerWorker.runSuite(SuiteRunnerWorker.java:52)
	at org.testng.SuiteRunnerWorker.run(SuiteRunnerWorker.java:84)
	at org.testng.TestNG.runSuitesSequentially(TestNG.java:1208)
	at org.testng.TestNG.runSuitesLocally(TestNG.java:1137)
	at org.testng.TestNG.runSuites(TestNG.java:1049)
	at org.testng.TestNG.run(TestNG.java:1017)
	at org.testng.remote.AbstractRemoteTestNG.run(AbstractRemoteTestNG.java:114)
	at org.testng.remote.RemoteTestNG.initAndRun(RemoteTestNG.java:251)
	at org.testng.remote.RemoteTestNG.main(RemoteTestNG.java:77)
2018-11-17 13:53:33 INFO  CoreFunctions:886 - error
java.lang.NullPointerException
	at com.org.core.CoreFunctions.universalWait(CoreFunctions.java:883)
	at com.org.core.CoreFunctions.waitElementClickable(CoreFunctions.java:631)
	at com.decorist.businessrules.BusinessFunctions.loginAsDesigner(BusinessFunctions.java:191)
	at com.decorist.designer.Designer_Login.nuRentalDigitalGmStoreGC(Designer_Login.java:19)
	at sun.reflect.NativeMethodAccessorImpl.invoke0(Native Method)
	at sun.reflect.NativeMethodAccessorImpl.invoke(NativeMethodAccessorImpl.java:62)
	at sun.reflect.DelegatingMethodAccessorImpl.invoke(DelegatingMethodAccessorImpl.java:43)
	at java.lang.reflect.Method.invoke(Method.java:498)
	at org.testng.internal.MethodInvocationHelper.invokeMethod(MethodInvocationHelper.java:124)
	at org.testng.internal.Invoker.invokeMethod(Invoker.java:580)
	at org.testng.internal.Invoker.invokeTestMethod(Invoker.java:716)
	at org.testng.internal.Invoker.invokeTestMethods(Invoker.java:988)
	at org.testng.internal.TestMethodWorker.invokeTestMethods(TestMethodWorker.java:125)
	at org.testng.internal.TestMethodWorker.run(TestMethodWorker.java:109)
	at org.testng.TestRunner.privateRun(TestRunner.java:648)
	at org.testng.TestRunner.run(TestRunner.java:505)
	at org.testng.SuiteRunner.runTest(SuiteRunner.java:455)
	at org.testng.SuiteRunner.runSequentially(SuiteRunner.java:450)
	at org.testng.SuiteRunner.privateRun(SuiteRunner.java:415)
	at org.testng.SuiteRunner.run(SuiteRunner.java:364)
	at org.testng.SuiteRunnerWorker.runSuite(SuiteRunnerWorker.java:52)
	at org.testng.SuiteRunnerWorker.run(SuiteRunnerWorker.java:84)
	at org.testng.TestNG.runSuitesSequentially(TestNG.java:1208)
	at org.testng.TestNG.runSuitesLocally(TestNG.java:1137)
	at org.testng.TestNG.runSuites(TestNG.java:1049)
	at org.testng.TestNG.run(TestNG.java:1017)
	at org.testng.remote.AbstractRemoteTestNG.run(AbstractRemoteTestNG.java:114)
	at org.testng.remote.RemoteTestNG.initAndRun(RemoteTestNG.java:251)
	at org.testng.remote.RemoteTestNG.main(RemoteTestNG.java:77)
2018-11-17 13:53:34 INFO  CoreFunctions:886 - error
java.lang.NullPointerException
	at com.org.core.CoreFunctions.universalWait(CoreFunctions.java:883)
	at com.org.core.CoreFunctions.waitElementClickable(CoreFunctions.java:631)
	at com.decorist.businessrules.BusinessFunctions.loginAsDesigner(BusinessFunctions.java:191)
	at com.decorist.designer.Designer_Login.nuRentalDigitalGmStoreGC(Designer_Login.java:19)
	at sun.reflect.NativeMethodAccessorImpl.invoke0(Native Method)
	at sun.reflect.NativeMethodAccessorImpl.invoke(NativeMethodAccessorImpl.java:62)
	at sun.reflect.DelegatingMethodAccessorImpl.invoke(DelegatingMethodAccessorImpl.java:43)
	at java.lang.reflect.Method.invoke(Method.java:498)
	at org.testng.internal.MethodInvocationHelper.invokeMethod(MethodInvocationHelper.java:124)
	at org.testng.internal.Invoker.invokeMethod(Invoker.java:580)
	at org.testng.internal.Invoker.invokeTestMethod(Invoker.java:716)
	at org.testng.internal.Invoker.invokeTestMethods(Invoker.java:988)
	at org.testng.internal.TestMethodWorker.invokeTestMethods(TestMethodWorker.java:125)
	at org.testng.internal.TestMethodWorker.run(TestMethodWorker.java:109)
	at org.testng.TestRunner.privateRun(TestRunner.java:648)
	at org.testng.TestRunner.run(TestRunner.java:505)
	at org.testng.SuiteRunner.runTest(SuiteRunner.java:455)
	at org.testng.SuiteRunner.runSequentially(SuiteRunner.java:450)
	at org.testng.SuiteRunner.privateRun(SuiteRunner.java:415)
	at org.testng.SuiteRunner.run(SuiteRunner.java:364)
	at org.testng.SuiteRunnerWorker.runSuite(SuiteRunnerWorker.java:52)
	at org.testng.SuiteRunnerWorker.run(SuiteRunnerWorker.java:84)
	at org.testng.TestNG.runSuitesSequentially(TestNG.java:1208)
	at org.testng.TestNG.runSuitesLocally(TestNG.java:1137)
	at org.testng.TestNG.runSuites(TestNG.java:1049)
	at org.testng.TestNG.run(TestNG.java:1017)
	at org.testng.remote.AbstractRemoteTestNG.run(AbstractRemoteTestNG.java:114)
	at org.testng.remote.RemoteTestNG.initAndRun(RemoteTestNG.java:251)
	at org.testng.remote.RemoteTestNG.main(RemoteTestNG.java:77)
2018-11-17 13:53:35 INFO  CoreFunctions:886 - error
java.lang.NullPointerException
	at com.org.core.CoreFunctions.universalWait(CoreFunctions.java:883)
	at com.org.core.CoreFunctions.waitElementClickable(CoreFunctions.java:631)
	at com.decorist.businessrules.BusinessFunctions.loginAsDesigner(BusinessFunctions.java:191)
	at com.decorist.designer.Designer_Login.nuRentalDigitalGmStoreGC(Designer_Login.java:19)
	at sun.reflect.NativeMethodAccessorImpl.invoke0(Native Method)
	at sun.reflect.NativeMethodAccessorImpl.invoke(NativeMethodAccessorImpl.java:62)
	at sun.reflect.DelegatingMethodAccessorImpl.invoke(DelegatingMethodAccessorImpl.java:43)
	at java.lang.reflect.Method.invoke(Method.java:498)
	at org.testng.internal.MethodInvocationHelper.invokeMethod(MethodInvocationHelper.java:124)
	at org.testng.internal.Invoker.invokeMethod(Invoker.java:580)
	at org.testng.internal.Invoker.invokeTestMethod(Invoker.java:716)
	at org.testng.internal.Invoker.invokeTestMethods(Invoker.java:988)
	at org.testng.internal.TestMethodWorker.invokeTestMethods(TestMethodWorker.java:125)
	at org.testng.internal.TestMethodWorker.run(TestMethodWorker.java:109)
	at org.testng.TestRunner.privateRun(TestRunner.java:648)
	at org.testng.TestRunner.run(TestRunner.java:505)
	at org.testng.SuiteRunner.runTest(SuiteRunner.java:455)
	at org.testng.SuiteRunner.runSequentially(SuiteRunner.java:450)
	at org.testng.SuiteRunner.privateRun(SuiteRunner.java:415)
	at org.testng.SuiteRunner.run(SuiteRunner.java:364)
	at org.testng.SuiteRunnerWorker.runSuite(SuiteRunnerWorker.java:52)
	at org.testng.SuiteRunnerWorker.run(SuiteRunnerWorker.java:84)
	at org.testng.TestNG.runSuitesSequentially(TestNG.java:1208)
	at org.testng.TestNG.runSuitesLocally(TestNG.java:1137)
	at org.testng.TestNG.runSuites(TestNG.java:1049)
	at org.testng.TestNG.run(TestNG.java:1017)
	at org.testng.remote.AbstractRemoteTestNG.run(AbstractRemoteTestNG.java:114)
	at org.testng.remote.RemoteTestNG.initAndRun(RemoteTestNG.java:251)
	at org.testng.remote.RemoteTestNG.main(RemoteTestNG.java:77)
2018-11-17 13:53:36 INFO  CoreFunctions:886 - error
java.lang.NullPointerException
	at com.org.core.CoreFunctions.universalWait(CoreFunctions.java:883)
	at com.org.core.CoreFunctions.waitElementClickable(CoreFunctions.java:631)
	at com.decorist.businessrules.BusinessFunctions.loginAsDesigner(BusinessFunctions.java:191)
	at com.decorist.designer.Designer_Login.nuRentalDigitalGmStoreGC(Designer_Login.java:19)
	at sun.reflect.NativeMethodAccessorImpl.invoke0(Native Method)
	at sun.reflect.NativeMethodAccessorImpl.invoke(NativeMethodAccessorImpl.java:62)
	at sun.reflect.DelegatingMethodAccessorImpl.invoke(DelegatingMethodAccessorImpl.java:43)
	at java.lang.reflect.Method.invoke(Method.java:498)
	at org.testng.internal.MethodInvocationHelper.invokeMethod(MethodInvocationHelper.java:124)
	at org.testng.internal.Invoker.invokeMethod(Invoker.java:580)
	at org.testng.internal.Invoker.invokeTestMethod(Invoker.java:716)
	at org.testng.internal.Invoker.invokeTestMethods(Invoker.java:988)
	at org.testng.internal.TestMethodWorker.invokeTestMethods(TestMethodWorker.java:125)
	at org.testng.internal.TestMethodWorker.run(TestMethodWorker.java:109)
	at org.testng.TestRunner.privateRun(TestRunner.java:648)
	at org.testng.TestRunner.run(TestRunner.java:505)
	at org.testng.SuiteRunner.runTest(SuiteRunner.java:455)
	at org.testng.SuiteRunner.runSequentially(SuiteRunner.java:450)
	at org.testng.SuiteRunner.privateRun(SuiteRunner.java:415)
	at org.testng.SuiteRunner.run(SuiteRunner.java:364)
	at org.testng.SuiteRunnerWorker.runSuite(SuiteRunnerWorker.java:52)
	at org.testng.SuiteRunnerWorker.run(SuiteRunnerWorker.java:84)
	at org.testng.TestNG.runSuitesSequentially(TestNG.java:1208)
	at org.testng.TestNG.runSuitesLocally(TestNG.java:1137)
	at org.testng.TestNG.runSuites(TestNG.java:1049)
	at org.testng.TestNG.run(TestNG.java:1017)
	at org.testng.remote.AbstractRemoteTestNG.run(AbstractRemoteTestNG.java:114)
	at org.testng.remote.RemoteTestNG.initAndRun(RemoteTestNG.java:251)
	at org.testng.remote.RemoteTestNG.main(RemoteTestNG.java:77)
2018-11-17 13:53:37 INFO  CoreFunctions:886 - error
java.lang.NullPointerException
	at com.org.core.CoreFunctions.universalWait(CoreFunctions.java:883)
	at com.org.core.CoreFunctions.waitElementClickable(CoreFunctions.java:631)
	at com.decorist.businessrules.BusinessFunctions.loginAsDesigner(BusinessFunctions.java:191)
	at com.decorist.designer.Designer_Login.nuRentalDigitalGmStoreGC(Designer_Login.java:19)
	at sun.reflect.NativeMethodAccessorImpl.invoke0(Native Method)
	at sun.reflect.NativeMethodAccessorImpl.invoke(NativeMethodAccessorImpl.java:62)
	at sun.reflect.DelegatingMethodAccessorImpl.invoke(DelegatingMethodAccessorImpl.java:43)
	at java.lang.reflect.Method.invoke(Method.java:498)
	at org.testng.internal.MethodInvocationHelper.invokeMethod(MethodInvocationHelper.java:124)
	at org.testng.internal.Invoker.invokeMethod(Invoker.java:580)
	at org.testng.internal.Invoker.invokeTestMethod(Invoker.java:716)
	at org.testng.internal.Invoker.invokeTestMethods(Invoker.java:988)
	at org.testng.internal.TestMethodWorker.invokeTestMethods(TestMethodWorker.java:125)
	at org.testng.internal.TestMethodWorker.run(TestMethodWorker.java:109)
	at org.testng.TestRunner.privateRun(TestRunner.java:648)
	at org.testng.TestRunner.run(TestRunner.java:505)
	at org.testng.SuiteRunner.runTest(SuiteRunner.java:455)
	at org.testng.SuiteRunner.runSequentially(SuiteRunner.java:450)
	at org.testng.SuiteRunner.privateRun(SuiteRunner.java:415)
	at org.testng.SuiteRunner.run(SuiteRunner.java:364)
	at org.testng.SuiteRunnerWorker.runSuite(SuiteRunnerWorker.java:52)
	at org.testng.SuiteRunnerWorker.run(SuiteRunnerWorker.java:84)
	at org.testng.TestNG.runSuitesSequentially(TestNG.java:1208)
	at org.testng.TestNG.runSuitesLocally(TestNG.java:1137)
	at org.testng.TestNG.runSuites(TestNG.java:1049)
	at org.testng.TestNG.run(TestNG.java:1017)
	at org.testng.remote.AbstractRemoteTestNG.run(AbstractRemoteTestNG.java:114)
	at org.testng.remote.RemoteTestNG.initAndRun(RemoteTestNG.java:251)
	at org.testng.remote.RemoteTestNG.main(RemoteTestNG.java:77)
2018-11-17 13:53:38 INFO  CoreFunctions:886 - error
java.lang.NullPointerException
	at com.org.core.CoreFunctions.universalWait(CoreFunctions.java:883)
	at com.org.core.CoreFunctions.waitElementClickable(CoreFunctions.java:631)
	at com.decorist.businessrules.BusinessFunctions.loginAsDesigner(BusinessFunctions.java:191)
	at com.decorist.designer.Designer_Login.nuRentalDigitalGmStoreGC(Designer_Login.java:19)
	at sun.reflect.NativeMethodAccessorImpl.invoke0(Native Method)
	at sun.reflect.NativeMethodAccessorImpl.invoke(NativeMethodAccessorImpl.java:62)
	at sun.reflect.DelegatingMethodAccessorImpl.invoke(DelegatingMethodAccessorImpl.java:43)
	at java.lang.reflect.Method.invoke(Method.java:498)
	at org.testng.internal.MethodInvocationHelper.invokeMethod(MethodInvocationHelper.java:124)
	at org.testng.internal.Invoker.invokeMethod(Invoker.java:580)
	at org.testng.internal.Invoker.invokeTestMethod(Invoker.java:716)
	at org.testng.internal.Invoker.invokeTestMethods(Invoker.java:988)
	at org.testng.internal.TestMethodWorker.invokeTestMethods(TestMethodWorker.java:125)
	at org.testng.internal.TestMethodWorker.run(TestMethodWorker.java:109)
	at org.testng.TestRunner.privateRun(TestRunner.java:648)
	at org.testng.TestRunner.run(TestRunner.java:505)
	at org.testng.SuiteRunner.runTest(SuiteRunner.java:455)
	at org.testng.SuiteRunner.runSequentially(SuiteRunner.java:450)
	at org.testng.SuiteRunner.privateRun(SuiteRunner.java:415)
	at org.testng.SuiteRunner.run(SuiteRunner.java:364)
	at org.testng.SuiteRunnerWorker.runSuite(SuiteRunnerWorker.java:52)
	at org.testng.SuiteRunnerWorker.run(SuiteRunnerWorker.java:84)
	at org.testng.TestNG.runSuitesSequentially(TestNG.java:1208)
	at org.testng.TestNG.runSuitesLocally(TestNG.java:1137)
	at org.testng.TestNG.runSuites(TestNG.java:1049)
	at org.testng.TestNG.run(TestNG.java:1017)
	at org.testng.remote.AbstractRemoteTestNG.run(AbstractRemoteTestNG.java:114)
	at org.testng.remote.RemoteTestNG.initAndRun(RemoteTestNG.java:251)
	at org.testng.remote.RemoteTestNG.main(RemoteTestNG.java:77)
2018-11-17 13:53:39 INFO  CoreFunctions:886 - error
java.lang.NullPointerException
	at com.org.core.CoreFunctions.universalWait(CoreFunctions.java:883)
	at com.org.core.CoreFunctions.waitElementClickable(CoreFunctions.java:631)
	at com.decorist.businessrules.BusinessFunctions.loginAsDesigner(BusinessFunctions.java:191)
	at com.decorist.designer.Designer_Login.nuRentalDigitalGmStoreGC(Designer_Login.java:19)
	at sun.reflect.NativeMethodAccessorImpl.invoke0(Native Method)
	at sun.reflect.NativeMethodAccessorImpl.invoke(NativeMethodAccessorImpl.java:62)
	at sun.reflect.DelegatingMethodAccessorImpl.invoke(DelegatingMethodAccessorImpl.java:43)
	at java.lang.reflect.Method.invoke(Method.java:498)
	at org.testng.internal.MethodInvocationHelper.invokeMethod(MethodInvocationHelper.java:124)
	at org.testng.internal.Invoker.invokeMethod(Invoker.java:580)
	at org.testng.internal.Invoker.invokeTestMethod(Invoker.java:716)
	at org.testng.internal.Invoker.invokeTestMethods(Invoker.java:988)
	at org.testng.internal.TestMethodWorker.invokeTestMethods(TestMethodWorker.java:125)
	at org.testng.internal.TestMethodWorker.run(TestMethodWorker.java:109)
	at org.testng.TestRunner.privateRun(TestRunner.java:648)
	at org.testng.TestRunner.run(TestRunner.java:505)
	at org.testng.SuiteRunner.runTest(SuiteRunner.java:455)
	at org.testng.SuiteRunner.runSequentially(SuiteRunner.java:450)
	at org.testng.SuiteRunner.privateRun(SuiteRunner.java:415)
	at org.testng.SuiteRunner.run(SuiteRunner.java:364)
	at org.testng.SuiteRunnerWorker.runSuite(SuiteRunnerWorker.java:52)
	at org.testng.SuiteRunnerWorker.run(SuiteRunnerWorker.java:84)
	at org.testng.TestNG.runSuitesSequentially(TestNG.java:1208)
	at org.testng.TestNG.runSuitesLocally(TestNG.java:1137)
	at org.testng.TestNG.runSuites(TestNG.java:1049)
	at org.testng.TestNG.run(TestNG.java:1017)
	at org.testng.remote.AbstractRemoteTestNG.run(AbstractRemoteTestNG.java:114)
	at org.testng.remote.RemoteTestNG.initAndRun(RemoteTestNG.java:251)
	at org.testng.remote.RemoteTestNG.main(RemoteTestNG.java:77)
2018-11-17 13:53:40 INFO  CoreFunctions:886 - error
java.lang.NullPointerException
	at com.org.core.CoreFunctions.universalWait(CoreFunctions.java:883)
	at com.org.core.CoreFunctions.waitElementClickable(CoreFunctions.java:631)
	at com.decorist.businessrules.BusinessFunctions.loginAsDesigner(BusinessFunctions.java:191)
	at com.decorist.designer.Designer_Login.nuRentalDigitalGmStoreGC(Designer_Login.java:19)
	at sun.reflect.NativeMethodAccessorImpl.invoke0(Native Method)
	at sun.reflect.NativeMethodAccessorImpl.invoke(NativeMethodAccessorImpl.java:62)
	at sun.reflect.DelegatingMethodAccessorImpl.invoke(DelegatingMethodAccessorImpl.java:43)
	at java.lang.reflect.Method.invoke(Method.java:498)
	at org.testng.internal.MethodInvocationHelper.invokeMethod(MethodInvocationHelper.java:124)
	at org.testng.internal.Invoker.invokeMethod(Invoker.java:580)
	at org.testng.internal.Invoker.invokeTestMethod(Invoker.java:716)
	at org.testng.internal.Invoker.invokeTestMethods(Invoker.java:988)
	at org.testng.internal.TestMethodWorker.invokeTestMethods(TestMethodWorker.java:125)
	at org.testng.internal.TestMethodWorker.run(TestMethodWorker.java:109)
	at org.testng.TestRunner.privateRun(TestRunner.java:648)
	at org.testng.TestRunner.run(TestRunner.java:505)
	at org.testng.SuiteRunner.runTest(SuiteRunner.java:455)
	at org.testng.SuiteRunner.runSequentially(SuiteRunner.java:450)
	at org.testng.SuiteRunner.privateRun(SuiteRunner.java:415)
	at org.testng.SuiteRunner.run(SuiteRunner.java:364)
	at org.testng.SuiteRunnerWorker.runSuite(SuiteRunnerWorker.java:52)
	at org.testng.SuiteRunnerWorker.run(SuiteRunnerWorker.java:84)
	at org.testng.TestNG.runSuitesSequentially(TestNG.java:1208)
	at org.testng.TestNG.runSuitesLocally(TestNG.java:1137)
	at org.testng.TestNG.runSuites(TestNG.java:1049)
	at org.testng.TestNG.run(TestNG.java:1017)
	at org.testng.remote.AbstractRemoteTestNG.run(AbstractRemoteTestNG.java:114)
	at org.testng.remote.RemoteTestNG.initAndRun(RemoteTestNG.java:251)
	at org.testng.remote.RemoteTestNG.main(RemoteTestNG.java:77)
2018-11-17 13:53:43 INFO  CoreFunctions:339 - error
org.openqa.selenium.WebDriverException: unknown error: Cannot read property 'setAttribute' of null
  (Session info: chrome=70.0.3538.102)
  (Driver info: chromedriver=2.41.578737 (49da6702b16031c40d63e5618de03a32ff6c197e),platform=Windows NT 10.0.17134 x86_64) (WARNING: The server did not provide any stacktrace information)
Command duration or timeout: 8 milliseconds
Build info: version: '3.4.0', revision: 'unknown', time: 'unknown'
System info: host: 'WL2781-0053151', ip: '172.17.9.234', os.name: 'Windows 10', os.arch: 'amd64', os.version: '10.0', java.version: '1.8.0_191'
Driver info: org.openqa.selenium.chrome.ChromeDriver
Capabilities [{mobileEmulationEnabled=false, hasTouchScreen=false, platform=XP, acceptSslCerts=false, goog:chromeOptions={debuggerAddress=localhost:53737}, acceptInsecureCerts=false, webStorageEnabled=true, browserName=chrome, takesScreenshot=true, javascriptEnabled=true, setWindowRect=true, unexpectedAlertBehaviour=, applicationCacheEnabled=false, rotatable=false, networkConnectionEnabled=false, chrome={chromedriverVersion=2.41.578737 (49da6702b16031c40d63e5618de03a32ff6c197e), userDataDir=C:\Users\Rahul\AppData\Local\Temp\scoped_dir21852_10019}, takesHeapSnapshot=true, pageLoadStrategy=normal, databaseEnabled=false, handlesAlerts=true, version=70.0.3538.102, browserConnectionEnabled=false, nativeEvents=true, locationContextEnabled=true, cssSelectorsEnabled=true}]
Session ID: 6be28f443e67ddacf69128c8398b16af
	at sun.reflect.NativeConstructorAccessorImpl.newInstance0(Native Method)
	at sun.reflect.NativeConstructorAccessorImpl.newInstance(NativeConstructorAccessorImpl.java:62)
	at sun.reflect.DelegatingConstructorAccessorImpl.newInstance(DelegatingConstructorAccessorImpl.java:45)
	at java.lang.reflect.Constructor.newInstance(Constructor.java:423)
	at org.openqa.selenium.remote.ErrorHandler.createThrowable(ErrorHandler.java:215)
	at org.openqa.selenium.remote.ErrorHandler.throwIfResponseFailed(ErrorHandler.java:167)
	at org.openqa.selenium.remote.RemoteWebDriver.execute(RemoteWebDriver.java:671)
	at org.openqa.selenium.remote.RemoteWebDriver.executeScript(RemoteWebDriver.java:573)
	at com.org.core.CoreFunctions.highlightObject(CoreFunctions.java:334)
	at com.org.core.CoreFunctions.click(CoreFunctions.java:394)
	at com.decorist.businessrules.BusinessFunctions.loginAsDesigner(BusinessFunctions.java:192)
	at com.decorist.designer.Designer_Login.nuRentalDigitalGmStoreGC(Designer_Login.java:19)
	at sun.reflect.NativeMethodAccessorImpl.invoke0(Native Method)
	at sun.reflect.NativeMethodAccessorImpl.invoke(NativeMethodAccessorImpl.java:62)
	at sun.reflect.DelegatingMethodAccessorImpl.invoke(DelegatingMethodAccessorImpl.java:43)
	at java.lang.reflect.Method.invoke(Method.java:498)
	at org.testng.internal.MethodInvocationHelper.invokeMethod(MethodInvocationHelper.java:124)
	at org.testng.internal.Invoker.invokeMethod(Invoker.java:580)
	at org.testng.internal.Invoker.invokeTestMethod(Invoker.java:716)
	at org.testng.internal.Invoker.invokeTestMethods(Invoker.java:988)
	at org.testng.internal.TestMethodWorker.invokeTestMethods(TestMethodWorker.java:125)
	at org.testng.internal.TestMethodWorker.run(TestMethodWorker.java:109)
	at org.testng.TestRunner.privateRun(TestRunner.java:648)
	at org.testng.TestRunner.run(TestRunner.java:505)
	at org.testng.SuiteRunner.runTest(SuiteRunner.java:455)
	at org.testng.SuiteRunner.runSequentially(SuiteRunner.java:450)
	at org.testng.SuiteRunner.privateRun(SuiteRunner.java:415)
	at org.testng.SuiteRunner.run(SuiteRunner.java:364)
	at org.testng.SuiteRunnerWorker.runSuite(SuiteRunnerWorker.java:52)
	at org.testng.SuiteRunnerWorker.run(SuiteRunnerWorker.java:84)
	at org.testng.TestNG.runSuitesSequentially(TestNG.java:1208)
	at org.testng.TestNG.runSuitesLocally(TestNG.java:1137)
	at org.testng.TestNG.runSuites(TestNG.java:1049)
	at org.testng.TestNG.run(TestNG.java:1017)
	at org.testng.remote.AbstractRemoteTestNG.run(AbstractRemoteTestNG.java:114)
	at org.testng.remote.RemoteTestNG.initAndRun(RemoteTestNG.java:251)
	at org.testng.remote.RemoteTestNG.main(RemoteTestNG.java:77)
2018-11-17 13:53:44 INFO  CoreFunctions:257 - close
2018-11-17 13:53:44 INFO  BusinessFunctions:93 - Method = closeBrowser() = **Closing Browser*
2018-11-17 13:54:58 INFO  CoreFunctions:1235 - creating directory: 
2018-11-17 13:54:58 INFO  BusinessFunctions:93 - Method = Starting Browser chrome
2018-11-17 13:55:02 INFO  BusinessFunctions:93 - Method = Platform on which script is running : XP
2018-11-17 13:55:02 INFO  BusinessFunctions:93 - Method = Version of the chrome Browser is 70.0.3538.102
2018-11-17 13:55:02 INFO  BusinessFunctions:93 - Method = Browser cookies Successfully cleared
2018-11-17 13:55:02 INFO  BusinessFunctions:93 - Method = Browserchrome Successfully Invoked
2018-11-17 13:55:02 INFO  BusinessFunctions:93 - Method = Navigating to url https://www.idcqa.decorist.com/
2018-11-17 13:55:11 INFO  BusinessFunctions:93 - Method = Starting Browser chrome
2018-11-17 13:55:11 INFO  BusinessFunctions:93 - Method = Platform on which script is running : Windows 10
2018-11-17 13:55:11 INFO  BusinessFunctions:93 - Method = Version of the chrome Browser is 70.0.3538.102
2018-11-17 13:55:11 INFO  BusinessFunctions:93 - Method = Browserchrome Successfully Invoked
2018-11-17 13:55:11 INFO  BusinessFunctions:82 - Test Step = Step1 :Launch Decorist URL
2018-11-17 13:55:11 INFO  BusinessFunctions:82 - Test Step = Step2 :Login to the Application as Designer
2018-11-17 13:55:11 INFO  BusinessFunctions:93 - Method = Verify Wait for Home Page Login Button element to be clickable
2018-11-17 13:55:11 INFO  CoreFunctions:886 - error
java.lang.NullPointerException
	at com.org.core.CoreFunctions.universalWait(CoreFunctions.java:883)
	at com.org.core.CoreFunctions.waitElementClickable(CoreFunctions.java:631)
	at com.decorist.businessrules.BusinessFunctions.loginAsDesigner(BusinessFunctions.java:191)
	at com.decorist.designer.Designer_Login.nuRentalDigitalGmStoreGC(Designer_Login.java:19)
	at sun.reflect.NativeMethodAccessorImpl.invoke0(Native Method)
	at sun.reflect.NativeMethodAccessorImpl.invoke(NativeMethodAccessorImpl.java:62)
	at sun.reflect.DelegatingMethodAccessorImpl.invoke(DelegatingMethodAccessorImpl.java:43)
	at java.lang.reflect.Method.invoke(Method.java:498)
	at org.testng.internal.MethodInvocationHelper.invokeMethod(MethodInvocationHelper.java:124)
	at org.testng.internal.Invoker.invokeMethod(Invoker.java:580)
	at org.testng.internal.Invoker.invokeTestMethod(Invoker.java:716)
	at org.testng.internal.Invoker.invokeTestMethods(Invoker.java:988)
	at org.testng.internal.TestMethodWorker.invokeTestMethods(TestMethodWorker.java:125)
	at org.testng.internal.TestMethodWorker.run(TestMethodWorker.java:109)
	at org.testng.TestRunner.privateRun(TestRunner.java:648)
	at org.testng.TestRunner.run(TestRunner.java:505)
	at org.testng.SuiteRunner.runTest(SuiteRunner.java:455)
	at org.testng.SuiteRunner.runSequentially(SuiteRunner.java:450)
	at org.testng.SuiteRunner.privateRun(SuiteRunner.java:415)
	at org.testng.SuiteRunner.run(SuiteRunner.java:364)
	at org.testng.SuiteRunnerWorker.runSuite(SuiteRunnerWorker.java:52)
	at org.testng.SuiteRunnerWorker.run(SuiteRunnerWorker.java:84)
	at org.testng.TestNG.runSuitesSequentially(TestNG.java:1208)
	at org.testng.TestNG.runSuitesLocally(TestNG.java:1137)
	at org.testng.TestNG.runSuites(TestNG.java:1049)
	at org.testng.TestNG.run(TestNG.java:1017)
	at org.testng.remote.AbstractRemoteTestNG.run(AbstractRemoteTestNG.java:114)
	at org.testng.remote.RemoteTestNG.initAndRun(RemoteTestNG.java:251)
	at org.testng.remote.RemoteTestNG.main(RemoteTestNG.java:77)
2018-11-17 13:55:12 INFO  CoreFunctions:886 - error
java.lang.NullPointerException
	at com.org.core.CoreFunctions.universalWait(CoreFunctions.java:883)
	at com.org.core.CoreFunctions.waitElementClickable(CoreFunctions.java:631)
	at com.decorist.businessrules.BusinessFunctions.loginAsDesigner(BusinessFunctions.java:191)
	at com.decorist.designer.Designer_Login.nuRentalDigitalGmStoreGC(Designer_Login.java:19)
	at sun.reflect.NativeMethodAccessorImpl.invoke0(Native Method)
	at sun.reflect.NativeMethodAccessorImpl.invoke(NativeMethodAccessorImpl.java:62)
	at sun.reflect.DelegatingMethodAccessorImpl.invoke(DelegatingMethodAccessorImpl.java:43)
	at java.lang.reflect.Method.invoke(Method.java:498)
	at org.testng.internal.MethodInvocationHelper.invokeMethod(MethodInvocationHelper.java:124)
	at org.testng.internal.Invoker.invokeMethod(Invoker.java:580)
	at org.testng.internal.Invoker.invokeTestMethod(Invoker.java:716)
	at org.testng.internal.Invoker.invokeTestMethods(Invoker.java:988)
	at org.testng.internal.TestMethodWorker.invokeTestMethods(TestMethodWorker.java:125)
	at org.testng.internal.TestMethodWorker.run(TestMethodWorker.java:109)
	at org.testng.TestRunner.privateRun(TestRunner.java:648)
	at org.testng.TestRunner.run(TestRunner.java:505)
	at org.testng.SuiteRunner.runTest(SuiteRunner.java:455)
	at org.testng.SuiteRunner.runSequentially(SuiteRunner.java:450)
	at org.testng.SuiteRunner.privateRun(SuiteRunner.java:415)
	at org.testng.SuiteRunner.run(SuiteRunner.java:364)
	at org.testng.SuiteRunnerWorker.runSuite(SuiteRunnerWorker.java:52)
	at org.testng.SuiteRunnerWorker.run(SuiteRunnerWorker.java:84)
	at org.testng.TestNG.runSuitesSequentially(TestNG.java:1208)
	at org.testng.TestNG.runSuitesLocally(TestNG.java:1137)
	at org.testng.TestNG.runSuites(TestNG.java:1049)
	at org.testng.TestNG.run(TestNG.java:1017)
	at org.testng.remote.AbstractRemoteTestNG.run(AbstractRemoteTestNG.java:114)
	at org.testng.remote.RemoteTestNG.initAndRun(RemoteTestNG.java:251)
	at org.testng.remote.RemoteTestNG.main(RemoteTestNG.java:77)
2018-11-17 13:55:13 INFO  CoreFunctions:886 - error
java.lang.NullPointerException
	at com.org.core.CoreFunctions.universalWait(CoreFunctions.java:883)
	at com.org.core.CoreFunctions.waitElementClickable(CoreFunctions.java:631)
	at com.decorist.businessrules.BusinessFunctions.loginAsDesigner(BusinessFunctions.java:191)
	at com.decorist.designer.Designer_Login.nuRentalDigitalGmStoreGC(Designer_Login.java:19)
	at sun.reflect.NativeMethodAccessorImpl.invoke0(Native Method)
	at sun.reflect.NativeMethodAccessorImpl.invoke(NativeMethodAccessorImpl.java:62)
	at sun.reflect.DelegatingMethodAccessorImpl.invoke(DelegatingMethodAccessorImpl.java:43)
	at java.lang.reflect.Method.invoke(Method.java:498)
	at org.testng.internal.MethodInvocationHelper.invokeMethod(MethodInvocationHelper.java:124)
	at org.testng.internal.Invoker.invokeMethod(Invoker.java:580)
	at org.testng.internal.Invoker.invokeTestMethod(Invoker.java:716)
	at org.testng.internal.Invoker.invokeTestMethods(Invoker.java:988)
	at org.testng.internal.TestMethodWorker.invokeTestMethods(TestMethodWorker.java:125)
	at org.testng.internal.TestMethodWorker.run(TestMethodWorker.java:109)
	at org.testng.TestRunner.privateRun(TestRunner.java:648)
	at org.testng.TestRunner.run(TestRunner.java:505)
	at org.testng.SuiteRunner.runTest(SuiteRunner.java:455)
	at org.testng.SuiteRunner.runSequentially(SuiteRunner.java:450)
	at org.testng.SuiteRunner.privateRun(SuiteRunner.java:415)
	at org.testng.SuiteRunner.run(SuiteRunner.java:364)
	at org.testng.SuiteRunnerWorker.runSuite(SuiteRunnerWorker.java:52)
	at org.testng.SuiteRunnerWorker.run(SuiteRunnerWorker.java:84)
	at org.testng.TestNG.runSuitesSequentially(TestNG.java:1208)
	at org.testng.TestNG.runSuitesLocally(TestNG.java:1137)
	at org.testng.TestNG.runSuites(TestNG.java:1049)
	at org.testng.TestNG.run(TestNG.java:1017)
	at org.testng.remote.AbstractRemoteTestNG.run(AbstractRemoteTestNG.java:114)
	at org.testng.remote.RemoteTestNG.initAndRun(RemoteTestNG.java:251)
	at org.testng.remote.RemoteTestNG.main(RemoteTestNG.java:77)
2018-11-17 13:55:14 INFO  CoreFunctions:886 - error
java.lang.NullPointerException
	at com.org.core.CoreFunctions.universalWait(CoreFunctions.java:883)
	at com.org.core.CoreFunctions.waitElementClickable(CoreFunctions.java:631)
	at com.decorist.businessrules.BusinessFunctions.loginAsDesigner(BusinessFunctions.java:191)
	at com.decorist.designer.Designer_Login.nuRentalDigitalGmStoreGC(Designer_Login.java:19)
	at sun.reflect.NativeMethodAccessorImpl.invoke0(Native Method)
	at sun.reflect.NativeMethodAccessorImpl.invoke(NativeMethodAccessorImpl.java:62)
	at sun.reflect.DelegatingMethodAccessorImpl.invoke(DelegatingMethodAccessorImpl.java:43)
	at java.lang.reflect.Method.invoke(Method.java:498)
	at org.testng.internal.MethodInvocationHelper.invokeMethod(MethodInvocationHelper.java:124)
	at org.testng.internal.Invoker.invokeMethod(Invoker.java:580)
	at org.testng.internal.Invoker.invokeTestMethod(Invoker.java:716)
	at org.testng.internal.Invoker.invokeTestMethods(Invoker.java:988)
	at org.testng.internal.TestMethodWorker.invokeTestMethods(TestMethodWorker.java:125)
	at org.testng.internal.TestMethodWorker.run(TestMethodWorker.java:109)
	at org.testng.TestRunner.privateRun(TestRunner.java:648)
	at org.testng.TestRunner.run(TestRunner.java:505)
	at org.testng.SuiteRunner.runTest(SuiteRunner.java:455)
	at org.testng.SuiteRunner.runSequentially(SuiteRunner.java:450)
	at org.testng.SuiteRunner.privateRun(SuiteRunner.java:415)
	at org.testng.SuiteRunner.run(SuiteRunner.java:364)
	at org.testng.SuiteRunnerWorker.runSuite(SuiteRunnerWorker.java:52)
	at org.testng.SuiteRunnerWorker.run(SuiteRunnerWorker.java:84)
	at org.testng.TestNG.runSuitesSequentially(TestNG.java:1208)
	at org.testng.TestNG.runSuitesLocally(TestNG.java:1137)
	at org.testng.TestNG.runSuites(TestNG.java:1049)
	at org.testng.TestNG.run(TestNG.java:1017)
	at org.testng.remote.AbstractRemoteTestNG.run(AbstractRemoteTestNG.java:114)
	at org.testng.remote.RemoteTestNG.initAndRun(RemoteTestNG.java:251)
	at org.testng.remote.RemoteTestNG.main(RemoteTestNG.java:77)
2018-11-17 13:55:15 INFO  CoreFunctions:886 - error
java.lang.NullPointerException
	at com.org.core.CoreFunctions.universalWait(CoreFunctions.java:883)
	at com.org.core.CoreFunctions.waitElementClickable(CoreFunctions.java:631)
	at com.decorist.businessrules.BusinessFunctions.loginAsDesigner(BusinessFunctions.java:191)
	at com.decorist.designer.Designer_Login.nuRentalDigitalGmStoreGC(Designer_Login.java:19)
	at sun.reflect.NativeMethodAccessorImpl.invoke0(Native Method)
	at sun.reflect.NativeMethodAccessorImpl.invoke(NativeMethodAccessorImpl.java:62)
	at sun.reflect.DelegatingMethodAccessorImpl.invoke(DelegatingMethodAccessorImpl.java:43)
	at java.lang.reflect.Method.invoke(Method.java:498)
	at org.testng.internal.MethodInvocationHelper.invokeMethod(MethodInvocationHelper.java:124)
	at org.testng.internal.Invoker.invokeMethod(Invoker.java:580)
	at org.testng.internal.Invoker.invokeTestMethod(Invoker.java:716)
	at org.testng.internal.Invoker.invokeTestMethods(Invoker.java:988)
	at org.testng.internal.TestMethodWorker.invokeTestMethods(TestMethodWorker.java:125)
	at org.testng.internal.TestMethodWorker.run(TestMethodWorker.java:109)
	at org.testng.TestRunner.privateRun(TestRunner.java:648)
	at org.testng.TestRunner.run(TestRunner.java:505)
	at org.testng.SuiteRunner.runTest(SuiteRunner.java:455)
	at org.testng.SuiteRunner.runSequentially(SuiteRunner.java:450)
	at org.testng.SuiteRunner.privateRun(SuiteRunner.java:415)
	at org.testng.SuiteRunner.run(SuiteRunner.java:364)
	at org.testng.SuiteRunnerWorker.runSuite(SuiteRunnerWorker.java:52)
	at org.testng.SuiteRunnerWorker.run(SuiteRunnerWorker.java:84)
	at org.testng.TestNG.runSuitesSequentially(TestNG.java:1208)
	at org.testng.TestNG.runSuitesLocally(TestNG.java:1137)
	at org.testng.TestNG.runSuites(TestNG.java:1049)
	at org.testng.TestNG.run(TestNG.java:1017)
	at org.testng.remote.AbstractRemoteTestNG.run(AbstractRemoteTestNG.java:114)
	at org.testng.remote.RemoteTestNG.initAndRun(RemoteTestNG.java:251)
	at org.testng.remote.RemoteTestNG.main(RemoteTestNG.java:77)
2018-11-17 13:55:16 INFO  CoreFunctions:886 - error
java.lang.NullPointerException
	at com.org.core.CoreFunctions.universalWait(CoreFunctions.java:883)
	at com.org.core.CoreFunctions.waitElementClickable(CoreFunctions.java:631)
	at com.decorist.businessrules.BusinessFunctions.loginAsDesigner(BusinessFunctions.java:191)
	at com.decorist.designer.Designer_Login.nuRentalDigitalGmStoreGC(Designer_Login.java:19)
	at sun.reflect.NativeMethodAccessorImpl.invoke0(Native Method)
	at sun.reflect.NativeMethodAccessorImpl.invoke(NativeMethodAccessorImpl.java:62)
	at sun.reflect.DelegatingMethodAccessorImpl.invoke(DelegatingMethodAccessorImpl.java:43)
	at java.lang.reflect.Method.invoke(Method.java:498)
	at org.testng.internal.MethodInvocationHelper.invokeMethod(MethodInvocationHelper.java:124)
	at org.testng.internal.Invoker.invokeMethod(Invoker.java:580)
	at org.testng.internal.Invoker.invokeTestMethod(Invoker.java:716)
	at org.testng.internal.Invoker.invokeTestMethods(Invoker.java:988)
	at org.testng.internal.TestMethodWorker.invokeTestMethods(TestMethodWorker.java:125)
	at org.testng.internal.TestMethodWorker.run(TestMethodWorker.java:109)
	at org.testng.TestRunner.privateRun(TestRunner.java:648)
	at org.testng.TestRunner.run(TestRunner.java:505)
	at org.testng.SuiteRunner.runTest(SuiteRunner.java:455)
	at org.testng.SuiteRunner.runSequentially(SuiteRunner.java:450)
	at org.testng.SuiteRunner.privateRun(SuiteRunner.java:415)
	at org.testng.SuiteRunner.run(SuiteRunner.java:364)
	at org.testng.SuiteRunnerWorker.runSuite(SuiteRunnerWorker.java:52)
	at org.testng.SuiteRunnerWorker.run(SuiteRunnerWorker.java:84)
	at org.testng.TestNG.runSuitesSequentially(TestNG.java:1208)
	at org.testng.TestNG.runSuitesLocally(TestNG.java:1137)
	at org.testng.TestNG.runSuites(TestNG.java:1049)
	at org.testng.TestNG.run(TestNG.java:1017)
	at org.testng.remote.AbstractRemoteTestNG.run(AbstractRemoteTestNG.java:114)
	at org.testng.remote.RemoteTestNG.initAndRun(RemoteTestNG.java:251)
	at org.testng.remote.RemoteTestNG.main(RemoteTestNG.java:77)
2018-11-17 13:55:17 INFO  CoreFunctions:886 - error
java.lang.NullPointerException
	at com.org.core.CoreFunctions.universalWait(CoreFunctions.java:883)
	at com.org.core.CoreFunctions.waitElementClickable(CoreFunctions.java:631)
	at com.decorist.businessrules.BusinessFunctions.loginAsDesigner(BusinessFunctions.java:191)
	at com.decorist.designer.Designer_Login.nuRentalDigitalGmStoreGC(Designer_Login.java:19)
	at sun.reflect.NativeMethodAccessorImpl.invoke0(Native Method)
	at sun.reflect.NativeMethodAccessorImpl.invoke(NativeMethodAccessorImpl.java:62)
	at sun.reflect.DelegatingMethodAccessorImpl.invoke(DelegatingMethodAccessorImpl.java:43)
	at java.lang.reflect.Method.invoke(Method.java:498)
	at org.testng.internal.MethodInvocationHelper.invokeMethod(MethodInvocationHelper.java:124)
	at org.testng.internal.Invoker.invokeMethod(Invoker.java:580)
	at org.testng.internal.Invoker.invokeTestMethod(Invoker.java:716)
	at org.testng.internal.Invoker.invokeTestMethods(Invoker.java:988)
	at org.testng.internal.TestMethodWorker.invokeTestMethods(TestMethodWorker.java:125)
	at org.testng.internal.TestMethodWorker.run(TestMethodWorker.java:109)
	at org.testng.TestRunner.privateRun(TestRunner.java:648)
	at org.testng.TestRunner.run(TestRunner.java:505)
	at org.testng.SuiteRunner.runTest(SuiteRunner.java:455)
	at org.testng.SuiteRunner.runSequentially(SuiteRunner.java:450)
	at org.testng.SuiteRunner.privateRun(SuiteRunner.java:415)
	at org.testng.SuiteRunner.run(SuiteRunner.java:364)
	at org.testng.SuiteRunnerWorker.runSuite(SuiteRunnerWorker.java:52)
	at org.testng.SuiteRunnerWorker.run(SuiteRunnerWorker.java:84)
	at org.testng.TestNG.runSuitesSequentially(TestNG.java:1208)
	at org.testng.TestNG.runSuitesLocally(TestNG.java:1137)
	at org.testng.TestNG.runSuites(TestNG.java:1049)
	at org.testng.TestNG.run(TestNG.java:1017)
	at org.testng.remote.AbstractRemoteTestNG.run(AbstractRemoteTestNG.java:114)
	at org.testng.remote.RemoteTestNG.initAndRun(RemoteTestNG.java:251)
	at org.testng.remote.RemoteTestNG.main(RemoteTestNG.java:77)
2018-11-17 13:55:18 INFO  CoreFunctions:886 - error
java.lang.NullPointerException
	at com.org.core.CoreFunctions.universalWait(CoreFunctions.java:883)
	at com.org.core.CoreFunctions.waitElementClickable(CoreFunctions.java:631)
	at com.decorist.businessrules.BusinessFunctions.loginAsDesigner(BusinessFunctions.java:191)
	at com.decorist.designer.Designer_Login.nuRentalDigitalGmStoreGC(Designer_Login.java:19)
	at sun.reflect.NativeMethodAccessorImpl.invoke0(Native Method)
	at sun.reflect.NativeMethodAccessorImpl.invoke(NativeMethodAccessorImpl.java:62)
	at sun.reflect.DelegatingMethodAccessorImpl.invoke(DelegatingMethodAccessorImpl.java:43)
	at java.lang.reflect.Method.invoke(Method.java:498)
	at org.testng.internal.MethodInvocationHelper.invokeMethod(MethodInvocationHelper.java:124)
	at org.testng.internal.Invoker.invokeMethod(Invoker.java:580)
	at org.testng.internal.Invoker.invokeTestMethod(Invoker.java:716)
	at org.testng.internal.Invoker.invokeTestMethods(Invoker.java:988)
	at org.testng.internal.TestMethodWorker.invokeTestMethods(TestMethodWorker.java:125)
	at org.testng.internal.TestMethodWorker.run(TestMethodWorker.java:109)
	at org.testng.TestRunner.privateRun(TestRunner.java:648)
	at org.testng.TestRunner.run(TestRunner.java:505)
	at org.testng.SuiteRunner.runTest(SuiteRunner.java:455)
	at org.testng.SuiteRunner.runSequentially(SuiteRunner.java:450)
	at org.testng.SuiteRunner.privateRun(SuiteRunner.java:415)
	at org.testng.SuiteRunner.run(SuiteRunner.java:364)
	at org.testng.SuiteRunnerWorker.runSuite(SuiteRunnerWorker.java:52)
	at org.testng.SuiteRunnerWorker.run(SuiteRunnerWorker.java:84)
	at org.testng.TestNG.runSuitesSequentially(TestNG.java:1208)
	at org.testng.TestNG.runSuitesLocally(TestNG.java:1137)
	at org.testng.TestNG.runSuites(TestNG.java:1049)
	at org.testng.TestNG.run(TestNG.java:1017)
	at org.testng.remote.AbstractRemoteTestNG.run(AbstractRemoteTestNG.java:114)
	at org.testng.remote.RemoteTestNG.initAndRun(RemoteTestNG.java:251)
	at org.testng.remote.RemoteTestNG.main(RemoteTestNG.java:77)
2018-11-17 13:55:19 INFO  CoreFunctions:886 - error
java.lang.NullPointerException
	at com.org.core.CoreFunctions.universalWait(CoreFunctions.java:883)
	at com.org.core.CoreFunctions.waitElementClickable(CoreFunctions.java:631)
	at com.decorist.businessrules.BusinessFunctions.loginAsDesigner(BusinessFunctions.java:191)
	at com.decorist.designer.Designer_Login.nuRentalDigitalGmStoreGC(Designer_Login.java:19)
	at sun.reflect.NativeMethodAccessorImpl.invoke0(Native Method)
	at sun.reflect.NativeMethodAccessorImpl.invoke(NativeMethodAccessorImpl.java:62)
	at sun.reflect.DelegatingMethodAccessorImpl.invoke(DelegatingMethodAccessorImpl.java:43)
	at java.lang.reflect.Method.invoke(Method.java:498)
	at org.testng.internal.MethodInvocationHelper.invokeMethod(MethodInvocationHelper.java:124)
	at org.testng.internal.Invoker.invokeMethod(Invoker.java:580)
	at org.testng.internal.Invoker.invokeTestMethod(Invoker.java:716)
	at org.testng.internal.Invoker.invokeTestMethods(Invoker.java:988)
	at org.testng.internal.TestMethodWorker.invokeTestMethods(TestMethodWorker.java:125)
	at org.testng.internal.TestMethodWorker.run(TestMethodWorker.java:109)
	at org.testng.TestRunner.privateRun(TestRunner.java:648)
	at org.testng.TestRunner.run(TestRunner.java:505)
	at org.testng.SuiteRunner.runTest(SuiteRunner.java:455)
	at org.testng.SuiteRunner.runSequentially(SuiteRunner.java:450)
	at org.testng.SuiteRunner.privateRun(SuiteRunner.java:415)
	at org.testng.SuiteRunner.run(SuiteRunner.java:364)
	at org.testng.SuiteRunnerWorker.runSuite(SuiteRunnerWorker.java:52)
	at org.testng.SuiteRunnerWorker.run(SuiteRunnerWorker.java:84)
	at org.testng.TestNG.runSuitesSequentially(TestNG.java:1208)
	at org.testng.TestNG.runSuitesLocally(TestNG.java:1137)
	at org.testng.TestNG.runSuites(TestNG.java:1049)
	at org.testng.TestNG.run(TestNG.java:1017)
	at org.testng.remote.AbstractRemoteTestNG.run(AbstractRemoteTestNG.java:114)
	at org.testng.remote.RemoteTestNG.initAndRun(RemoteTestNG.java:251)
	at org.testng.remote.RemoteTestNG.main(RemoteTestNG.java:77)
2018-11-17 13:55:20 INFO  CoreFunctions:886 - error
java.lang.NullPointerException
	at com.org.core.CoreFunctions.universalWait(CoreFunctions.java:883)
	at com.org.core.CoreFunctions.waitElementClickable(CoreFunctions.java:631)
	at com.decorist.businessrules.BusinessFunctions.loginAsDesigner(BusinessFunctions.java:191)
	at com.decorist.designer.Designer_Login.nuRentalDigitalGmStoreGC(Designer_Login.java:19)
	at sun.reflect.NativeMethodAccessorImpl.invoke0(Native Method)
	at sun.reflect.NativeMethodAccessorImpl.invoke(NativeMethodAccessorImpl.java:62)
	at sun.reflect.DelegatingMethodAccessorImpl.invoke(DelegatingMethodAccessorImpl.java:43)
	at java.lang.reflect.Method.invoke(Method.java:498)
	at org.testng.internal.MethodInvocationHelper.invokeMethod(MethodInvocationHelper.java:124)
	at org.testng.internal.Invoker.invokeMethod(Invoker.java:580)
	at org.testng.internal.Invoker.invokeTestMethod(Invoker.java:716)
	at org.testng.internal.Invoker.invokeTestMethods(Invoker.java:988)
	at org.testng.internal.TestMethodWorker.invokeTestMethods(TestMethodWorker.java:125)
	at org.testng.internal.TestMethodWorker.run(TestMethodWorker.java:109)
	at org.testng.TestRunner.privateRun(TestRunner.java:648)
	at org.testng.TestRunner.run(TestRunner.java:505)
	at org.testng.SuiteRunner.runTest(SuiteRunner.java:455)
	at org.testng.SuiteRunner.runSequentially(SuiteRunner.java:450)
	at org.testng.SuiteRunner.privateRun(SuiteRunner.java:415)
	at org.testng.SuiteRunner.run(SuiteRunner.java:364)
	at org.testng.SuiteRunnerWorker.runSuite(SuiteRunnerWorker.java:52)
	at org.testng.SuiteRunnerWorker.run(SuiteRunnerWorker.java:84)
	at org.testng.TestNG.runSuitesSequentially(TestNG.java:1208)
	at org.testng.TestNG.runSuitesLocally(TestNG.java:1137)
	at org.testng.TestNG.runSuites(TestNG.java:1049)
	at org.testng.TestNG.run(TestNG.java:1017)
	at org.testng.remote.AbstractRemoteTestNG.run(AbstractRemoteTestNG.java:114)
	at org.testng.remote.RemoteTestNG.initAndRun(RemoteTestNG.java:251)
	at org.testng.remote.RemoteTestNG.main(RemoteTestNG.java:77)
2018-11-17 13:55:21 INFO  CoreFunctions:886 - error
java.lang.NullPointerException
	at com.org.core.CoreFunctions.universalWait(CoreFunctions.java:883)
	at com.org.core.CoreFunctions.waitElementClickable(CoreFunctions.java:631)
	at com.decorist.businessrules.BusinessFunctions.loginAsDesigner(BusinessFunctions.java:191)
	at com.decorist.designer.Designer_Login.nuRentalDigitalGmStoreGC(Designer_Login.java:19)
	at sun.reflect.NativeMethodAccessorImpl.invoke0(Native Method)
	at sun.reflect.NativeMethodAccessorImpl.invoke(NativeMethodAccessorImpl.java:62)
	at sun.reflect.DelegatingMethodAccessorImpl.invoke(DelegatingMethodAccessorImpl.java:43)
	at java.lang.reflect.Method.invoke(Method.java:498)
	at org.testng.internal.MethodInvocationHelper.invokeMethod(MethodInvocationHelper.java:124)
	at org.testng.internal.Invoker.invokeMethod(Invoker.java:580)
	at org.testng.internal.Invoker.invokeTestMethod(Invoker.java:716)
	at org.testng.internal.Invoker.invokeTestMethods(Invoker.java:988)
	at org.testng.internal.TestMethodWorker.invokeTestMethods(TestMethodWorker.java:125)
	at org.testng.internal.TestMethodWorker.run(TestMethodWorker.java:109)
	at org.testng.TestRunner.privateRun(TestRunner.java:648)
	at org.testng.TestRunner.run(TestRunner.java:505)
	at org.testng.SuiteRunner.runTest(SuiteRunner.java:455)
	at org.testng.SuiteRunner.runSequentially(SuiteRunner.java:450)
	at org.testng.SuiteRunner.privateRun(SuiteRunner.java:415)
	at org.testng.SuiteRunner.run(SuiteRunner.java:364)
	at org.testng.SuiteRunnerWorker.runSuite(SuiteRunnerWorker.java:52)
	at org.testng.SuiteRunnerWorker.run(SuiteRunnerWorker.java:84)
	at org.testng.TestNG.runSuitesSequentially(TestNG.java:1208)
	at org.testng.TestNG.runSuitesLocally(TestNG.java:1137)
	at org.testng.TestNG.runSuites(TestNG.java:1049)
	at org.testng.TestNG.run(TestNG.java:1017)
	at org.testng.remote.AbstractRemoteTestNG.run(AbstractRemoteTestNG.java:114)
	at org.testng.remote.RemoteTestNG.initAndRun(RemoteTestNG.java:251)
	at org.testng.remote.RemoteTestNG.main(RemoteTestNG.java:77)
2018-11-17 13:55:22 INFO  CoreFunctions:886 - error
java.lang.NullPointerException
	at com.org.core.CoreFunctions.universalWait(CoreFunctions.java:883)
	at com.org.core.CoreFunctions.waitElementClickable(CoreFunctions.java:631)
	at com.decorist.businessrules.BusinessFunctions.loginAsDesigner(BusinessFunctions.java:191)
	at com.decorist.designer.Designer_Login.nuRentalDigitalGmStoreGC(Designer_Login.java:19)
	at sun.reflect.NativeMethodAccessorImpl.invoke0(Native Method)
	at sun.reflect.NativeMethodAccessorImpl.invoke(NativeMethodAccessorImpl.java:62)
	at sun.reflect.DelegatingMethodAccessorImpl.invoke(DelegatingMethodAccessorImpl.java:43)
	at java.lang.reflect.Method.invoke(Method.java:498)
	at org.testng.internal.MethodInvocationHelper.invokeMethod(MethodInvocationHelper.java:124)
	at org.testng.internal.Invoker.invokeMethod(Invoker.java:580)
	at org.testng.internal.Invoker.invokeTestMethod(Invoker.java:716)
	at org.testng.internal.Invoker.invokeTestMethods(Invoker.java:988)
	at org.testng.internal.TestMethodWorker.invokeTestMethods(TestMethodWorker.java:125)
	at org.testng.internal.TestMethodWorker.run(TestMethodWorker.java:109)
	at org.testng.TestRunner.privateRun(TestRunner.java:648)
	at org.testng.TestRunner.run(TestRunner.java:505)
	at org.testng.SuiteRunner.runTest(SuiteRunner.java:455)
	at org.testng.SuiteRunner.runSequentially(SuiteRunner.java:450)
	at org.testng.SuiteRunner.privateRun(SuiteRunner.java:415)
	at org.testng.SuiteRunner.run(SuiteRunner.java:364)
	at org.testng.SuiteRunnerWorker.runSuite(SuiteRunnerWorker.java:52)
	at org.testng.SuiteRunnerWorker.run(SuiteRunnerWorker.java:84)
	at org.testng.TestNG.runSuitesSequentially(TestNG.java:1208)
	at org.testng.TestNG.runSuitesLocally(TestNG.java:1137)
	at org.testng.TestNG.runSuites(TestNG.java:1049)
	at org.testng.TestNG.run(TestNG.java:1017)
	at org.testng.remote.AbstractRemoteTestNG.run(AbstractRemoteTestNG.java:114)
	at org.testng.remote.RemoteTestNG.initAndRun(RemoteTestNG.java:251)
	at org.testng.remote.RemoteTestNG.main(RemoteTestNG.java:77)
2018-11-17 13:55:23 INFO  CoreFunctions:886 - error
java.lang.NullPointerException
	at com.org.core.CoreFunctions.universalWait(CoreFunctions.java:883)
	at com.org.core.CoreFunctions.waitElementClickable(CoreFunctions.java:631)
	at com.decorist.businessrules.BusinessFunctions.loginAsDesigner(BusinessFunctions.java:191)
	at com.decorist.designer.Designer_Login.nuRentalDigitalGmStoreGC(Designer_Login.java:19)
	at sun.reflect.NativeMethodAccessorImpl.invoke0(Native Method)
	at sun.reflect.NativeMethodAccessorImpl.invoke(NativeMethodAccessorImpl.java:62)
	at sun.reflect.DelegatingMethodAccessorImpl.invoke(DelegatingMethodAccessorImpl.java:43)
	at java.lang.reflect.Method.invoke(Method.java:498)
	at org.testng.internal.MethodInvocationHelper.invokeMethod(MethodInvocationHelper.java:124)
	at org.testng.internal.Invoker.invokeMethod(Invoker.java:580)
	at org.testng.internal.Invoker.invokeTestMethod(Invoker.java:716)
	at org.testng.internal.Invoker.invokeTestMethods(Invoker.java:988)
	at org.testng.internal.TestMethodWorker.invokeTestMethods(TestMethodWorker.java:125)
	at org.testng.internal.TestMethodWorker.run(TestMethodWorker.java:109)
	at org.testng.TestRunner.privateRun(TestRunner.java:648)
	at org.testng.TestRunner.run(TestRunner.java:505)
	at org.testng.SuiteRunner.runTest(SuiteRunner.java:455)
	at org.testng.SuiteRunner.runSequentially(SuiteRunner.java:450)
	at org.testng.SuiteRunner.privateRun(SuiteRunner.java:415)
	at org.testng.SuiteRunner.run(SuiteRunner.java:364)
	at org.testng.SuiteRunnerWorker.runSuite(SuiteRunnerWorker.java:52)
	at org.testng.SuiteRunnerWorker.run(SuiteRunnerWorker.java:84)
	at org.testng.TestNG.runSuitesSequentially(TestNG.java:1208)
	at org.testng.TestNG.runSuitesLocally(TestNG.java:1137)
	at org.testng.TestNG.runSuites(TestNG.java:1049)
	at org.testng.TestNG.run(TestNG.java:1017)
	at org.testng.remote.AbstractRemoteTestNG.run(AbstractRemoteTestNG.java:114)
	at org.testng.remote.RemoteTestNG.initAndRun(RemoteTestNG.java:251)
	at org.testng.remote.RemoteTestNG.main(RemoteTestNG.java:77)
2018-11-17 13:55:24 INFO  CoreFunctions:886 - error
java.lang.NullPointerException
	at com.org.core.CoreFunctions.universalWait(CoreFunctions.java:883)
	at com.org.core.CoreFunctions.waitElementClickable(CoreFunctions.java:631)
	at com.decorist.businessrules.BusinessFunctions.loginAsDesigner(BusinessFunctions.java:191)
	at com.decorist.designer.Designer_Login.nuRentalDigitalGmStoreGC(Designer_Login.java:19)
	at sun.reflect.NativeMethodAccessorImpl.invoke0(Native Method)
	at sun.reflect.NativeMethodAccessorImpl.invoke(NativeMethodAccessorImpl.java:62)
	at sun.reflect.DelegatingMethodAccessorImpl.invoke(DelegatingMethodAccessorImpl.java:43)
	at java.lang.reflect.Method.invoke(Method.java:498)
	at org.testng.internal.MethodInvocationHelper.invokeMethod(MethodInvocationHelper.java:124)
	at org.testng.internal.Invoker.invokeMethod(Invoker.java:580)
	at org.testng.internal.Invoker.invokeTestMethod(Invoker.java:716)
	at org.testng.internal.Invoker.invokeTestMethods(Invoker.java:988)
	at org.testng.internal.TestMethodWorker.invokeTestMethods(TestMethodWorker.java:125)
	at org.testng.internal.TestMethodWorker.run(TestMethodWorker.java:109)
	at org.testng.TestRunner.privateRun(TestRunner.java:648)
	at org.testng.TestRunner.run(TestRunner.java:505)
	at org.testng.SuiteRunner.runTest(SuiteRunner.java:455)
	at org.testng.SuiteRunner.runSequentially(SuiteRunner.java:450)
	at org.testng.SuiteRunner.privateRun(SuiteRunner.java:415)
	at org.testng.SuiteRunner.run(SuiteRunner.java:364)
	at org.testng.SuiteRunnerWorker.runSuite(SuiteRunnerWorker.java:52)
	at org.testng.SuiteRunnerWorker.run(SuiteRunnerWorker.java:84)
	at org.testng.TestNG.runSuitesSequentially(TestNG.java:1208)
	at org.testng.TestNG.runSuitesLocally(TestNG.java:1137)
	at org.testng.TestNG.runSuites(TestNG.java:1049)
	at org.testng.TestNG.run(TestNG.java:1017)
	at org.testng.remote.AbstractRemoteTestNG.run(AbstractRemoteTestNG.java:114)
	at org.testng.remote.RemoteTestNG.initAndRun(RemoteTestNG.java:251)
	at org.testng.remote.RemoteTestNG.main(RemoteTestNG.java:77)
2018-11-17 13:55:25 INFO  CoreFunctions:886 - error
java.lang.NullPointerException
	at com.org.core.CoreFunctions.universalWait(CoreFunctions.java:883)
	at com.org.core.CoreFunctions.waitElementClickable(CoreFunctions.java:631)
	at com.decorist.businessrules.BusinessFunctions.loginAsDesigner(BusinessFunctions.java:191)
	at com.decorist.designer.Designer_Login.nuRentalDigitalGmStoreGC(Designer_Login.java:19)
	at sun.reflect.NativeMethodAccessorImpl.invoke0(Native Method)
	at sun.reflect.NativeMethodAccessorImpl.invoke(NativeMethodAccessorImpl.java:62)
	at sun.reflect.DelegatingMethodAccessorImpl.invoke(DelegatingMethodAccessorImpl.java:43)
	at java.lang.reflect.Method.invoke(Method.java:498)
	at org.testng.internal.MethodInvocationHelper.invokeMethod(MethodInvocationHelper.java:124)
	at org.testng.internal.Invoker.invokeMethod(Invoker.java:580)
	at org.testng.internal.Invoker.invokeTestMethod(Invoker.java:716)
	at org.testng.internal.Invoker.invokeTestMethods(Invoker.java:988)
	at org.testng.internal.TestMethodWorker.invokeTestMethods(TestMethodWorker.java:125)
	at org.testng.internal.TestMethodWorker.run(TestMethodWorker.java:109)
	at org.testng.TestRunner.privateRun(TestRunner.java:648)
	at org.testng.TestRunner.run(TestRunner.java:505)
	at org.testng.SuiteRunner.runTest(SuiteRunner.java:455)
	at org.testng.SuiteRunner.runSequentially(SuiteRunner.java:450)
	at org.testng.SuiteRunner.privateRun(SuiteRunner.java:415)
	at org.testng.SuiteRunner.run(SuiteRunner.java:364)
	at org.testng.SuiteRunnerWorker.runSuite(SuiteRunnerWorker.java:52)
	at org.testng.SuiteRunnerWorker.run(SuiteRunnerWorker.java:84)
	at org.testng.TestNG.runSuitesSequentially(TestNG.java:1208)
	at org.testng.TestNG.runSuitesLocally(TestNG.java:1137)
	at org.testng.TestNG.runSuites(TestNG.java:1049)
	at org.testng.TestNG.run(TestNG.java:1017)
	at org.testng.remote.AbstractRemoteTestNG.run(AbstractRemoteTestNG.java:114)
	at org.testng.remote.RemoteTestNG.initAndRun(RemoteTestNG.java:251)
	at org.testng.remote.RemoteTestNG.main(RemoteTestNG.java:77)
2018-11-17 13:55:26 INFO  CoreFunctions:886 - error
java.lang.NullPointerException
	at com.org.core.CoreFunctions.universalWait(CoreFunctions.java:883)
	at com.org.core.CoreFunctions.waitElementClickable(CoreFunctions.java:631)
	at com.decorist.businessrules.BusinessFunctions.loginAsDesigner(BusinessFunctions.java:191)
	at com.decorist.designer.Designer_Login.nuRentalDigitalGmStoreGC(Designer_Login.java:19)
	at sun.reflect.NativeMethodAccessorImpl.invoke0(Native Method)
	at sun.reflect.NativeMethodAccessorImpl.invoke(NativeMethodAccessorImpl.java:62)
	at sun.reflect.DelegatingMethodAccessorImpl.invoke(DelegatingMethodAccessorImpl.java:43)
	at java.lang.reflect.Method.invoke(Method.java:498)
	at org.testng.internal.MethodInvocationHelper.invokeMethod(MethodInvocationHelper.java:124)
	at org.testng.internal.Invoker.invokeMethod(Invoker.java:580)
	at org.testng.internal.Invoker.invokeTestMethod(Invoker.java:716)
	at org.testng.internal.Invoker.invokeTestMethods(Invoker.java:988)
	at org.testng.internal.TestMethodWorker.invokeTestMethods(TestMethodWorker.java:125)
	at org.testng.internal.TestMethodWorker.run(TestMethodWorker.java:109)
	at org.testng.TestRunner.privateRun(TestRunner.java:648)
	at org.testng.TestRunner.run(TestRunner.java:505)
	at org.testng.SuiteRunner.runTest(SuiteRunner.java:455)
	at org.testng.SuiteRunner.runSequentially(SuiteRunner.java:450)
	at org.testng.SuiteRunner.privateRun(SuiteRunner.java:415)
	at org.testng.SuiteRunner.run(SuiteRunner.java:364)
	at org.testng.SuiteRunnerWorker.runSuite(SuiteRunnerWorker.java:52)
	at org.testng.SuiteRunnerWorker.run(SuiteRunnerWorker.java:84)
	at org.testng.TestNG.runSuitesSequentially(TestNG.java:1208)
	at org.testng.TestNG.runSuitesLocally(TestNG.java:1137)
	at org.testng.TestNG.runSuites(TestNG.java:1049)
	at org.testng.TestNG.run(TestNG.java:1017)
	at org.testng.remote.AbstractRemoteTestNG.run(AbstractRemoteTestNG.java:114)
	at org.testng.remote.RemoteTestNG.initAndRun(RemoteTestNG.java:251)
	at org.testng.remote.RemoteTestNG.main(RemoteTestNG.java:77)
2018-11-17 13:55:27 INFO  CoreFunctions:886 - error
java.lang.NullPointerException
	at com.org.core.CoreFunctions.universalWait(CoreFunctions.java:883)
	at com.org.core.CoreFunctions.waitElementClickable(CoreFunctions.java:631)
	at com.decorist.businessrules.BusinessFunctions.loginAsDesigner(BusinessFunctions.java:191)
	at com.decorist.designer.Designer_Login.nuRentalDigitalGmStoreGC(Designer_Login.java:19)
	at sun.reflect.NativeMethodAccessorImpl.invoke0(Native Method)
	at sun.reflect.NativeMethodAccessorImpl.invoke(NativeMethodAccessorImpl.java:62)
	at sun.reflect.DelegatingMethodAccessorImpl.invoke(DelegatingMethodAccessorImpl.java:43)
	at java.lang.reflect.Method.invoke(Method.java:498)
	at org.testng.internal.MethodInvocationHelper.invokeMethod(MethodInvocationHelper.java:124)
	at org.testng.internal.Invoker.invokeMethod(Invoker.java:580)
	at org.testng.internal.Invoker.invokeTestMethod(Invoker.java:716)
	at org.testng.internal.Invoker.invokeTestMethods(Invoker.java:988)
	at org.testng.internal.TestMethodWorker.invokeTestMethods(TestMethodWorker.java:125)
	at org.testng.internal.TestMethodWorker.run(TestMethodWorker.java:109)
	at org.testng.TestRunner.privateRun(TestRunner.java:648)
	at org.testng.TestRunner.run(TestRunner.java:505)
	at org.testng.SuiteRunner.runTest(SuiteRunner.java:455)
	at org.testng.SuiteRunner.runSequentially(SuiteRunner.java:450)
	at org.testng.SuiteRunner.privateRun(SuiteRunner.java:415)
	at org.testng.SuiteRunner.run(SuiteRunner.java:364)
	at org.testng.SuiteRunnerWorker.runSuite(SuiteRunnerWorker.java:52)
	at org.testng.SuiteRunnerWorker.run(SuiteRunnerWorker.java:84)
	at org.testng.TestNG.runSuitesSequentially(TestNG.java:1208)
	at org.testng.TestNG.runSuitesLocally(TestNG.java:1137)
	at org.testng.TestNG.runSuites(TestNG.java:1049)
	at org.testng.TestNG.run(TestNG.java:1017)
	at org.testng.remote.AbstractRemoteTestNG.run(AbstractRemoteTestNG.java:114)
	at org.testng.remote.RemoteTestNG.initAndRun(RemoteTestNG.java:251)
	at org.testng.remote.RemoteTestNG.main(RemoteTestNG.java:77)
2018-11-17 13:55:28 INFO  CoreFunctions:886 - error
java.lang.NullPointerException
	at com.org.core.CoreFunctions.universalWait(CoreFunctions.java:883)
	at com.org.core.CoreFunctions.waitElementClickable(CoreFunctions.java:631)
	at com.decorist.businessrules.BusinessFunctions.loginAsDesigner(BusinessFunctions.java:191)
	at com.decorist.designer.Designer_Login.nuRentalDigitalGmStoreGC(Designer_Login.java:19)
	at sun.reflect.NativeMethodAccessorImpl.invoke0(Native Method)
	at sun.reflect.NativeMethodAccessorImpl.invoke(NativeMethodAccessorImpl.java:62)
	at sun.reflect.DelegatingMethodAccessorImpl.invoke(DelegatingMethodAccessorImpl.java:43)
	at java.lang.reflect.Method.invoke(Method.java:498)
	at org.testng.internal.MethodInvocationHelper.invokeMethod(MethodInvocationHelper.java:124)
	at org.testng.internal.Invoker.invokeMethod(Invoker.java:580)
	at org.testng.internal.Invoker.invokeTestMethod(Invoker.java:716)
	at org.testng.internal.Invoker.invokeTestMethods(Invoker.java:988)
	at org.testng.internal.TestMethodWorker.invokeTestMethods(TestMethodWorker.java:125)
	at org.testng.internal.TestMethodWorker.run(TestMethodWorker.java:109)
	at org.testng.TestRunner.privateRun(TestRunner.java:648)
	at org.testng.TestRunner.run(TestRunner.java:505)
	at org.testng.SuiteRunner.runTest(SuiteRunner.java:455)
	at org.testng.SuiteRunner.runSequentially(SuiteRunner.java:450)
	at org.testng.SuiteRunner.privateRun(SuiteRunner.java:415)
	at org.testng.SuiteRunner.run(SuiteRunner.java:364)
	at org.testng.SuiteRunnerWorker.runSuite(SuiteRunnerWorker.java:52)
	at org.testng.SuiteRunnerWorker.run(SuiteRunnerWorker.java:84)
	at org.testng.TestNG.runSuitesSequentially(TestNG.java:1208)
	at org.testng.TestNG.runSuitesLocally(TestNG.java:1137)
	at org.testng.TestNG.runSuites(TestNG.java:1049)
	at org.testng.TestNG.run(TestNG.java:1017)
	at org.testng.remote.AbstractRemoteTestNG.run(AbstractRemoteTestNG.java:114)
	at org.testng.remote.RemoteTestNG.initAndRun(RemoteTestNG.java:251)
	at org.testng.remote.RemoteTestNG.main(RemoteTestNG.java:77)
2018-11-17 13:55:29 INFO  CoreFunctions:886 - error
java.lang.NullPointerException
	at com.org.core.CoreFunctions.universalWait(CoreFunctions.java:883)
	at com.org.core.CoreFunctions.waitElementClickable(CoreFunctions.java:631)
	at com.decorist.businessrules.BusinessFunctions.loginAsDesigner(BusinessFunctions.java:191)
	at com.decorist.designer.Designer_Login.nuRentalDigitalGmStoreGC(Designer_Login.java:19)
	at sun.reflect.NativeMethodAccessorImpl.invoke0(Native Method)
	at sun.reflect.NativeMethodAccessorImpl.invoke(NativeMethodAccessorImpl.java:62)
	at sun.reflect.DelegatingMethodAccessorImpl.invoke(DelegatingMethodAccessorImpl.java:43)
	at java.lang.reflect.Method.invoke(Method.java:498)
	at org.testng.internal.MethodInvocationHelper.invokeMethod(MethodInvocationHelper.java:124)
	at org.testng.internal.Invoker.invokeMethod(Invoker.java:580)
	at org.testng.internal.Invoker.invokeTestMethod(Invoker.java:716)
	at org.testng.internal.Invoker.invokeTestMethods(Invoker.java:988)
	at org.testng.internal.TestMethodWorker.invokeTestMethods(TestMethodWorker.java:125)
	at org.testng.internal.TestMethodWorker.run(TestMethodWorker.java:109)
	at org.testng.TestRunner.privateRun(TestRunner.java:648)
	at org.testng.TestRunner.run(TestRunner.java:505)
	at org.testng.SuiteRunner.runTest(SuiteRunner.java:455)
	at org.testng.SuiteRunner.runSequentially(SuiteRunner.java:450)
	at org.testng.SuiteRunner.privateRun(SuiteRunner.java:415)
	at org.testng.SuiteRunner.run(SuiteRunner.java:364)
	at org.testng.SuiteRunnerWorker.runSuite(SuiteRunnerWorker.java:52)
	at org.testng.SuiteRunnerWorker.run(SuiteRunnerWorker.java:84)
	at org.testng.TestNG.runSuitesSequentially(TestNG.java:1208)
	at org.testng.TestNG.runSuitesLocally(TestNG.java:1137)
	at org.testng.TestNG.runSuites(TestNG.java:1049)
	at org.testng.TestNG.run(TestNG.java:1017)
	at org.testng.remote.AbstractRemoteTestNG.run(AbstractRemoteTestNG.java:114)
	at org.testng.remote.RemoteTestNG.initAndRun(RemoteTestNG.java:251)
	at org.testng.remote.RemoteTestNG.main(RemoteTestNG.java:77)
2018-11-17 13:55:30 INFO  CoreFunctions:886 - error
java.lang.NullPointerException
	at com.org.core.CoreFunctions.universalWait(CoreFunctions.java:883)
	at com.org.core.CoreFunctions.waitElementClickable(CoreFunctions.java:631)
	at com.decorist.businessrules.BusinessFunctions.loginAsDesigner(BusinessFunctions.java:191)
	at com.decorist.designer.Designer_Login.nuRentalDigitalGmStoreGC(Designer_Login.java:19)
	at sun.reflect.NativeMethodAccessorImpl.invoke0(Native Method)
	at sun.reflect.NativeMethodAccessorImpl.invoke(NativeMethodAccessorImpl.java:62)
	at sun.reflect.DelegatingMethodAccessorImpl.invoke(DelegatingMethodAccessorImpl.java:43)
	at java.lang.reflect.Method.invoke(Method.java:498)
	at org.testng.internal.MethodInvocationHelper.invokeMethod(MethodInvocationHelper.java:124)
	at org.testng.internal.Invoker.invokeMethod(Invoker.java:580)
	at org.testng.internal.Invoker.invokeTestMethod(Invoker.java:716)
	at org.testng.internal.Invoker.invokeTestMethods(Invoker.java:988)
	at org.testng.internal.TestMethodWorker.invokeTestMethods(TestMethodWorker.java:125)
	at org.testng.internal.TestMethodWorker.run(TestMethodWorker.java:109)
	at org.testng.TestRunner.privateRun(TestRunner.java:648)
	at org.testng.TestRunner.run(TestRunner.java:505)
	at org.testng.SuiteRunner.runTest(SuiteRunner.java:455)
	at org.testng.SuiteRunner.runSequentially(SuiteRunner.java:450)
	at org.testng.SuiteRunner.privateRun(SuiteRunner.java:415)
	at org.testng.SuiteRunner.run(SuiteRunner.java:364)
	at org.testng.SuiteRunnerWorker.runSuite(SuiteRunnerWorker.java:52)
	at org.testng.SuiteRunnerWorker.run(SuiteRunnerWorker.java:84)
	at org.testng.TestNG.runSuitesSequentially(TestNG.java:1208)
	at org.testng.TestNG.runSuitesLocally(TestNG.java:1137)
	at org.testng.TestNG.runSuites(TestNG.java:1049)
	at org.testng.TestNG.run(TestNG.java:1017)
	at org.testng.remote.AbstractRemoteTestNG.run(AbstractRemoteTestNG.java:114)
	at org.testng.remote.RemoteTestNG.initAndRun(RemoteTestNG.java:251)
	at org.testng.remote.RemoteTestNG.main(RemoteTestNG.java:77)
2018-11-17 13:55:31 INFO  CoreFunctions:886 - error
java.lang.NullPointerException
	at com.org.core.CoreFunctions.universalWait(CoreFunctions.java:883)
	at com.org.core.CoreFunctions.waitElementClickable(CoreFunctions.java:631)
	at com.decorist.businessrules.BusinessFunctions.loginAsDesigner(BusinessFunctions.java:191)
	at com.decorist.designer.Designer_Login.nuRentalDigitalGmStoreGC(Designer_Login.java:19)
	at sun.reflect.NativeMethodAccessorImpl.invoke0(Native Method)
	at sun.reflect.NativeMethodAccessorImpl.invoke(NativeMethodAccessorImpl.java:62)
	at sun.reflect.DelegatingMethodAccessorImpl.invoke(DelegatingMethodAccessorImpl.java:43)
	at java.lang.reflect.Method.invoke(Method.java:498)
	at org.testng.internal.MethodInvocationHelper.invokeMethod(MethodInvocationHelper.java:124)
	at org.testng.internal.Invoker.invokeMethod(Invoker.java:580)
	at org.testng.internal.Invoker.invokeTestMethod(Invoker.java:716)
	at org.testng.internal.Invoker.invokeTestMethods(Invoker.java:988)
	at org.testng.internal.TestMethodWorker.invokeTestMethods(TestMethodWorker.java:125)
	at org.testng.internal.TestMethodWorker.run(TestMethodWorker.java:109)
	at org.testng.TestRunner.privateRun(TestRunner.java:648)
	at org.testng.TestRunner.run(TestRunner.java:505)
	at org.testng.SuiteRunner.runTest(SuiteRunner.java:455)
	at org.testng.SuiteRunner.runSequentially(SuiteRunner.java:450)
	at org.testng.SuiteRunner.privateRun(SuiteRunner.java:415)
	at org.testng.SuiteRunner.run(SuiteRunner.java:364)
	at org.testng.SuiteRunnerWorker.runSuite(SuiteRunnerWorker.java:52)
	at org.testng.SuiteRunnerWorker.run(SuiteRunnerWorker.java:84)
	at org.testng.TestNG.runSuitesSequentially(TestNG.java:1208)
	at org.testng.TestNG.runSuitesLocally(TestNG.java:1137)
	at org.testng.TestNG.runSuites(TestNG.java:1049)
	at org.testng.TestNG.run(TestNG.java:1017)
	at org.testng.remote.AbstractRemoteTestNG.run(AbstractRemoteTestNG.java:114)
	at org.testng.remote.RemoteTestNG.initAndRun(RemoteTestNG.java:251)
	at org.testng.remote.RemoteTestNG.main(RemoteTestNG.java:77)
2018-11-17 13:55:32 INFO  CoreFunctions:886 - error
java.lang.NullPointerException
	at com.org.core.CoreFunctions.universalWait(CoreFunctions.java:883)
	at com.org.core.CoreFunctions.waitElementClickable(CoreFunctions.java:631)
	at com.decorist.businessrules.BusinessFunctions.loginAsDesigner(BusinessFunctions.java:191)
	at com.decorist.designer.Designer_Login.nuRentalDigitalGmStoreGC(Designer_Login.java:19)
	at sun.reflect.NativeMethodAccessorImpl.invoke0(Native Method)
	at sun.reflect.NativeMethodAccessorImpl.invoke(NativeMethodAccessorImpl.java:62)
	at sun.reflect.DelegatingMethodAccessorImpl.invoke(DelegatingMethodAccessorImpl.java:43)
	at java.lang.reflect.Method.invoke(Method.java:498)
	at org.testng.internal.MethodInvocationHelper.invokeMethod(MethodInvocationHelper.java:124)
	at org.testng.internal.Invoker.invokeMethod(Invoker.java:580)
	at org.testng.internal.Invoker.invokeTestMethod(Invoker.java:716)
	at org.testng.internal.Invoker.invokeTestMethods(Invoker.java:988)
	at org.testng.internal.TestMethodWorker.invokeTestMethods(TestMethodWorker.java:125)
	at org.testng.internal.TestMethodWorker.run(TestMethodWorker.java:109)
	at org.testng.TestRunner.privateRun(TestRunner.java:648)
	at org.testng.TestRunner.run(TestRunner.java:505)
	at org.testng.SuiteRunner.runTest(SuiteRunner.java:455)
	at org.testng.SuiteRunner.runSequentially(SuiteRunner.java:450)
	at org.testng.SuiteRunner.privateRun(SuiteRunner.java:415)
	at org.testng.SuiteRunner.run(SuiteRunner.java:364)
	at org.testng.SuiteRunnerWorker.runSuite(SuiteRunnerWorker.java:52)
	at org.testng.SuiteRunnerWorker.run(SuiteRunnerWorker.java:84)
	at org.testng.TestNG.runSuitesSequentially(TestNG.java:1208)
	at org.testng.TestNG.runSuitesLocally(TestNG.java:1137)
	at org.testng.TestNG.runSuites(TestNG.java:1049)
	at org.testng.TestNG.run(TestNG.java:1017)
	at org.testng.remote.AbstractRemoteTestNG.run(AbstractRemoteTestNG.java:114)
	at org.testng.remote.RemoteTestNG.initAndRun(RemoteTestNG.java:251)
	at org.testng.remote.RemoteTestNG.main(RemoteTestNG.java:77)
2018-11-17 13:55:33 INFO  CoreFunctions:886 - error
java.lang.NullPointerException
	at com.org.core.CoreFunctions.universalWait(CoreFunctions.java:883)
	at com.org.core.CoreFunctions.waitElementClickable(CoreFunctions.java:631)
	at com.decorist.businessrules.BusinessFunctions.loginAsDesigner(BusinessFunctions.java:191)
	at com.decorist.designer.Designer_Login.nuRentalDigitalGmStoreGC(Designer_Login.java:19)
	at sun.reflect.NativeMethodAccessorImpl.invoke0(Native Method)
	at sun.reflect.NativeMethodAccessorImpl.invoke(NativeMethodAccessorImpl.java:62)
	at sun.reflect.DelegatingMethodAccessorImpl.invoke(DelegatingMethodAccessorImpl.java:43)
	at java.lang.reflect.Method.invoke(Method.java:498)
	at org.testng.internal.MethodInvocationHelper.invokeMethod(MethodInvocationHelper.java:124)
	at org.testng.internal.Invoker.invokeMethod(Invoker.java:580)
	at org.testng.internal.Invoker.invokeTestMethod(Invoker.java:716)
	at org.testng.internal.Invoker.invokeTestMethods(Invoker.java:988)
	at org.testng.internal.TestMethodWorker.invokeTestMethods(TestMethodWorker.java:125)
	at org.testng.internal.TestMethodWorker.run(TestMethodWorker.java:109)
	at org.testng.TestRunner.privateRun(TestRunner.java:648)
	at org.testng.TestRunner.run(TestRunner.java:505)
	at org.testng.SuiteRunner.runTest(SuiteRunner.java:455)
	at org.testng.SuiteRunner.runSequentially(SuiteRunner.java:450)
	at org.testng.SuiteRunner.privateRun(SuiteRunner.java:415)
	at org.testng.SuiteRunner.run(SuiteRunner.java:364)
	at org.testng.SuiteRunnerWorker.runSuite(SuiteRunnerWorker.java:52)
	at org.testng.SuiteRunnerWorker.run(SuiteRunnerWorker.java:84)
	at org.testng.TestNG.runSuitesSequentially(TestNG.java:1208)
	at org.testng.TestNG.runSuitesLocally(TestNG.java:1137)
	at org.testng.TestNG.runSuites(TestNG.java:1049)
	at org.testng.TestNG.run(TestNG.java:1017)
	at org.testng.remote.AbstractRemoteTestNG.run(AbstractRemoteTestNG.java:114)
	at org.testng.remote.RemoteTestNG.initAndRun(RemoteTestNG.java:251)
	at org.testng.remote.RemoteTestNG.main(RemoteTestNG.java:77)
2018-11-17 13:55:34 INFO  CoreFunctions:886 - error
java.lang.NullPointerException
	at com.org.core.CoreFunctions.universalWait(CoreFunctions.java:883)
	at com.org.core.CoreFunctions.waitElementClickable(CoreFunctions.java:631)
	at com.decorist.businessrules.BusinessFunctions.loginAsDesigner(BusinessFunctions.java:191)
	at com.decorist.designer.Designer_Login.nuRentalDigitalGmStoreGC(Designer_Login.java:19)
	at sun.reflect.NativeMethodAccessorImpl.invoke0(Native Method)
	at sun.reflect.NativeMethodAccessorImpl.invoke(NativeMethodAccessorImpl.java:62)
	at sun.reflect.DelegatingMethodAccessorImpl.invoke(DelegatingMethodAccessorImpl.java:43)
	at java.lang.reflect.Method.invoke(Method.java:498)
	at org.testng.internal.MethodInvocationHelper.invokeMethod(MethodInvocationHelper.java:124)
	at org.testng.internal.Invoker.invokeMethod(Invoker.java:580)
	at org.testng.internal.Invoker.invokeTestMethod(Invoker.java:716)
	at org.testng.internal.Invoker.invokeTestMethods(Invoker.java:988)
	at org.testng.internal.TestMethodWorker.invokeTestMethods(TestMethodWorker.java:125)
	at org.testng.internal.TestMethodWorker.run(TestMethodWorker.java:109)
	at org.testng.TestRunner.privateRun(TestRunner.java:648)
	at org.testng.TestRunner.run(TestRunner.java:505)
	at org.testng.SuiteRunner.runTest(SuiteRunner.java:455)
	at org.testng.SuiteRunner.runSequentially(SuiteRunner.java:450)
	at org.testng.SuiteRunner.privateRun(SuiteRunner.java:415)
	at org.testng.SuiteRunner.run(SuiteRunner.java:364)
	at org.testng.SuiteRunnerWorker.runSuite(SuiteRunnerWorker.java:52)
	at org.testng.SuiteRunnerWorker.run(SuiteRunnerWorker.java:84)
	at org.testng.TestNG.runSuitesSequentially(TestNG.java:1208)
	at org.testng.TestNG.runSuitesLocally(TestNG.java:1137)
	at org.testng.TestNG.runSuites(TestNG.java:1049)
	at org.testng.TestNG.run(TestNG.java:1017)
	at org.testng.remote.AbstractRemoteTestNG.run(AbstractRemoteTestNG.java:114)
	at org.testng.remote.RemoteTestNG.initAndRun(RemoteTestNG.java:251)
	at org.testng.remote.RemoteTestNG.main(RemoteTestNG.java:77)
2018-11-17 13:55:35 INFO  CoreFunctions:886 - error
java.lang.NullPointerException
	at com.org.core.CoreFunctions.universalWait(CoreFunctions.java:883)
	at com.org.core.CoreFunctions.waitElementClickable(CoreFunctions.java:631)
	at com.decorist.businessrules.BusinessFunctions.loginAsDesigner(BusinessFunctions.java:191)
	at com.decorist.designer.Designer_Login.nuRentalDigitalGmStoreGC(Designer_Login.java:19)
	at sun.reflect.NativeMethodAccessorImpl.invoke0(Native Method)
	at sun.reflect.NativeMethodAccessorImpl.invoke(NativeMethodAccessorImpl.java:62)
	at sun.reflect.DelegatingMethodAccessorImpl.invoke(DelegatingMethodAccessorImpl.java:43)
	at java.lang.reflect.Method.invoke(Method.java:498)
	at org.testng.internal.MethodInvocationHelper.invokeMethod(MethodInvocationHelper.java:124)
	at org.testng.internal.Invoker.invokeMethod(Invoker.java:580)
	at org.testng.internal.Invoker.invokeTestMethod(Invoker.java:716)
	at org.testng.internal.Invoker.invokeTestMethods(Invoker.java:988)
	at org.testng.internal.TestMethodWorker.invokeTestMethods(TestMethodWorker.java:125)
	at org.testng.internal.TestMethodWorker.run(TestMethodWorker.java:109)
	at org.testng.TestRunner.privateRun(TestRunner.java:648)
	at org.testng.TestRunner.run(TestRunner.java:505)
	at org.testng.SuiteRunner.runTest(SuiteRunner.java:455)
	at org.testng.SuiteRunner.runSequentially(SuiteRunner.java:450)
	at org.testng.SuiteRunner.privateRun(SuiteRunner.java:415)
	at org.testng.SuiteRunner.run(SuiteRunner.java:364)
	at org.testng.SuiteRunnerWorker.runSuite(SuiteRunnerWorker.java:52)
	at org.testng.SuiteRunnerWorker.run(SuiteRunnerWorker.java:84)
	at org.testng.TestNG.runSuitesSequentially(TestNG.java:1208)
	at org.testng.TestNG.runSuitesLocally(TestNG.java:1137)
	at org.testng.TestNG.runSuites(TestNG.java:1049)
	at org.testng.TestNG.run(TestNG.java:1017)
	at org.testng.remote.AbstractRemoteTestNG.run(AbstractRemoteTestNG.java:114)
	at org.testng.remote.RemoteTestNG.initAndRun(RemoteTestNG.java:251)
	at org.testng.remote.RemoteTestNG.main(RemoteTestNG.java:77)
2018-11-17 13:55:36 INFO  CoreFunctions:886 - error
java.lang.NullPointerException
	at com.org.core.CoreFunctions.universalWait(CoreFunctions.java:883)
	at com.org.core.CoreFunctions.waitElementClickable(CoreFunctions.java:631)
	at com.decorist.businessrules.BusinessFunctions.loginAsDesigner(BusinessFunctions.java:191)
	at com.decorist.designer.Designer_Login.nuRentalDigitalGmStoreGC(Designer_Login.java:19)
	at sun.reflect.NativeMethodAccessorImpl.invoke0(Native Method)
	at sun.reflect.NativeMethodAccessorImpl.invoke(NativeMethodAccessorImpl.java:62)
	at sun.reflect.DelegatingMethodAccessorImpl.invoke(DelegatingMethodAccessorImpl.java:43)
	at java.lang.reflect.Method.invoke(Method.java:498)
	at org.testng.internal.MethodInvocationHelper.invokeMethod(MethodInvocationHelper.java:124)
	at org.testng.internal.Invoker.invokeMethod(Invoker.java:580)
	at org.testng.internal.Invoker.invokeTestMethod(Invoker.java:716)
	at org.testng.internal.Invoker.invokeTestMethods(Invoker.java:988)
	at org.testng.internal.TestMethodWorker.invokeTestMethods(TestMethodWorker.java:125)
	at org.testng.internal.TestMethodWorker.run(TestMethodWorker.java:109)
	at org.testng.TestRunner.privateRun(TestRunner.java:648)
	at org.testng.TestRunner.run(TestRunner.java:505)
	at org.testng.SuiteRunner.runTest(SuiteRunner.java:455)
	at org.testng.SuiteRunner.runSequentially(SuiteRunner.java:450)
	at org.testng.SuiteRunner.privateRun(SuiteRunner.java:415)
	at org.testng.SuiteRunner.run(SuiteRunner.java:364)
	at org.testng.SuiteRunnerWorker.runSuite(SuiteRunnerWorker.java:52)
	at org.testng.SuiteRunnerWorker.run(SuiteRunnerWorker.java:84)
	at org.testng.TestNG.runSuitesSequentially(TestNG.java:1208)
	at org.testng.TestNG.runSuitesLocally(TestNG.java:1137)
	at org.testng.TestNG.runSuites(TestNG.java:1049)
	at org.testng.TestNG.run(TestNG.java:1017)
	at org.testng.remote.AbstractRemoteTestNG.run(AbstractRemoteTestNG.java:114)
	at org.testng.remote.RemoteTestNG.initAndRun(RemoteTestNG.java:251)
	at org.testng.remote.RemoteTestNG.main(RemoteTestNG.java:77)
2018-11-17 13:55:37 INFO  CoreFunctions:886 - error
java.lang.NullPointerException
	at com.org.core.CoreFunctions.universalWait(CoreFunctions.java:883)
	at com.org.core.CoreFunctions.waitElementClickable(CoreFunctions.java:631)
	at com.decorist.businessrules.BusinessFunctions.loginAsDesigner(BusinessFunctions.java:191)
	at com.decorist.designer.Designer_Login.nuRentalDigitalGmStoreGC(Designer_Login.java:19)
	at sun.reflect.NativeMethodAccessorImpl.invoke0(Native Method)
	at sun.reflect.NativeMethodAccessorImpl.invoke(NativeMethodAccessorImpl.java:62)
	at sun.reflect.DelegatingMethodAccessorImpl.invoke(DelegatingMethodAccessorImpl.java:43)
	at java.lang.reflect.Method.invoke(Method.java:498)
	at org.testng.internal.MethodInvocationHelper.invokeMethod(MethodInvocationHelper.java:124)
	at org.testng.internal.Invoker.invokeMethod(Invoker.java:580)
	at org.testng.internal.Invoker.invokeTestMethod(Invoker.java:716)
	at org.testng.internal.Invoker.invokeTestMethods(Invoker.java:988)
	at org.testng.internal.TestMethodWorker.invokeTestMethods(TestMethodWorker.java:125)
	at org.testng.internal.TestMethodWorker.run(TestMethodWorker.java:109)
	at org.testng.TestRunner.privateRun(TestRunner.java:648)
	at org.testng.TestRunner.run(TestRunner.java:505)
	at org.testng.SuiteRunner.runTest(SuiteRunner.java:455)
	at org.testng.SuiteRunner.runSequentially(SuiteRunner.java:450)
	at org.testng.SuiteRunner.privateRun(SuiteRunner.java:415)
	at org.testng.SuiteRunner.run(SuiteRunner.java:364)
	at org.testng.SuiteRunnerWorker.runSuite(SuiteRunnerWorker.java:52)
	at org.testng.SuiteRunnerWorker.run(SuiteRunnerWorker.java:84)
	at org.testng.TestNG.runSuitesSequentially(TestNG.java:1208)
	at org.testng.TestNG.runSuitesLocally(TestNG.java:1137)
	at org.testng.TestNG.runSuites(TestNG.java:1049)
	at org.testng.TestNG.run(TestNG.java:1017)
	at org.testng.remote.AbstractRemoteTestNG.run(AbstractRemoteTestNG.java:114)
	at org.testng.remote.RemoteTestNG.initAndRun(RemoteTestNG.java:251)
	at org.testng.remote.RemoteTestNG.main(RemoteTestNG.java:77)
2018-11-17 13:55:38 INFO  CoreFunctions:886 - error
java.lang.NullPointerException
	at com.org.core.CoreFunctions.universalWait(CoreFunctions.java:883)
	at com.org.core.CoreFunctions.waitElementClickable(CoreFunctions.java:631)
	at com.decorist.businessrules.BusinessFunctions.loginAsDesigner(BusinessFunctions.java:191)
	at com.decorist.designer.Designer_Login.nuRentalDigitalGmStoreGC(Designer_Login.java:19)
	at sun.reflect.NativeMethodAccessorImpl.invoke0(Native Method)
	at sun.reflect.NativeMethodAccessorImpl.invoke(NativeMethodAccessorImpl.java:62)
	at sun.reflect.DelegatingMethodAccessorImpl.invoke(DelegatingMethodAccessorImpl.java:43)
	at java.lang.reflect.Method.invoke(Method.java:498)
	at org.testng.internal.MethodInvocationHelper.invokeMethod(MethodInvocationHelper.java:124)
	at org.testng.internal.Invoker.invokeMethod(Invoker.java:580)
	at org.testng.internal.Invoker.invokeTestMethod(Invoker.java:716)
	at org.testng.internal.Invoker.invokeTestMethods(Invoker.java:988)
	at org.testng.internal.TestMethodWorker.invokeTestMethods(TestMethodWorker.java:125)
	at org.testng.internal.TestMethodWorker.run(TestMethodWorker.java:109)
	at org.testng.TestRunner.privateRun(TestRunner.java:648)
	at org.testng.TestRunner.run(TestRunner.java:505)
	at org.testng.SuiteRunner.runTest(SuiteRunner.java:455)
	at org.testng.SuiteRunner.runSequentially(SuiteRunner.java:450)
	at org.testng.SuiteRunner.privateRun(SuiteRunner.java:415)
	at org.testng.SuiteRunner.run(SuiteRunner.java:364)
	at org.testng.SuiteRunnerWorker.runSuite(SuiteRunnerWorker.java:52)
	at org.testng.SuiteRunnerWorker.run(SuiteRunnerWorker.java:84)
	at org.testng.TestNG.runSuitesSequentially(TestNG.java:1208)
	at org.testng.TestNG.runSuitesLocally(TestNG.java:1137)
	at org.testng.TestNG.runSuites(TestNG.java:1049)
	at org.testng.TestNG.run(TestNG.java:1017)
	at org.testng.remote.AbstractRemoteTestNG.run(AbstractRemoteTestNG.java:114)
	at org.testng.remote.RemoteTestNG.initAndRun(RemoteTestNG.java:251)
	at org.testng.remote.RemoteTestNG.main(RemoteTestNG.java:77)
2018-11-17 13:55:39 INFO  CoreFunctions:886 - error
java.lang.NullPointerException
	at com.org.core.CoreFunctions.universalWait(CoreFunctions.java:883)
	at com.org.core.CoreFunctions.waitElementClickable(CoreFunctions.java:631)
	at com.decorist.businessrules.BusinessFunctions.loginAsDesigner(BusinessFunctions.java:191)
	at com.decorist.designer.Designer_Login.nuRentalDigitalGmStoreGC(Designer_Login.java:19)
	at sun.reflect.NativeMethodAccessorImpl.invoke0(Native Method)
	at sun.reflect.NativeMethodAccessorImpl.invoke(NativeMethodAccessorImpl.java:62)
	at sun.reflect.DelegatingMethodAccessorImpl.invoke(DelegatingMethodAccessorImpl.java:43)
	at java.lang.reflect.Method.invoke(Method.java:498)
	at org.testng.internal.MethodInvocationHelper.invokeMethod(MethodInvocationHelper.java:124)
	at org.testng.internal.Invoker.invokeMethod(Invoker.java:580)
	at org.testng.internal.Invoker.invokeTestMethod(Invoker.java:716)
	at org.testng.internal.Invoker.invokeTestMethods(Invoker.java:988)
	at org.testng.internal.TestMethodWorker.invokeTestMethods(TestMethodWorker.java:125)
	at org.testng.internal.TestMethodWorker.run(TestMethodWorker.java:109)
	at org.testng.TestRunner.privateRun(TestRunner.java:648)
	at org.testng.TestRunner.run(TestRunner.java:505)
	at org.testng.SuiteRunner.runTest(SuiteRunner.java:455)
	at org.testng.SuiteRunner.runSequentially(SuiteRunner.java:450)
	at org.testng.SuiteRunner.privateRun(SuiteRunner.java:415)
	at org.testng.SuiteRunner.run(SuiteRunner.java:364)
	at org.testng.SuiteRunnerWorker.runSuite(SuiteRunnerWorker.java:52)
	at org.testng.SuiteRunnerWorker.run(SuiteRunnerWorker.java:84)
	at org.testng.TestNG.runSuitesSequentially(TestNG.java:1208)
	at org.testng.TestNG.runSuitesLocally(TestNG.java:1137)
	at org.testng.TestNG.runSuites(TestNG.java:1049)
	at org.testng.TestNG.run(TestNG.java:1017)
	at org.testng.remote.AbstractRemoteTestNG.run(AbstractRemoteTestNG.java:114)
	at org.testng.remote.RemoteTestNG.initAndRun(RemoteTestNG.java:251)
	at org.testng.remote.RemoteTestNG.main(RemoteTestNG.java:77)
2018-11-17 13:55:40 INFO  CoreFunctions:886 - error
java.lang.NullPointerException
	at com.org.core.CoreFunctions.universalWait(CoreFunctions.java:883)
	at com.org.core.CoreFunctions.waitElementClickable(CoreFunctions.java:631)
	at com.decorist.businessrules.BusinessFunctions.loginAsDesigner(BusinessFunctions.java:191)
	at com.decorist.designer.Designer_Login.nuRentalDigitalGmStoreGC(Designer_Login.java:19)
	at sun.reflect.NativeMethodAccessorImpl.invoke0(Native Method)
	at sun.reflect.NativeMethodAccessorImpl.invoke(NativeMethodAccessorImpl.java:62)
	at sun.reflect.DelegatingMethodAccessorImpl.invoke(DelegatingMethodAccessorImpl.java:43)
	at java.lang.reflect.Method.invoke(Method.java:498)
	at org.testng.internal.MethodInvocationHelper.invokeMethod(MethodInvocationHelper.java:124)
	at org.testng.internal.Invoker.invokeMethod(Invoker.java:580)
	at org.testng.internal.Invoker.invokeTestMethod(Invoker.java:716)
	at org.testng.internal.Invoker.invokeTestMethods(Invoker.java:988)
	at org.testng.internal.TestMethodWorker.invokeTestMethods(TestMethodWorker.java:125)
	at org.testng.internal.TestMethodWorker.run(TestMethodWorker.java:109)
	at org.testng.TestRunner.privateRun(TestRunner.java:648)
	at org.testng.TestRunner.run(TestRunner.java:505)
	at org.testng.SuiteRunner.runTest(SuiteRunner.java:455)
	at org.testng.SuiteRunner.runSequentially(SuiteRunner.java:450)
	at org.testng.SuiteRunner.privateRun(SuiteRunner.java:415)
	at org.testng.SuiteRunner.run(SuiteRunner.java:364)
	at org.testng.SuiteRunnerWorker.runSuite(SuiteRunnerWorker.java:52)
	at org.testng.SuiteRunnerWorker.run(SuiteRunnerWorker.java:84)
	at org.testng.TestNG.runSuitesSequentially(TestNG.java:1208)
	at org.testng.TestNG.runSuitesLocally(TestNG.java:1137)
	at org.testng.TestNG.runSuites(TestNG.java:1049)
	at org.testng.TestNG.run(TestNG.java:1017)
	at org.testng.remote.AbstractRemoteTestNG.run(AbstractRemoteTestNG.java:114)
	at org.testng.remote.RemoteTestNG.initAndRun(RemoteTestNG.java:251)
	at org.testng.remote.RemoteTestNG.main(RemoteTestNG.java:77)
2018-11-17 13:55:43 INFO  BusinessFunctions:93 - Method = Verify that Home Page Login Button is clicked
2018-11-17 13:55:43 INFO  CoreFunctions:400 - error
java.lang.NullPointerException
	at com.org.core.CoreFunctions.click(CoreFunctions.java:396)
	at com.decorist.businessrules.BusinessFunctions.loginAsDesigner(BusinessFunctions.java:192)
	at com.decorist.designer.Designer_Login.nuRentalDigitalGmStoreGC(Designer_Login.java:19)
	at sun.reflect.NativeMethodAccessorImpl.invoke0(Native Method)
	at sun.reflect.NativeMethodAccessorImpl.invoke(NativeMethodAccessorImpl.java:62)
	at sun.reflect.DelegatingMethodAccessorImpl.invoke(DelegatingMethodAccessorImpl.java:43)
	at java.lang.reflect.Method.invoke(Method.java:498)
	at org.testng.internal.MethodInvocationHelper.invokeMethod(MethodInvocationHelper.java:124)
	at org.testng.internal.Invoker.invokeMethod(Invoker.java:580)
	at org.testng.internal.Invoker.invokeTestMethod(Invoker.java:716)
	at org.testng.internal.Invoker.invokeTestMethods(Invoker.java:988)
	at org.testng.internal.TestMethodWorker.invokeTestMethods(TestMethodWorker.java:125)
	at org.testng.internal.TestMethodWorker.run(TestMethodWorker.java:109)
	at org.testng.TestRunner.privateRun(TestRunner.java:648)
	at org.testng.TestRunner.run(TestRunner.java:505)
	at org.testng.SuiteRunner.runTest(SuiteRunner.java:455)
	at org.testng.SuiteRunner.runSequentially(SuiteRunner.java:450)
	at org.testng.SuiteRunner.privateRun(SuiteRunner.java:415)
	at org.testng.SuiteRunner.run(SuiteRunner.java:364)
	at org.testng.SuiteRunnerWorker.runSuite(SuiteRunnerWorker.java:52)
	at org.testng.SuiteRunnerWorker.run(SuiteRunnerWorker.java:84)
	at org.testng.TestNG.runSuitesSequentially(TestNG.java:1208)
	at org.testng.TestNG.runSuitesLocally(TestNG.java:1137)
	at org.testng.TestNG.runSuites(TestNG.java:1049)
	at org.testng.TestNG.run(TestNG.java:1017)
	at org.testng.remote.AbstractRemoteTestNG.run(AbstractRemoteTestNG.java:114)
	at org.testng.remote.RemoteTestNG.initAndRun(RemoteTestNG.java:251)
	at org.testng.remote.RemoteTestNG.main(RemoteTestNG.java:77)
2018-11-17 13:55:43 INFO  BusinessFunctions:93 - Method = Verify element is present and displaying
2018-11-17 13:55:43 INFO  BusinessFunctions:199 - error
java.lang.NullPointerException
	at com.org.core.CoreFunctions.isElementPresent(CoreFunctions.java:762)
	at com.decorist.businessrules.BusinessFunctions.loginAsDesigner(BusinessFunctions.java:193)
	at com.decorist.designer.Designer_Login.nuRentalDigitalGmStoreGC(Designer_Login.java:19)
	at sun.reflect.NativeMethodAccessorImpl.invoke0(Native Method)
	at sun.reflect.NativeMethodAccessorImpl.invoke(NativeMethodAccessorImpl.java:62)
	at sun.reflect.DelegatingMethodAccessorImpl.invoke(DelegatingMethodAccessorImpl.java:43)
	at java.lang.reflect.Method.invoke(Method.java:498)
	at org.testng.internal.MethodInvocationHelper.invokeMethod(MethodInvocationHelper.java:124)
	at org.testng.internal.Invoker.invokeMethod(Invoker.java:580)
	at org.testng.internal.Invoker.invokeTestMethod(Invoker.java:716)
	at org.testng.internal.Invoker.invokeTestMethods(Invoker.java:988)
	at org.testng.internal.TestMethodWorker.invokeTestMethods(TestMethodWorker.java:125)
	at org.testng.internal.TestMethodWorker.run(TestMethodWorker.java:109)
	at org.testng.TestRunner.privateRun(TestRunner.java:648)
	at org.testng.TestRunner.run(TestRunner.java:505)
	at org.testng.SuiteRunner.runTest(SuiteRunner.java:455)
	at org.testng.SuiteRunner.runSequentially(SuiteRunner.java:450)
	at org.testng.SuiteRunner.privateRun(SuiteRunner.java:415)
	at org.testng.SuiteRunner.run(SuiteRunner.java:364)
	at org.testng.SuiteRunnerWorker.runSuite(SuiteRunnerWorker.java:52)
	at org.testng.SuiteRunnerWorker.run(SuiteRunnerWorker.java:84)
	at org.testng.TestNG.runSuitesSequentially(TestNG.java:1208)
	at org.testng.TestNG.runSuitesLocally(TestNG.java:1137)
	at org.testng.TestNG.runSuites(TestNG.java:1049)
	at org.testng.TestNG.run(TestNG.java:1017)
	at org.testng.remote.AbstractRemoteTestNG.run(AbstractRemoteTestNG.java:114)
	at org.testng.remote.RemoteTestNG.initAndRun(RemoteTestNG.java:251)
	at org.testng.remote.RemoteTestNG.main(RemoteTestNG.java:77)
2018-11-17 13:55:44 INFO  CoreFunctions:257 - close
2018-11-17 13:55:44 INFO  BusinessFunctions:93 - Method = closeBrowser() = **Closing Browser*
2018-11-17 13:57:09 INFO  CoreFunctions:1235 - creating directory: 
2018-11-17 13:57:09 INFO  BusinessFunctions:93 - Method = Starting Browser chrome
2018-11-17 13:57:12 INFO  BusinessFunctions:93 - Method = Platform on which script is running : XP
2018-11-17 13:57:12 INFO  BusinessFunctions:93 - Method = Version of the chrome Browser is 70.0.3538.102
2018-11-17 13:57:12 INFO  BusinessFunctions:93 - Method = Browser cookies Successfully cleared
2018-11-17 13:57:12 INFO  BusinessFunctions:93 - Method = Browserchrome Successfully Invoked
2018-11-17 13:57:12 INFO  BusinessFunctions:93 - Method = Navigating to url https://www.idcqa.decorist.com/
2018-11-17 13:57:21 INFO  BusinessFunctions:93 - Method = Starting Browser chrome
2018-11-17 13:57:21 INFO  BusinessFunctions:93 - Method = Platform on which script is running : Windows 10
2018-11-17 13:57:21 INFO  BusinessFunctions:93 - Method = Version of the chrome Browser is 70.0.3538.102
2018-11-17 13:57:21 INFO  BusinessFunctions:93 - Method = Browserchrome Successfully Invoked
2018-11-17 13:57:21 INFO  BusinessFunctions:82 - Test Step = Step1 :Launch Decorist URL
2018-11-17 13:57:21 INFO  BusinessFunctions:82 - Test Step = Step2 :Login to the Application as Designer
2018-11-17 13:57:21 INFO  BusinessFunctions:200 - error
java.lang.IllegalMonitorStateException
	at java.lang.Object.wait(Native Method)
	at com.decorist.businessrules.BusinessFunctions.loginAsDesigner(BusinessFunctions.java:192)
	at com.decorist.designer.Designer_Login.nuRentalDigitalGmStoreGC(Designer_Login.java:19)
	at sun.reflect.NativeMethodAccessorImpl.invoke0(Native Method)
	at sun.reflect.NativeMethodAccessorImpl.invoke(NativeMethodAccessorImpl.java:62)
	at sun.reflect.DelegatingMethodAccessorImpl.invoke(DelegatingMethodAccessorImpl.java:43)
	at java.lang.reflect.Method.invoke(Method.java:498)
	at org.testng.internal.MethodInvocationHelper.invokeMethod(MethodInvocationHelper.java:124)
	at org.testng.internal.Invoker.invokeMethod(Invoker.java:580)
	at org.testng.internal.Invoker.invokeTestMethod(Invoker.java:716)
	at org.testng.internal.Invoker.invokeTestMethods(Invoker.java:988)
	at org.testng.internal.TestMethodWorker.invokeTestMethods(TestMethodWorker.java:125)
	at org.testng.internal.TestMethodWorker.run(TestMethodWorker.java:109)
	at org.testng.TestRunner.privateRun(TestRunner.java:648)
	at org.testng.TestRunner.run(TestRunner.java:505)
	at org.testng.SuiteRunner.runTest(SuiteRunner.java:455)
	at org.testng.SuiteRunner.runSequentially(SuiteRunner.java:450)
	at org.testng.SuiteRunner.privateRun(SuiteRunner.java:415)
	at org.testng.SuiteRunner.run(SuiteRunner.java:364)
	at org.testng.SuiteRunnerWorker.runSuite(SuiteRunnerWorker.java:52)
	at org.testng.SuiteRunnerWorker.run(SuiteRunnerWorker.java:84)
	at org.testng.TestNG.runSuitesSequentially(TestNG.java:1208)
	at org.testng.TestNG.runSuitesLocally(TestNG.java:1137)
	at org.testng.TestNG.runSuites(TestNG.java:1049)
	at org.testng.TestNG.run(TestNG.java:1017)
	at org.testng.remote.AbstractRemoteTestNG.run(AbstractRemoteTestNG.java:114)
	at org.testng.remote.RemoteTestNG.initAndRun(RemoteTestNG.java:251)
	at org.testng.remote.RemoteTestNG.main(RemoteTestNG.java:77)
2018-11-17 13:57:22 INFO  CoreFunctions:257 - close
2018-11-17 13:57:22 INFO  BusinessFunctions:93 - Method = closeBrowser() = **Closing Browser*
2018-11-17 13:58:13 INFO  CoreFunctions:1235 - creating directory: 
2018-11-17 13:58:13 INFO  BusinessFunctions:93 - Method = Starting Browser chrome
2018-11-17 13:58:17 INFO  BusinessFunctions:93 - Method = Platform on which script is running : XP
2018-11-17 13:58:17 INFO  BusinessFunctions:93 - Method = Version of the chrome Browser is 70.0.3538.102
2018-11-17 13:58:17 INFO  BusinessFunctions:93 - Method = Browser cookies Successfully cleared
2018-11-17 13:58:17 INFO  BusinessFunctions:93 - Method = Browserchrome Successfully Invoked
2018-11-17 13:58:17 INFO  BusinessFunctions:93 - Method = Navigating to url https://www.idcqa.decorist.com/
2018-11-17 13:58:26 INFO  BusinessFunctions:93 - Method = Starting Browser chrome
2018-11-17 13:58:26 INFO  BusinessFunctions:93 - Method = Platform on which script is running : Windows 10
2018-11-17 13:58:26 INFO  BusinessFunctions:93 - Method = Version of the chrome Browser is 70.0.3538.102
2018-11-17 13:58:26 INFO  BusinessFunctions:93 - Method = Browserchrome Successfully Invoked
2018-11-17 13:58:26 INFO  BusinessFunctions:82 - Test Step = Step1 :Launch Decorist URL
2018-11-17 13:58:26 INFO  BusinessFunctions:82 - Test Step = Step2 :Login to the Application as Designer
2018-11-17 13:58:29 INFO  BusinessFunctions:93 - Method = Verify that Home Page Login Button is clicked
2018-11-17 13:58:29 INFO  CoreFunctions:400 - error
java.lang.NullPointerException
	at com.org.core.CoreFunctions.click(CoreFunctions.java:396)
	at com.decorist.businessrules.BusinessFunctions.loginAsDesigner(BusinessFunctions.java:193)
	at com.decorist.designer.Designer_Login.nuRentalDigitalGmStoreGC(Designer_Login.java:19)
	at sun.reflect.NativeMethodAccessorImpl.invoke0(Native Method)
	at sun.reflect.NativeMethodAccessorImpl.invoke(NativeMethodAccessorImpl.java:62)
	at sun.reflect.DelegatingMethodAccessorImpl.invoke(DelegatingMethodAccessorImpl.java:43)
	at java.lang.reflect.Method.invoke(Method.java:498)
	at org.testng.internal.MethodInvocationHelper.invokeMethod(MethodInvocationHelper.java:124)
	at org.testng.internal.Invoker.invokeMethod(Invoker.java:580)
	at org.testng.internal.Invoker.invokeTestMethod(Invoker.java:716)
	at org.testng.internal.Invoker.invokeTestMethods(Invoker.java:988)
	at org.testng.internal.TestMethodWorker.invokeTestMethods(TestMethodWorker.java:125)
	at org.testng.internal.TestMethodWorker.run(TestMethodWorker.java:109)
	at org.testng.TestRunner.privateRun(TestRunner.java:648)
	at org.testng.TestRunner.run(TestRunner.java:505)
	at org.testng.SuiteRunner.runTest(SuiteRunner.java:455)
	at org.testng.SuiteRunner.runSequentially(SuiteRunner.java:450)
	at org.testng.SuiteRunner.privateRun(SuiteRunner.java:415)
	at org.testng.SuiteRunner.run(SuiteRunner.java:364)
	at org.testng.SuiteRunnerWorker.runSuite(SuiteRunnerWorker.java:52)
	at org.testng.SuiteRunnerWorker.run(SuiteRunnerWorker.java:84)
	at org.testng.TestNG.runSuitesSequentially(TestNG.java:1208)
	at org.testng.TestNG.runSuitesLocally(TestNG.java:1137)
	at org.testng.TestNG.runSuites(TestNG.java:1049)
	at org.testng.TestNG.run(TestNG.java:1017)
	at org.testng.remote.AbstractRemoteTestNG.run(AbstractRemoteTestNG.java:114)
	at org.testng.remote.RemoteTestNG.initAndRun(RemoteTestNG.java:251)
	at org.testng.remote.RemoteTestNG.main(RemoteTestNG.java:77)
2018-11-17 13:58:29 INFO  BusinessFunctions:93 - Method = Verify element is present and displaying
2018-11-17 13:58:29 INFO  BusinessFunctions:200 - error
java.lang.NullPointerException
	at com.org.core.CoreFunctions.isElementPresent(CoreFunctions.java:762)
	at com.decorist.businessrules.BusinessFunctions.loginAsDesigner(BusinessFunctions.java:194)
	at com.decorist.designer.Designer_Login.nuRentalDigitalGmStoreGC(Designer_Login.java:19)
	at sun.reflect.NativeMethodAccessorImpl.invoke0(Native Method)
	at sun.reflect.NativeMethodAccessorImpl.invoke(NativeMethodAccessorImpl.java:62)
	at sun.reflect.DelegatingMethodAccessorImpl.invoke(DelegatingMethodAccessorImpl.java:43)
	at java.lang.reflect.Method.invoke(Method.java:498)
	at org.testng.internal.MethodInvocationHelper.invokeMethod(MethodInvocationHelper.java:124)
	at org.testng.internal.Invoker.invokeMethod(Invoker.java:580)
	at org.testng.internal.Invoker.invokeTestMethod(Invoker.java:716)
	at org.testng.internal.Invoker.invokeTestMethods(Invoker.java:988)
	at org.testng.internal.TestMethodWorker.invokeTestMethods(TestMethodWorker.java:125)
	at org.testng.internal.TestMethodWorker.run(TestMethodWorker.java:109)
	at org.testng.TestRunner.privateRun(TestRunner.java:648)
	at org.testng.TestRunner.run(TestRunner.java:505)
	at org.testng.SuiteRunner.runTest(SuiteRunner.java:455)
	at org.testng.SuiteRunner.runSequentially(SuiteRunner.java:450)
	at org.testng.SuiteRunner.privateRun(SuiteRunner.java:415)
	at org.testng.SuiteRunner.run(SuiteRunner.java:364)
	at org.testng.SuiteRunnerWorker.runSuite(SuiteRunnerWorker.java:52)
	at org.testng.SuiteRunnerWorker.run(SuiteRunnerWorker.java:84)
	at org.testng.TestNG.runSuitesSequentially(TestNG.java:1208)
	at org.testng.TestNG.runSuitesLocally(TestNG.java:1137)
	at org.testng.TestNG.runSuites(TestNG.java:1049)
	at org.testng.TestNG.run(TestNG.java:1017)
	at org.testng.remote.AbstractRemoteTestNG.run(AbstractRemoteTestNG.java:114)
	at org.testng.remote.RemoteTestNG.initAndRun(RemoteTestNG.java:251)
	at org.testng.remote.RemoteTestNG.main(RemoteTestNG.java:77)
2018-11-17 13:58:30 INFO  CoreFunctions:257 - close
2018-11-17 13:58:30 INFO  BusinessFunctions:93 - Method = closeBrowser() = **Closing Browser*
2018-11-17 14:54:30 INFO  CoreFunctions:1235 - creating directory: 
2018-11-17 14:54:30 INFO  BusinessFunctions:93 - Method = Starting Browser chrome
2018-11-17 14:54:34 INFO  BusinessFunctions:93 - Method = Platform on which script is running : XP
2018-11-17 14:54:34 INFO  BusinessFunctions:93 - Method = Version of the chrome Browser is 70.0.3538.102
2018-11-17 14:54:34 INFO  BusinessFunctions:93 - Method = Browser cookies Successfully cleared
2018-11-17 14:54:34 INFO  BusinessFunctions:93 - Method = Browserchrome Successfully Invoked
2018-11-17 14:54:34 INFO  BusinessFunctions:93 - Method = Navigating to url https://www.idcqa.decorist.com/
2018-11-17 14:54:43 INFO  BusinessFunctions:93 - Method = Starting Browser chrome
2018-11-17 14:54:43 INFO  BusinessFunctions:93 - Method = Platform on which script is running : Windows 10
2018-11-17 14:54:43 INFO  BusinessFunctions:93 - Method = Version of the chrome Browser is 70.0.3538.102
2018-11-17 14:54:43 INFO  BusinessFunctions:93 - Method = Browserchrome Successfully Invoked
2018-11-17 14:54:43 INFO  BusinessFunctions:82 - Test Step = Step1 :Launch Decorist URL
2018-11-17 14:54:43 INFO  BusinessFunctions:82 - Test Step = Step2 :Login to the Application as Designer
2018-11-17 14:54:46 INFO  BusinessFunctions:93 - Method = Verify that Home Page Login Button is clicked
2018-11-17 14:54:46 INFO  CoreFunctions:400 - error
java.lang.NullPointerException
	at com.org.core.CoreFunctions.click(CoreFunctions.java:396)
	at com.decorist.businessrules.BusinessFunctions.loginAsDesigner(BusinessFunctions.java:193)
	at com.decorist.designer.Designer_Login.nuRentalDigitalGmStoreGC(Designer_Login.java:19)
	at sun.reflect.NativeMethodAccessorImpl.invoke0(Native Method)
	at sun.reflect.NativeMethodAccessorImpl.invoke(NativeMethodAccessorImpl.java:62)
	at sun.reflect.DelegatingMethodAccessorImpl.invoke(DelegatingMethodAccessorImpl.java:43)
	at java.lang.reflect.Method.invoke(Method.java:498)
	at org.testng.internal.MethodInvocationHelper.invokeMethod(MethodInvocationHelper.java:124)
	at org.testng.internal.Invoker.invokeMethod(Invoker.java:580)
	at org.testng.internal.Invoker.invokeTestMethod(Invoker.java:716)
	at org.testng.internal.Invoker.invokeTestMethods(Invoker.java:988)
	at org.testng.internal.TestMethodWorker.invokeTestMethods(TestMethodWorker.java:125)
	at org.testng.internal.TestMethodWorker.run(TestMethodWorker.java:109)
	at org.testng.TestRunner.privateRun(TestRunner.java:648)
	at org.testng.TestRunner.run(TestRunner.java:505)
	at org.testng.SuiteRunner.runTest(SuiteRunner.java:455)
	at org.testng.SuiteRunner.runSequentially(SuiteRunner.java:450)
	at org.testng.SuiteRunner.privateRun(SuiteRunner.java:415)
	at org.testng.SuiteRunner.run(SuiteRunner.java:364)
	at org.testng.SuiteRunnerWorker.runSuite(SuiteRunnerWorker.java:52)
	at org.testng.SuiteRunnerWorker.run(SuiteRunnerWorker.java:84)
	at org.testng.TestNG.runSuitesSequentially(TestNG.java:1208)
	at org.testng.TestNG.runSuitesLocally(TestNG.java:1137)
	at org.testng.TestNG.runSuites(TestNG.java:1049)
	at org.testng.TestNG.run(TestNG.java:1017)
	at org.testng.remote.AbstractRemoteTestNG.run(AbstractRemoteTestNG.java:114)
	at org.testng.remote.RemoteTestNG.initAndRun(RemoteTestNG.java:251)
	at org.testng.remote.RemoteTestNG.main(RemoteTestNG.java:77)
2018-11-17 14:54:46 INFO  BusinessFunctions:93 - Method = Verify element is present and displaying
2018-11-17 14:54:46 INFO  BusinessFunctions:200 - error
java.lang.NullPointerException
	at com.org.core.CoreFunctions.isElementPresent(CoreFunctions.java:762)
	at com.decorist.businessrules.BusinessFunctions.loginAsDesigner(BusinessFunctions.java:194)
	at com.decorist.designer.Designer_Login.nuRentalDigitalGmStoreGC(Designer_Login.java:19)
	at sun.reflect.NativeMethodAccessorImpl.invoke0(Native Method)
	at sun.reflect.NativeMethodAccessorImpl.invoke(NativeMethodAccessorImpl.java:62)
	at sun.reflect.DelegatingMethodAccessorImpl.invoke(DelegatingMethodAccessorImpl.java:43)
	at java.lang.reflect.Method.invoke(Method.java:498)
	at org.testng.internal.MethodInvocationHelper.invokeMethod(MethodInvocationHelper.java:124)
	at org.testng.internal.Invoker.invokeMethod(Invoker.java:580)
	at org.testng.internal.Invoker.invokeTestMethod(Invoker.java:716)
	at org.testng.internal.Invoker.invokeTestMethods(Invoker.java:988)
	at org.testng.internal.TestMethodWorker.invokeTestMethods(TestMethodWorker.java:125)
	at org.testng.internal.TestMethodWorker.run(TestMethodWorker.java:109)
	at org.testng.TestRunner.privateRun(TestRunner.java:648)
	at org.testng.TestRunner.run(TestRunner.java:505)
	at org.testng.SuiteRunner.runTest(SuiteRunner.java:455)
	at org.testng.SuiteRunner.runSequentially(SuiteRunner.java:450)
	at org.testng.SuiteRunner.privateRun(SuiteRunner.java:415)
	at org.testng.SuiteRunner.run(SuiteRunner.java:364)
	at org.testng.SuiteRunnerWorker.runSuite(SuiteRunnerWorker.java:52)
	at org.testng.SuiteRunnerWorker.run(SuiteRunnerWorker.java:84)
	at org.testng.TestNG.runSuitesSequentially(TestNG.java:1208)
	at org.testng.TestNG.runSuitesLocally(TestNG.java:1137)
	at org.testng.TestNG.runSuites(TestNG.java:1049)
	at org.testng.TestNG.run(TestNG.java:1017)
	at org.testng.remote.AbstractRemoteTestNG.run(AbstractRemoteTestNG.java:114)
	at org.testng.remote.RemoteTestNG.initAndRun(RemoteTestNG.java:251)
	at org.testng.remote.RemoteTestNG.main(RemoteTestNG.java:77)
2018-11-17 14:54:48 INFO  CoreFunctions:257 - close
2018-11-17 14:54:48 INFO  BusinessFunctions:93 - Method = closeBrowser() = **Closing Browser*
2018-11-17 14:55:49 INFO  CoreFunctions:1235 - creating directory: 
2018-11-17 14:55:49 INFO  BusinessFunctions:93 - Method = Starting Browser chrome
2018-11-17 14:55:53 INFO  BusinessFunctions:93 - Method = Platform on which script is running : XP
2018-11-17 14:55:53 INFO  BusinessFunctions:93 - Method = Version of the chrome Browser is 70.0.3538.102
2018-11-17 14:55:53 INFO  BusinessFunctions:93 - Method = Browser cookies Successfully cleared
2018-11-17 14:55:53 INFO  BusinessFunctions:93 - Method = Browserchrome Successfully Invoked
2018-11-17 14:55:53 INFO  BusinessFunctions:93 - Method = Navigating to url https://www.idcqa.decorist.com/
2018-11-17 14:56:02 INFO  BusinessFunctions:93 - Method = Starting Browser chrome
2018-11-17 14:56:02 INFO  BusinessFunctions:93 - Method = Platform on which script is running : Windows 10
2018-11-17 14:56:02 INFO  BusinessFunctions:93 - Method = Version of the chrome Browser is 70.0.3538.102
2018-11-17 14:56:02 INFO  BusinessFunctions:93 - Method = Browserchrome Successfully Invoked
2018-11-17 14:56:02 INFO  BusinessFunctions:82 - Test Step = Step1 :Launch Decorist URL
2018-11-17 14:56:02 INFO  BusinessFunctions:82 - Test Step = Step2 :Login to the Application as Designer
2018-11-17 14:56:08 INFO  BusinessFunctions:93 - Method = Verify that Home Page Login Button is clicked
2018-11-17 14:56:08 INFO  CoreFunctions:400 - error
java.lang.NullPointerException
	at com.org.core.CoreFunctions.click(CoreFunctions.java:396)
	at com.decorist.businessrules.BusinessFunctions.loginAsDesigner(BusinessFunctions.java:193)
	at com.decorist.designer.Designer_Login.nuRentalDigitalGmStoreGC(Designer_Login.java:19)
	at sun.reflect.NativeMethodAccessorImpl.invoke0(Native Method)
	at sun.reflect.NativeMethodAccessorImpl.invoke(NativeMethodAccessorImpl.java:62)
	at sun.reflect.DelegatingMethodAccessorImpl.invoke(DelegatingMethodAccessorImpl.java:43)
	at java.lang.reflect.Method.invoke(Method.java:498)
	at org.testng.internal.MethodInvocationHelper.invokeMethod(MethodInvocationHelper.java:124)
	at org.testng.internal.Invoker.invokeMethod(Invoker.java:580)
	at org.testng.internal.Invoker.invokeTestMethod(Invoker.java:716)
	at org.testng.internal.Invoker.invokeTestMethods(Invoker.java:988)
	at org.testng.internal.TestMethodWorker.invokeTestMethods(TestMethodWorker.java:125)
	at org.testng.internal.TestMethodWorker.run(TestMethodWorker.java:109)
	at org.testng.TestRunner.privateRun(TestRunner.java:648)
	at org.testng.TestRunner.run(TestRunner.java:505)
	at org.testng.SuiteRunner.runTest(SuiteRunner.java:455)
	at org.testng.SuiteRunner.runSequentially(SuiteRunner.java:450)
	at org.testng.SuiteRunner.privateRun(SuiteRunner.java:415)
	at org.testng.SuiteRunner.run(SuiteRunner.java:364)
	at org.testng.SuiteRunnerWorker.runSuite(SuiteRunnerWorker.java:52)
	at org.testng.SuiteRunnerWorker.run(SuiteRunnerWorker.java:84)
	at org.testng.TestNG.runSuitesSequentially(TestNG.java:1208)
	at org.testng.TestNG.runSuitesLocally(TestNG.java:1137)
	at org.testng.TestNG.runSuites(TestNG.java:1049)
	at org.testng.TestNG.run(TestNG.java:1017)
	at org.testng.remote.AbstractRemoteTestNG.run(AbstractRemoteTestNG.java:114)
	at org.testng.remote.RemoteTestNG.initAndRun(RemoteTestNG.java:251)
	at org.testng.remote.RemoteTestNG.main(RemoteTestNG.java:77)
2018-11-17 14:56:14 INFO  BusinessFunctions:93 - Method = Verify element is present and displaying
2018-11-17 14:56:14 INFO  BusinessFunctions:201 - error
java.lang.NullPointerException
	at com.org.core.CoreFunctions.isElementPresent(CoreFunctions.java:762)
	at com.decorist.businessrules.BusinessFunctions.loginAsDesigner(BusinessFunctions.java:195)
	at com.decorist.designer.Designer_Login.nuRentalDigitalGmStoreGC(Designer_Login.java:19)
	at sun.reflect.NativeMethodAccessorImpl.invoke0(Native Method)
	at sun.reflect.NativeMethodAccessorImpl.invoke(NativeMethodAccessorImpl.java:62)
	at sun.reflect.DelegatingMethodAccessorImpl.invoke(DelegatingMethodAccessorImpl.java:43)
	at java.lang.reflect.Method.invoke(Method.java:498)
	at org.testng.internal.MethodInvocationHelper.invokeMethod(MethodInvocationHelper.java:124)
	at org.testng.internal.Invoker.invokeMethod(Invoker.java:580)
	at org.testng.internal.Invoker.invokeTestMethod(Invoker.java:716)
	at org.testng.internal.Invoker.invokeTestMethods(Invoker.java:988)
	at org.testng.internal.TestMethodWorker.invokeTestMethods(TestMethodWorker.java:125)
	at org.testng.internal.TestMethodWorker.run(TestMethodWorker.java:109)
	at org.testng.TestRunner.privateRun(TestRunner.java:648)
	at org.testng.TestRunner.run(TestRunner.java:505)
	at org.testng.SuiteRunner.runTest(SuiteRunner.java:455)
	at org.testng.SuiteRunner.runSequentially(SuiteRunner.java:450)
	at org.testng.SuiteRunner.privateRun(SuiteRunner.java:415)
	at org.testng.SuiteRunner.run(SuiteRunner.java:364)
	at org.testng.SuiteRunnerWorker.runSuite(SuiteRunnerWorker.java:52)
	at org.testng.SuiteRunnerWorker.run(SuiteRunnerWorker.java:84)
	at org.testng.TestNG.runSuitesSequentially(TestNG.java:1208)
	at org.testng.TestNG.runSuitesLocally(TestNG.java:1137)
	at org.testng.TestNG.runSuites(TestNG.java:1049)
	at org.testng.TestNG.run(TestNG.java:1017)
	at org.testng.remote.AbstractRemoteTestNG.run(AbstractRemoteTestNG.java:114)
	at org.testng.remote.RemoteTestNG.initAndRun(RemoteTestNG.java:251)
	at org.testng.remote.RemoteTestNG.main(RemoteTestNG.java:77)
2018-11-17 14:56:15 INFO  CoreFunctions:257 - close
2018-11-17 14:56:15 INFO  BusinessFunctions:93 - Method = closeBrowser() = **Closing Browser*
2018-11-17 14:59:01 INFO  CoreFunctions:1235 - creating directory: 
2018-11-17 14:59:01 INFO  BusinessFunctions:93 - Method = Starting Browser chrome
2018-11-17 14:59:04 INFO  BusinessFunctions:93 - Method = Platform on which script is running : XP
2018-11-17 14:59:04 INFO  BusinessFunctions:93 - Method = Version of the chrome Browser is 70.0.3538.102
2018-11-17 14:59:04 INFO  BusinessFunctions:93 - Method = Browser cookies Successfully cleared
2018-11-17 14:59:04 INFO  BusinessFunctions:93 - Method = Browserchrome Successfully Invoked
2018-11-17 14:59:04 INFO  BusinessFunctions:93 - Method = Navigating to url https://www.idcqa.decorist.com/
2018-11-17 15:00:27 INFO  BusinessFunctions:93 - Method = Starting Browser chrome
2018-11-17 15:00:27 INFO  BusinessFunctions:93 - Method = Platform on which script is running : Windows 10
2018-11-17 15:00:27 INFO  BusinessFunctions:93 - Method = Version of the chrome Browser is 70.0.3538.102
2018-11-17 15:00:27 INFO  BusinessFunctions:93 - Method = Browserchrome Successfully Invoked
2018-11-17 15:00:37 INFO  BusinessFunctions:82 - Test Step = Step1 :Launch Decorist URL
2018-11-17 15:00:40 INFO  BusinessFunctions:82 - Test Step = Step2 :Login to the Application as Designer
2018-11-17 15:01:38 INFO  BusinessFunctions:93 - Method = Verify that Home Page Login Button is clicked
2018-11-17 15:03:02 INFO  CoreFunctions:400 - error
java.lang.NullPointerException
	at com.org.core.CoreFunctions.click(CoreFunctions.java:396)
	at com.decorist.businessrules.BusinessFunctions.loginAsDesigner(BusinessFunctions.java:193)
	at com.decorist.designer.Designer_Login.nuRentalDigitalGmStoreGC(Designer_Login.java:19)
	at sun.reflect.NativeMethodAccessorImpl.invoke0(Native Method)
	at sun.reflect.NativeMethodAccessorImpl.invoke(NativeMethodAccessorImpl.java:62)
	at sun.reflect.DelegatingMethodAccessorImpl.invoke(DelegatingMethodAccessorImpl.java:43)
	at java.lang.reflect.Method.invoke(Method.java:498)
	at org.testng.internal.MethodInvocationHelper.invokeMethod(MethodInvocationHelper.java:124)
	at org.testng.internal.Invoker.invokeMethod(Invoker.java:580)
	at org.testng.internal.Invoker.invokeTestMethod(Invoker.java:716)
	at org.testng.internal.Invoker.invokeTestMethods(Invoker.java:988)
	at org.testng.internal.TestMethodWorker.invokeTestMethods(TestMethodWorker.java:125)
	at org.testng.internal.TestMethodWorker.run(TestMethodWorker.java:109)
	at org.testng.TestRunner.privateRun(TestRunner.java:648)
	at org.testng.TestRunner.run(TestRunner.java:505)
	at org.testng.SuiteRunner.runTest(SuiteRunner.java:455)
	at org.testng.SuiteRunner.runSequentially(SuiteRunner.java:450)
	at org.testng.SuiteRunner.privateRun(SuiteRunner.java:415)
	at org.testng.SuiteRunner.run(SuiteRunner.java:364)
	at org.testng.SuiteRunnerWorker.runSuite(SuiteRunnerWorker.java:52)
	at org.testng.SuiteRunnerWorker.run(SuiteRunnerWorker.java:84)
	at org.testng.TestNG.runSuitesSequentially(TestNG.java:1208)
	at org.testng.TestNG.runSuitesLocally(TestNG.java:1137)
	at org.testng.TestNG.runSuites(TestNG.java:1049)
	at org.testng.TestNG.run(TestNG.java:1017)
	at org.testng.remote.AbstractRemoteTestNG.run(AbstractRemoteTestNG.java:114)
	at org.testng.remote.RemoteTestNG.initAndRun(RemoteTestNG.java:251)
	at org.testng.remote.RemoteTestNG.main(RemoteTestNG.java:77)
2018-11-17 15:03:18 INFO  BusinessFunctions:93 - Method = Verify element is present and displaying
2018-11-17 15:03:18 INFO  BusinessFunctions:201 - error
java.lang.NullPointerException
	at com.org.core.CoreFunctions.isElementPresent(CoreFunctions.java:762)
	at com.decorist.businessrules.BusinessFunctions.loginAsDesigner(BusinessFunctions.java:195)
	at com.decorist.designer.Designer_Login.nuRentalDigitalGmStoreGC(Designer_Login.java:19)
	at sun.reflect.NativeMethodAccessorImpl.invoke0(Native Method)
	at sun.reflect.NativeMethodAccessorImpl.invoke(NativeMethodAccessorImpl.java:62)
	at sun.reflect.DelegatingMethodAccessorImpl.invoke(DelegatingMethodAccessorImpl.java:43)
	at java.lang.reflect.Method.invoke(Method.java:498)
	at org.testng.internal.MethodInvocationHelper.invokeMethod(MethodInvocationHelper.java:124)
	at org.testng.internal.Invoker.invokeMethod(Invoker.java:580)
	at org.testng.internal.Invoker.invokeTestMethod(Invoker.java:716)
	at org.testng.internal.Invoker.invokeTestMethods(Invoker.java:988)
	at org.testng.internal.TestMethodWorker.invokeTestMethods(TestMethodWorker.java:125)
	at org.testng.internal.TestMethodWorker.run(TestMethodWorker.java:109)
	at org.testng.TestRunner.privateRun(TestRunner.java:648)
	at org.testng.TestRunner.run(TestRunner.java:505)
	at org.testng.SuiteRunner.runTest(SuiteRunner.java:455)
	at org.testng.SuiteRunner.runSequentially(SuiteRunner.java:450)
	at org.testng.SuiteRunner.privateRun(SuiteRunner.java:415)
	at org.testng.SuiteRunner.run(SuiteRunner.java:364)
	at org.testng.SuiteRunnerWorker.runSuite(SuiteRunnerWorker.java:52)
	at org.testng.SuiteRunnerWorker.run(SuiteRunnerWorker.java:84)
	at org.testng.TestNG.runSuitesSequentially(TestNG.java:1208)
	at org.testng.TestNG.runSuitesLocally(TestNG.java:1137)
	at org.testng.TestNG.runSuites(TestNG.java:1049)
	at org.testng.TestNG.run(TestNG.java:1017)
	at org.testng.remote.AbstractRemoteTestNG.run(AbstractRemoteTestNG.java:114)
	at org.testng.remote.RemoteTestNG.initAndRun(RemoteTestNG.java:251)
	at org.testng.remote.RemoteTestNG.main(RemoteTestNG.java:77)
2018-11-17 15:11:08 INFO  CoreFunctions:1235 - creating directory: 
2018-11-17 15:11:08 INFO  BusinessFunctions:93 - Method = Starting Browser chrome
2018-11-17 15:11:12 INFO  BusinessFunctions:93 - Method = Platform on which script is running : XP
2018-11-17 15:11:12 INFO  BusinessFunctions:93 - Method = Version of the chrome Browser is 70.0.3538.102
2018-11-17 15:11:12 INFO  BusinessFunctions:93 - Method = Browser cookies Successfully cleared
2018-11-17 15:11:12 INFO  BusinessFunctions:93 - Method = Browserchrome Successfully Invoked
2018-11-17 15:11:12 INFO  BusinessFunctions:93 - Method = Navigating to url https://www.idcqa.decorist.com/
2018-11-17 15:11:23 INFO  BusinessFunctions:93 - Method = Starting Browser chrome
2018-11-17 15:11:23 INFO  BusinessFunctions:93 - Method = Platform on which script is running : Windows 10
2018-11-17 15:11:23 INFO  BusinessFunctions:93 - Method = Version of the chrome Browser is 70.0.3538.102
2018-11-17 15:11:23 INFO  BusinessFunctions:93 - Method = Browserchrome Successfully Invoked
2018-11-17 15:11:23 INFO  BusinessFunctions:82 - Test Step = Step1 :Launch Decorist URL
2018-11-17 15:11:23 INFO  BusinessFunctions:82 - Test Step = Step2 :Login to the Application as Designer
2018-11-17 15:11:29 INFO  BusinessFunctions:93 - Method = Verify that Home Page Login Button is clicked
2018-11-17 15:11:36 INFO  BusinessFunctions:93 - Method = Verify element is present and displaying
2018-11-17 15:11:37 INFO  BusinessFunctions:93 - Method = Verify text box - 'user-email' is cleared and enter value
2018-11-17 15:11:37 INFO  BusinessFunctions:104 - ----Verify clear text box value----
2018-11-17 15:11:37 INFO  BusinessFunctions:104 - ----Verified text box value is cleared ----
2018-11-17 15:11:39 INFO  BusinessFunctions:93 - Method = Verify text box - 'user-password' is cleared and enter value
2018-11-17 15:11:39 INFO  BusinessFunctions:104 - ----Verify clear text box value----
2018-11-17 15:11:39 INFO  BusinessFunctions:104 - ----Verified text box value is cleared ----
2018-11-17 15:11:40 INFO  BusinessFunctions:93 - Method = Verify that Login Button is clicked
2018-11-17 15:11:43 INFO  CoreFunctions:257 - close
2018-11-17 15:11:43 INFO  BusinessFunctions:93 - Method = closeBrowser() = **Closing Browser*
2018-11-17 15:12:51 INFO  CoreFunctions:1235 - creating directory: 
2018-11-17 15:12:51 INFO  BusinessFunctions:93 - Method = Starting Browser chrome
2018-11-17 15:12:55 INFO  BusinessFunctions:93 - Method = Platform on which script is running : XP
2018-11-17 15:12:55 INFO  BusinessFunctions:93 - Method = Version of the chrome Browser is 70.0.3538.102
2018-11-17 15:12:55 INFO  BusinessFunctions:93 - Method = Browser cookies Successfully cleared
2018-11-17 15:12:55 INFO  BusinessFunctions:93 - Method = Browserchrome Successfully Invoked
2018-11-17 15:12:55 INFO  BusinessFunctions:93 - Method = Navigating to url https://www.idcqa.decorist.com/
2018-11-17 15:13:08 INFO  BusinessFunctions:93 - Method = Starting Browser chrome
2018-11-17 15:13:08 INFO  BusinessFunctions:93 - Method = Platform on which script is running : Windows 10
2018-11-17 15:13:08 INFO  BusinessFunctions:93 - Method = Version of the chrome Browser is 70.0.3538.102
2018-11-17 15:13:08 INFO  BusinessFunctions:93 - Method = Browserchrome Successfully Invoked
2018-11-17 15:13:08 INFO  BusinessFunctions:82 - Test Step = Step1 :Launch Decorist URL
2018-11-17 15:13:08 INFO  BusinessFunctions:82 - Test Step = Step2 :Login to the Application as Designer
2018-11-17 15:13:08 INFO  BusinessFunctions:93 - Method = Verify Wait for Home Page Login Button element to be clickable
2018-11-17 15:13:09 INFO  BusinessFunctions:93 - Method = Verify that Home Page Login Button is clicked
2018-11-17 15:13:11 INFO  BusinessFunctions:93 - Method = Verify element is present and displaying
2018-11-17 15:13:12 INFO  BusinessFunctions:93 - Method = Verify text box - 'user-email' is cleared and enter value
2018-11-17 15:13:12 INFO  BusinessFunctions:104 - ----Verify clear text box value----
2018-11-17 15:13:12 INFO  BusinessFunctions:104 - ----Verified text box value is cleared ----
2018-11-17 15:13:13 INFO  BusinessFunctions:93 - Method = Verify text box - 'user-password' is cleared and enter value
2018-11-17 15:13:13 INFO  BusinessFunctions:104 - ----Verify clear text box value----
2018-11-17 15:13:13 INFO  BusinessFunctions:104 - ----Verified text box value is cleared ----
2018-11-17 15:13:14 INFO  BusinessFunctions:93 - Method = Verify that Login Button is clicked
2018-11-17 15:13:20 INFO  CoreFunctions:257 - close
2018-11-17 15:13:20 INFO  BusinessFunctions:93 - Method = closeBrowser() = **Closing Browser*
2018-11-17 15:20:41 INFO  CoreFunctions:1235 - creating directory: 
2018-11-17 15:20:41 INFO  BusinessFunctions:93 - Method = Starting Browser chrome
2018-11-17 15:20:44 INFO  BusinessFunctions:93 - Method = Platform on which script is running : XP
2018-11-17 15:20:44 INFO  BusinessFunctions:93 - Method = Version of the chrome Browser is 70.0.3538.102
2018-11-17 15:20:44 INFO  BusinessFunctions:93 - Method = Browser cookies Successfully cleared
2018-11-17 15:20:44 INFO  BusinessFunctions:93 - Method = Browserchrome Successfully Invoked
2018-11-17 15:20:44 INFO  BusinessFunctions:93 - Method = Navigating to url https://www.idcqa.decorist.com/
2018-11-17 15:20:55 INFO  BusinessFunctions:93 - Method = Starting Browser chrome
2018-11-17 15:20:55 INFO  BusinessFunctions:93 - Method = Platform on which script is running : Windows 10
2018-11-17 15:20:55 INFO  BusinessFunctions:93 - Method = Version of the chrome Browser is 70.0.3538.102
2018-11-17 15:20:55 INFO  BusinessFunctions:93 - Method = Browserchrome Successfully Invoked
2018-11-17 15:20:55 INFO  BusinessFunctions:82 - Test Step = Step1 :Launch Decorist URL
2018-11-17 15:20:55 INFO  BusinessFunctions:82 - Test Step = Step2 :Login to the Application as Designer
2018-11-17 15:20:55 INFO  BusinessFunctions:93 - Method = Verify Wait for Home Page Login Button element to be clickable
2018-11-17 15:20:57 INFO  BusinessFunctions:93 - Method = Verify that Home Page Login Button is clicked
2018-11-17 15:20:58 INFO  BusinessFunctions:93 - Method = Verify element is present and displaying
2018-11-17 15:20:59 INFO  BusinessFunctions:93 - Method = Verify text box - 'user-email' is cleared and enter value
2018-11-17 15:20:59 INFO  BusinessFunctions:104 - ----Verify clear text box value----
2018-11-17 15:20:59 INFO  BusinessFunctions:104 - ----Verified text box value is cleared ----
2018-11-17 15:21:00 INFO  BusinessFunctions:93 - Method = Verify text box - 'user-password' is cleared and enter value
2018-11-17 15:21:00 INFO  BusinessFunctions:104 - ----Verify clear text box value----
2018-11-17 15:21:00 INFO  BusinessFunctions:104 - ----Verified text box value is cleared ----
2018-11-17 15:21:01 INFO  BusinessFunctions:93 - Method = Verify that Login Button is clicked
2018-11-17 15:21:08 INFO  CoreFunctions:257 - close
2018-11-17 15:21:08 INFO  BusinessFunctions:93 - Method = closeBrowser() = **Closing Browser*
2018-11-22 15:29:29 INFO  CoreFunctions:1235 - creating directory: 
2018-11-22 15:29:29 INFO  BusinessFunctions:93 - Method = Starting Browser chrome
2018-11-22 15:29:33 INFO  BusinessFunctions:93 - Method = Platform on which script is running : XP
2018-11-22 15:29:33 INFO  BusinessFunctions:93 - Method = Version of the chrome Browser is 70.0.3538.102
2018-11-22 15:29:33 INFO  BusinessFunctions:93 - Method = Browser cookies Successfully cleared
2018-11-22 15:29:33 INFO  BusinessFunctions:93 - Method = Browserchrome Successfully Invoked
2018-11-22 15:29:33 INFO  BusinessFunctions:93 - Method = Navigating to url https://www.idcqa.decorist.com/
2018-11-22 15:29:45 INFO  BusinessFunctions:93 - Method = Starting Browser chrome
2018-11-22 15:29:45 INFO  BusinessFunctions:93 - Method = Platform on which script is running : Windows 10
2018-11-22 15:29:45 INFO  BusinessFunctions:93 - Method = Version of the chrome Browser is 70.0.3538.102
2018-11-22 15:29:45 INFO  BusinessFunctions:93 - Method = Browserchrome Successfully Invoked
2018-11-22 15:29:45 INFO  BusinessFunctions:82 - Test Step = Step1 :Launch Decorist URL
2018-11-22 15:29:45 INFO  BusinessFunctions:82 - Test Step = Step2 :Login to the Application as Designer
2018-11-22 15:29:45 INFO  BusinessFunctions:93 - Method = Verify Wait for Home Page Login Button element to be clickable
2018-11-22 15:29:47 INFO  BusinessFunctions:93 - Method = Verify that Home Page Login Button is clicked
2018-11-22 15:29:48 INFO  BusinessFunctions:93 - Method = Verify element is present and displaying
2018-11-22 15:29:49 INFO  BusinessFunctions:93 - Method = Verify text box - 'user-email' is cleared and enter value
2018-11-22 15:29:49 INFO  BusinessFunctions:104 - ----Verify clear text box value----
2018-11-22 15:29:49 INFO  BusinessFunctions:104 - ----Verified text box value is cleared ----
2018-11-22 15:29:50 INFO  BusinessFunctions:93 - Method = Verify text box - 'user-password' is cleared and enter value
2018-11-22 15:29:50 INFO  BusinessFunctions:104 - ----Verify clear text box value----
2018-11-22 15:29:50 INFO  BusinessFunctions:104 - ----Verified text box value is cleared ----
2018-11-22 15:29:52 INFO  BusinessFunctions:93 - Method = Verify that Login Button is clicked
2018-11-22 15:29:58 INFO  CoreFunctions:257 - close
2018-11-22 15:29:58 INFO  BusinessFunctions:93 - Method = closeBrowser() = **Closing Browser*
2018-11-22 15:30:28 INFO  CoreFunctions:1235 - creating directory: 
2018-11-22 15:30:28 INFO  BusinessFunctions:93 - Method = Starting Browser chrome
2018-11-22 15:30:32 INFO  BusinessFunctions:93 - Method = Platform on which script is running : XP
2018-11-22 15:30:32 INFO  BusinessFunctions:93 - Method = Version of the chrome Browser is 70.0.3538.102
2018-11-22 15:30:32 INFO  BusinessFunctions:93 - Method = Browser cookies Successfully cleared
2018-11-22 15:30:32 INFO  BusinessFunctions:93 - Method = Browserchrome Successfully Invoked
2018-11-22 15:30:32 INFO  BusinessFunctions:93 - Method = Navigating to url https://www.idcqa.decorist.com/
2018-11-22 15:30:41 INFO  BusinessFunctions:93 - Method = Starting Browser chrome
2018-11-22 15:30:41 INFO  BusinessFunctions:93 - Method = Platform on which script is running : Windows 10
2018-11-22 15:30:41 INFO  BusinessFunctions:93 - Method = Version of the chrome Browser is 70.0.3538.102
2018-11-22 15:30:41 INFO  BusinessFunctions:93 - Method = Browserchrome Successfully Invoked
2018-11-22 15:30:41 INFO  BusinessFunctions:82 - Test Step = Step1 :Launch Decorist URL
2018-11-22 15:30:41 INFO  BusinessFunctions:82 - Test Step = Step2 :Login to the Application as Designer
2018-11-22 15:30:41 INFO  BusinessFunctions:93 - Method = Verify Wait for Home Page Login Button element to be clickable
2018-11-22 15:30:43 INFO  BusinessFunctions:93 - Method = Verify that Home Page Login Button is clicked
2018-11-22 15:30:44 INFO  BusinessFunctions:93 - Method = Verify element is present and displaying
2018-11-22 15:30:45 INFO  BusinessFunctions:93 - Method = Verify text box - 'user-email' is cleared and enter value
2018-11-22 15:30:45 INFO  BusinessFunctions:104 - ----Verify clear text box value----
2018-11-22 15:30:45 INFO  BusinessFunctions:104 - ----Verified text box value is cleared ----
2018-11-22 15:30:47 INFO  BusinessFunctions:93 - Method = Verify text box - 'user-password' is cleared and enter value
2018-11-22 15:30:47 INFO  BusinessFunctions:104 - ----Verify clear text box value----
2018-11-22 15:30:47 INFO  BusinessFunctions:104 - ----Verified text box value is cleared ----
2018-11-22 15:30:48 INFO  BusinessFunctions:93 - Method = Verify that Login Button is clicked
2018-11-22 15:30:52 INFO  CoreFunctions:257 - close
2018-11-22 15:30:52 INFO  BusinessFunctions:93 - Method = closeBrowser() = **Closing Browser*
2018-11-28 11:23:26 INFO  CoreFunctions:1235 - creating directory: 
2018-11-28 11:23:26 INFO  BusinessFunctions:93 - Method = Starting Browser chrome
2018-11-28 11:23:31 INFO  BusinessFunctions:93 - Method = Platform on which script is running : XP
2018-11-28 11:23:31 INFO  BusinessFunctions:93 - Method = Version of the chrome Browser is 70.0.3538.102
2018-11-28 11:23:31 INFO  BusinessFunctions:93 - Method = Browser cookies Successfully cleared
2018-11-28 11:23:31 INFO  BusinessFunctions:93 - Method = Browserchrome Successfully Invoked
2018-11-28 11:23:31 INFO  BusinessFunctions:93 - Method = Navigating to url https://www.idcqa.decorist.com/
2018-11-28 11:23:42 INFO  BusinessFunctions:93 - Method = Starting Browser chrome
2018-11-28 11:23:42 INFO  BusinessFunctions:93 - Method = Platform on which script is running : Windows 10
2018-11-28 11:23:42 INFO  BusinessFunctions:93 - Method = Version of the chrome Browser is 70.0.3538.102
2018-11-28 11:23:42 INFO  BusinessFunctions:93 - Method = Browserchrome Successfully Invoked
2018-11-28 11:23:42 INFO  BusinessFunctions:82 - Test Step = Step1 :Launch Decorist URL
2018-11-28 11:23:42 INFO  BusinessFunctions:82 - Test Step = Step2 :Login to the Application as Designer
2018-11-28 11:23:42 INFO  BusinessFunctions:93 - Method = Verify Wait for Home Page Login Button element to be clickable
2018-11-28 11:23:43 INFO  BusinessFunctions:93 - Method = Verify that Home Page Login Button is clicked
2018-11-28 11:23:45 INFO  BusinessFunctions:93 - Method = Verify element is present and displaying
2018-11-28 11:23:46 INFO  BusinessFunctions:93 - Method = Verify text box - 'user-email' is cleared and enter value
2018-11-28 11:23:46 INFO  BusinessFunctions:104 - ----Verify clear text box value----
2018-11-28 11:23:46 INFO  BusinessFunctions:104 - ----Verified text box value is cleared ----
2018-11-28 11:23:47 INFO  BusinessFunctions:93 - Method = Verify text box - 'user-password' is cleared and enter value
2018-11-28 11:23:47 INFO  BusinessFunctions:104 - ----Verify clear text box value----
2018-11-28 11:23:47 INFO  BusinessFunctions:104 - ----Verified text box value is cleared ----
2018-11-28 11:23:49 INFO  BusinessFunctions:93 - Method = Verify that Login Button is clicked
2018-11-28 11:23:53 INFO  CoreFunctions:257 - close
2018-11-28 11:23:53 INFO  BusinessFunctions:93 - Method = closeBrowser() = **Closing Browser*
